Determining if compiler supports C++ filesystem failed with the following output:
Change Dir: /home/nineis/ws/gpt-frontend/tvm/temp/cmake-3.24.1/CMakeFiles/CMakeTmp

Run Build Command(s):/usr/bin/make -f Makefile cmTC_7bf40/fast && make  -f CMakeFiles/cmTC_7bf40.dir/build.make CMakeFiles/cmTC_7bf40.dir/build
make[1]: Entering directory '/home/nineis/ws/gpt-frontend/tvm/temp/cmake-3.24.1/CMakeFiles/CMakeTmp'
Building CXX object CMakeFiles/cmTC_7bf40.dir/cm_cxx_filesystem.cxx.o
/usr/bin/g++   -std=gnu++1z -o CMakeFiles/cmTC_7bf40.dir/cm_cxx_filesystem.cxx.o -c /home/nineis/ws/gpt-frontend/tvm/temp/cmake-3.24.1/Source/Checks/cm_cxx_filesystem.cxx
/home/nineis/ws/gpt-frontend/tvm/temp/cmake-3.24.1/Source/Checks/cm_cxx_filesystem.cxx:2:10: fatal error: filesystem: No such file or directory
 #include <filesystem>
          ^~~~~~~~~~~~
compilation terminated.
CMakeFiles/cmTC_7bf40.dir/build.make:77: recipe for target 'CMakeFiles/cmTC_7bf40.dir/cm_cxx_filesystem.cxx.o' failed
make[1]: *** [CMakeFiles/cmTC_7bf40.dir/cm_cxx_filesystem.cxx.o] Error 1
make[1]: Leaving directory '/home/nineis/ws/gpt-frontend/tvm/temp/cmake-3.24.1/CMakeFiles/CMakeTmp'
Makefile:127: recipe for target 'cmTC_7bf40/fast' failed
make: *** [cmTC_7bf40/fast] Error 2



Determining if the environ exist failed with the following output:
Change Dir: /home/nineis/ws/gpt-frontend/tvm/temp/cmake-3.24.1/CMakeFiles/CMakeTmp

Run Build Command(s):/usr/bin/make -f Makefile cmTC_59cac/fast && make  -f CMakeFiles/cmTC_59cac.dir/build.make CMakeFiles/cmTC_59cac.dir/build
make[1]: Entering directory '/home/nineis/ws/gpt-frontend/tvm/temp/cmake-3.24.1/CMakeFiles/CMakeTmp'
Building C object CMakeFiles/cmTC_59cac.dir/CheckSymbolExists.c.o
/usr/bin/gcc    -o CMakeFiles/cmTC_59cac.dir/CheckSymbolExists.c.o -c /home/nineis/ws/gpt-frontend/tvm/temp/cmake-3.24.1/CMakeFiles/CMakeTmp/CheckSymbolExists.c
/home/nineis/ws/gpt-frontend/tvm/temp/cmake-3.24.1/CMakeFiles/CMakeTmp/CheckSymbolExists.c: In function 'main':
/home/nineis/ws/gpt-frontend/tvm/temp/cmake-3.24.1/CMakeFiles/CMakeTmp/CheckSymbolExists.c:8:19: error: 'environ' undeclared (first use in this function)
   return ((int*)(&environ))[argc];
                   ^~~~~~~
/home/nineis/ws/gpt-frontend/tvm/temp/cmake-3.24.1/CMakeFiles/CMakeTmp/CheckSymbolExists.c:8:19: note: each undeclared identifier is reported only once for each function it appears in
CMakeFiles/cmTC_59cac.dir/build.make:77: recipe for target 'CMakeFiles/cmTC_59cac.dir/CheckSymbolExists.c.o' failed
make[1]: *** [CMakeFiles/cmTC_59cac.dir/CheckSymbolExists.c.o] Error 1
make[1]: Leaving directory '/home/nineis/ws/gpt-frontend/tvm/temp/cmake-3.24.1/CMakeFiles/CMakeTmp'
Makefile:127: recipe for target 'cmTC_59cac/fast' failed
make: *** [cmTC_59cac/fast] Error 2


File /home/nineis/ws/gpt-frontend/tvm/temp/cmake-3.24.1/CMakeFiles/CMakeTmp/CheckSymbolExists.c:
/* */
#include <stdlib.h>

int main(int argc, char** argv)
{
  (void)argv;
#ifndef environ
  return ((int*)(&environ))[argc];
#else
  (void)argc;
  return 0;
#endif
}
Performing C SOURCE FILE Test CMAKE_HAVE_LIBC_PTHREAD failed with the following output:
Change Dir: /home/nineis/ws/gpt-frontend/tvm/temp/cmake-3.24.1/CMakeFiles/CMakeTmp

Run Build Command(s):/usr/bin/make -f Makefile cmTC_4ce67/fast && make  -f CMakeFiles/cmTC_4ce67.dir/build.make CMakeFiles/cmTC_4ce67.dir/build
make[1]: Entering directory '/home/nineis/ws/gpt-frontend/tvm/temp/cmake-3.24.1/CMakeFiles/CMakeTmp'
Building C object CMakeFiles/cmTC_4ce67.dir/src.c.o
/usr/bin/gcc -DCMAKE_HAVE_LIBC_PTHREAD   -o CMakeFiles/cmTC_4ce67.dir/src.c.o -c /home/nineis/ws/gpt-frontend/tvm/temp/cmake-3.24.1/CMakeFiles/CMakeTmp/src.c
Linking C executable cmTC_4ce67
/home/nineis/ws/gpt-frontend/tvm/temp/cmake-3.24.1/Bootstrap.cmk/cmake -E cmake_link_script CMakeFiles/cmTC_4ce67.dir/link.txt --verbose=1
/usr/bin/gcc CMakeFiles/cmTC_4ce67.dir/src.c.o -o cmTC_4ce67 
CMakeFiles/cmTC_4ce67.dir/src.c.o: In function `main':
src.c:(.text+0x3e): undefined reference to `pthread_create'
src.c:(.text+0x4a): undefined reference to `pthread_detach'
src.c:(.text+0x56): undefined reference to `pthread_cancel'
src.c:(.text+0x67): undefined reference to `pthread_join'
src.c:(.text+0x7b): undefined reference to `pthread_atfork'
collect2: error: ld returned 1 exit status
CMakeFiles/cmTC_4ce67.dir/build.make:98: recipe for target 'cmTC_4ce67' failed
make[1]: *** [cmTC_4ce67] Error 1
make[1]: Leaving directory '/home/nineis/ws/gpt-frontend/tvm/temp/cmake-3.24.1/CMakeFiles/CMakeTmp'
Makefile:127: recipe for target 'cmTC_4ce67/fast' failed
make: *** [cmTC_4ce67/fast] Error 2


Source file was:
#include <pthread.h>

static void* test_func(void* data)
{
  return data;
}

int main(void)
{
  pthread_t thread;
  pthread_create(&thread, NULL, test_func, NULL);
  pthread_detach(thread);
  pthread_cancel(thread);
  pthread_join(thread, NULL);
  pthread_atfork(NULL, NULL, NULL);
  pthread_exit(NULL);

  return 0;
}

Determining if the function pthread_create exists in the pthreads failed with the following output:
Change Dir: /home/nineis/ws/gpt-frontend/tvm/temp/cmake-3.24.1/CMakeFiles/CMakeTmp

Run Build Command(s):/usr/bin/make -f Makefile cmTC_6425c/fast && make  -f CMakeFiles/cmTC_6425c.dir/build.make CMakeFiles/cmTC_6425c.dir/build
make[1]: Entering directory '/home/nineis/ws/gpt-frontend/tvm/temp/cmake-3.24.1/CMakeFiles/CMakeTmp'
Building C object CMakeFiles/cmTC_6425c.dir/CheckFunctionExists.c.o
/usr/bin/gcc   -DCHECK_FUNCTION_EXISTS=pthread_create -o CMakeFiles/cmTC_6425c.dir/CheckFunctionExists.c.o -c /home/nineis/ws/gpt-frontend/tvm/temp/cmake-3.24.1/Modules/CheckFunctionExists.c
Linking C executable cmTC_6425c
/home/nineis/ws/gpt-frontend/tvm/temp/cmake-3.24.1/Bootstrap.cmk/cmake -E cmake_link_script CMakeFiles/cmTC_6425c.dir/link.txt --verbose=1
/usr/bin/gcc  -DCHECK_FUNCTION_EXISTS=pthread_create CMakeFiles/cmTC_6425c.dir/CheckFunctionExists.c.o -o cmTC_6425c  -lpthreads 
/usr/bin/ld: cannot find -lpthreads
collect2: error: ld returned 1 exit status
CMakeFiles/cmTC_6425c.dir/build.make:98: recipe for target 'cmTC_6425c' failed
make[1]: *** [cmTC_6425c] Error 1
make[1]: Leaving directory '/home/nineis/ws/gpt-frontend/tvm/temp/cmake-3.24.1/CMakeFiles/CMakeTmp'
Makefile:127: recipe for target 'cmTC_6425c/fast' failed
make: *** [cmTC_6425c/fast] Error 2



Checking whether CXX compiler has environ in stdlib.h failed to compile with the following output:
Change Dir: /home/nineis/ws/gpt-frontend/tvm/temp/cmake-3.24.1/Source/kwsys/CMakeFiles/CMakeTmp

Run Build Command(s):/usr/bin/make -f Makefile cmTC_0be58/fast && make  -f CMakeFiles/cmTC_0be58.dir/build.make CMakeFiles/cmTC_0be58.dir/build
make[1]: Entering directory '/home/nineis/ws/gpt-frontend/tvm/temp/cmake-3.24.1/Source/kwsys/CMakeFiles/CMakeTmp'
Building CXX object CMakeFiles/cmTC_0be58.dir/kwsysPlatformTestsCXX.cxx.o
/usr/bin/g++ -DTEST_KWSYS_CXX_HAS_ENVIRON_IN_STDLIB_H  -std=gnu++1z -o CMakeFiles/cmTC_0be58.dir/kwsysPlatformTestsCXX.cxx.o -c /home/nineis/ws/gpt-frontend/tvm/temp/cmake-3.24.1/Source/kwsys/kwsysPlatformTestsCXX.cxx
/home/nineis/ws/gpt-frontend/tvm/temp/cmake-3.24.1/Source/kwsys/kwsysPlatformTestsCXX.cxx: In function 'int main()':
/home/nineis/ws/gpt-frontend/tvm/temp/cmake-3.24.1/Source/kwsys/kwsysPlatformTestsCXX.cxx:53:13: error: 'environ' was not declared in this scope
   char* e = environ[0];
             ^~~~~~~
/home/nineis/ws/gpt-frontend/tvm/temp/cmake-3.24.1/Source/kwsys/kwsysPlatformTestsCXX.cxx:53:13: note: suggested alternative: 'union'
   char* e = environ[0];
             ^~~~~~~
             union
CMakeFiles/cmTC_0be58.dir/build.make:77: recipe for target 'CMakeFiles/cmTC_0be58.dir/kwsysPlatformTestsCXX.cxx.o' failed
make[1]: *** [CMakeFiles/cmTC_0be58.dir/kwsysPlatformTestsCXX.cxx.o] Error 1
make[1]: Leaving directory '/home/nineis/ws/gpt-frontend/tvm/temp/cmake-3.24.1/Source/kwsys/CMakeFiles/CMakeTmp'
Makefile:127: recipe for target 'cmTC_0be58/fast' failed
make: *** [cmTC_0be58/fast] Error 2



Checking whether CXX compiler struct stat has st_mtimespec member failed to compile with the following output:
Change Dir: /home/nineis/ws/gpt-frontend/tvm/temp/cmake-3.24.1/Source/kwsys/CMakeFiles/CMakeTmp

Run Build Command(s):/usr/bin/make -f Makefile cmTC_5b8a2/fast && make  -f CMakeFiles/cmTC_5b8a2.dir/build.make CMakeFiles/cmTC_5b8a2.dir/build
make[1]: Entering directory '/home/nineis/ws/gpt-frontend/tvm/temp/cmake-3.24.1/Source/kwsys/CMakeFiles/CMakeTmp'
Building CXX object CMakeFiles/cmTC_5b8a2.dir/kwsysPlatformTestsCXX.cxx.o
/usr/bin/g++ -DTEST_KWSYS_CXX_STAT_HAS_ST_MTIMESPEC  -std=gnu++1z -o CMakeFiles/cmTC_5b8a2.dir/kwsysPlatformTestsCXX.cxx.o -c /home/nineis/ws/gpt-frontend/tvm/temp/cmake-3.24.1/Source/kwsys/kwsysPlatformTestsCXX.cxx
/home/nineis/ws/gpt-frontend/tvm/temp/cmake-3.24.1/Source/kwsys/kwsysPlatformTestsCXX.cxx: In function 'int main()':
/home/nineis/ws/gpt-frontend/tvm/temp/cmake-3.24.1/Source/kwsys/kwsysPlatformTestsCXX.cxx:26:15: error: 'struct stat' has no member named 'st_mtimespec'; did you mean 'st_mtim'?
   (void)stat1.st_mtimespec.tv_sec;
               ^~~~~~~~~~~~
               st_mtim
/home/nineis/ws/gpt-frontend/tvm/temp/cmake-3.24.1/Source/kwsys/kwsysPlatformTestsCXX.cxx:27:15: error: 'struct stat' has no member named 'st_mtimespec'; did you mean 'st_mtim'?
   (void)stat1.st_mtimespec.tv_nsec;
               ^~~~~~~~~~~~
               st_mtim
CMakeFiles/cmTC_5b8a2.dir/build.make:77: recipe for target 'CMakeFiles/cmTC_5b8a2.dir/kwsysPlatformTestsCXX.cxx.o' failed
make[1]: *** [CMakeFiles/cmTC_5b8a2.dir/kwsysPlatformTestsCXX.cxx.o] Error 1
make[1]: Leaving directory '/home/nineis/ws/gpt-frontend/tvm/temp/cmake-3.24.1/Source/kwsys/CMakeFiles/CMakeTmp'
Makefile:127: recipe for target 'cmTC_5b8a2/fast' failed
make: *** [cmTC_5b8a2/fast] Error 2



Determining if the function connect exists in the socket;dl failed with the following output:
Change Dir: /home/nineis/ws/gpt-frontend/tvm/temp/cmake-3.24.1/CMakeFiles/CMakeTmp

Run Build Command(s):/usr/bin/make -f Makefile cmTC_7952b/fast && make  -f CMakeFiles/cmTC_7952b.dir/build.make CMakeFiles/cmTC_7952b.dir/build
make[1]: Entering directory '/home/nineis/ws/gpt-frontend/tvm/temp/cmake-3.24.1/CMakeFiles/CMakeTmp'
Building C object CMakeFiles/cmTC_7952b.dir/CheckFunctionExists.c.o
/usr/bin/gcc   -w -DCHECK_FUNCTION_EXISTS=connect -o CMakeFiles/cmTC_7952b.dir/CheckFunctionExists.c.o -c /home/nineis/ws/gpt-frontend/tvm/temp/cmake-3.24.1/Modules/CheckFunctionExists.c
Linking C executable cmTC_7952b
/home/nineis/ws/gpt-frontend/tvm/temp/cmake-3.24.1/Bootstrap.cmk/cmake -E cmake_link_script CMakeFiles/cmTC_7952b.dir/link.txt --verbose=1
/usr/bin/gcc  -w -DCHECK_FUNCTION_EXISTS=connect CMakeFiles/cmTC_7952b.dir/CheckFunctionExists.c.o -o cmTC_7952b  -lsocket -ldl 
/usr/bin/ld: cannot find -lsocket
collect2: error: ld returned 1 exit status
CMakeFiles/cmTC_7952b.dir/build.make:98: recipe for target 'cmTC_7952b' failed
make[1]: *** [cmTC_7952b] Error 1
make[1]: Leaving directory '/home/nineis/ws/gpt-frontend/tvm/temp/cmake-3.24.1/CMakeFiles/CMakeTmp'
Makefile:127: recipe for target 'cmTC_7952b/fast' failed
make: *** [cmTC_7952b/fast] Error 2



Determining if the RAND_status exist failed with the following output:
Change Dir: /home/nineis/ws/gpt-frontend/tvm/temp/cmake-3.24.1/CMakeFiles/CMakeTmp

Run Build Command(s):/usr/bin/make -f Makefile cmTC_7db06/fast && make  -f CMakeFiles/cmTC_7db06.dir/build.make CMakeFiles/cmTC_7db06.dir/build
make[1]: Entering directory '/home/nineis/ws/gpt-frontend/tvm/temp/cmake-3.24.1/CMakeFiles/CMakeTmp'
Building C object CMakeFiles/cmTC_7db06.dir/CheckSymbolExists.c.o
/usr/bin/gcc   -w  -o CMakeFiles/cmTC_7db06.dir/CheckSymbolExists.c.o -c /home/nineis/ws/gpt-frontend/tvm/temp/cmake-3.24.1/CMakeFiles/CMakeTmp/CheckSymbolExists.c
/home/nineis/ws/gpt-frontend/tvm/temp/cmake-3.24.1/CMakeFiles/CMakeTmp/CheckSymbolExists.c: In function 'main':
/home/nineis/ws/gpt-frontend/tvm/temp/cmake-3.24.1/CMakeFiles/CMakeTmp/CheckSymbolExists.c:7:19: error: 'RAND_status' undeclared (first use in this function)
   return ((int*)(&RAND_status))[argc];
                   ^~~~~~~~~~~
/home/nineis/ws/gpt-frontend/tvm/temp/cmake-3.24.1/CMakeFiles/CMakeTmp/CheckSymbolExists.c:7:19: note: each undeclared identifier is reported only once for each function it appears in
CMakeFiles/cmTC_7db06.dir/build.make:77: recipe for target 'CMakeFiles/cmTC_7db06.dir/CheckSymbolExists.c.o' failed
make[1]: *** [CMakeFiles/cmTC_7db06.dir/CheckSymbolExists.c.o] Error 1
make[1]: Leaving directory '/home/nineis/ws/gpt-frontend/tvm/temp/cmake-3.24.1/CMakeFiles/CMakeTmp'
Makefile:127: recipe for target 'cmTC_7db06/fast' failed
make: *** [cmTC_7db06/fast] Error 2


File /home/nineis/ws/gpt-frontend/tvm/temp/cmake-3.24.1/CMakeFiles/CMakeTmp/CheckSymbolExists.c:
/* */

int main(int argc, char** argv)
{
  (void)argv;
#ifndef RAND_status
  return ((int*)(&RAND_status))[argc];
#else
  (void)argc;
  return 0;
#endif
}
Determining if the RAND_screen exist failed with the following output:
Change Dir: /home/nineis/ws/gpt-frontend/tvm/temp/cmake-3.24.1/CMakeFiles/CMakeTmp

Run Build Command(s):/usr/bin/make -f Makefile cmTC_16192/fast && make  -f CMakeFiles/cmTC_16192.dir/build.make CMakeFiles/cmTC_16192.dir/build
make[1]: Entering directory '/home/nineis/ws/gpt-frontend/tvm/temp/cmake-3.24.1/CMakeFiles/CMakeTmp'
Building C object CMakeFiles/cmTC_16192.dir/CheckSymbolExists.c.o
/usr/bin/gcc   -w  -o CMakeFiles/cmTC_16192.dir/CheckSymbolExists.c.o -c /home/nineis/ws/gpt-frontend/tvm/temp/cmake-3.24.1/CMakeFiles/CMakeTmp/CheckSymbolExists.c
/home/nineis/ws/gpt-frontend/tvm/temp/cmake-3.24.1/CMakeFiles/CMakeTmp/CheckSymbolExists.c: In function 'main':
/home/nineis/ws/gpt-frontend/tvm/temp/cmake-3.24.1/CMakeFiles/CMakeTmp/CheckSymbolExists.c:7:19: error: 'RAND_screen' undeclared (first use in this function)
   return ((int*)(&RAND_screen))[argc];
                   ^~~~~~~~~~~
/home/nineis/ws/gpt-frontend/tvm/temp/cmake-3.24.1/CMakeFiles/CMakeTmp/CheckSymbolExists.c:7:19: note: each undeclared identifier is reported only once for each function it appears in
CMakeFiles/cmTC_16192.dir/build.make:77: recipe for target 'CMakeFiles/cmTC_16192.dir/CheckSymbolExists.c.o' failed
make[1]: *** [CMakeFiles/cmTC_16192.dir/CheckSymbolExists.c.o] Error 1
make[1]: Leaving directory '/home/nineis/ws/gpt-frontend/tvm/temp/cmake-3.24.1/CMakeFiles/CMakeTmp'
Makefile:127: recipe for target 'cmTC_16192/fast' failed
make: *** [cmTC_16192/fast] Error 2


File /home/nineis/ws/gpt-frontend/tvm/temp/cmake-3.24.1/CMakeFiles/CMakeTmp/CheckSymbolExists.c:
/* */

int main(int argc, char** argv)
{
  (void)argv;
#ifndef RAND_screen
  return ((int*)(&RAND_screen))[argc];
#else
  (void)argc;
  return 0;
#endif
}
Determining if the RAND_egd exist failed with the following output:
Change Dir: /home/nineis/ws/gpt-frontend/tvm/temp/cmake-3.24.1/CMakeFiles/CMakeTmp

Run Build Command(s):/usr/bin/make -f Makefile cmTC_4ee03/fast && make  -f CMakeFiles/cmTC_4ee03.dir/build.make CMakeFiles/cmTC_4ee03.dir/build
make[1]: Entering directory '/home/nineis/ws/gpt-frontend/tvm/temp/cmake-3.24.1/CMakeFiles/CMakeTmp'
Building C object CMakeFiles/cmTC_4ee03.dir/CheckSymbolExists.c.o
/usr/bin/gcc   -w  -o CMakeFiles/cmTC_4ee03.dir/CheckSymbolExists.c.o -c /home/nineis/ws/gpt-frontend/tvm/temp/cmake-3.24.1/CMakeFiles/CMakeTmp/CheckSymbolExists.c
/home/nineis/ws/gpt-frontend/tvm/temp/cmake-3.24.1/CMakeFiles/CMakeTmp/CheckSymbolExists.c: In function 'main':
/home/nineis/ws/gpt-frontend/tvm/temp/cmake-3.24.1/CMakeFiles/CMakeTmp/CheckSymbolExists.c:7:19: error: 'RAND_egd' undeclared (first use in this function)
   return ((int*)(&RAND_egd))[argc];
                   ^~~~~~~~
/home/nineis/ws/gpt-frontend/tvm/temp/cmake-3.24.1/CMakeFiles/CMakeTmp/CheckSymbolExists.c:7:19: note: each undeclared identifier is reported only once for each function it appears in
CMakeFiles/cmTC_4ee03.dir/build.make:77: recipe for target 'CMakeFiles/cmTC_4ee03.dir/CheckSymbolExists.c.o' failed
make[1]: *** [CMakeFiles/cmTC_4ee03.dir/CheckSymbolExists.c.o] Error 1
make[1]: Leaving directory '/home/nineis/ws/gpt-frontend/tvm/temp/cmake-3.24.1/CMakeFiles/CMakeTmp'
Makefile:127: recipe for target 'cmTC_4ee03/fast' failed
make: *** [cmTC_4ee03/fast] Error 2


File /home/nineis/ws/gpt-frontend/tvm/temp/cmake-3.24.1/CMakeFiles/CMakeTmp/CheckSymbolExists.c:
/* */

int main(int argc, char** argv)
{
  (void)argv;
#ifndef RAND_egd
  return ((int*)(&RAND_egd))[argc];
#else
  (void)argc;
  return 0;
#endif
}
Determining if the function dlopen exists in the dl;/usr/lib/x86_64-linux-gnu/libssl.so;/usr/lib/x86_64-linux-gnu/libcrypto.so;cmnghttp2 failed with the following output:
Change Dir: /home/nineis/ws/gpt-frontend/tvm/temp/cmake-3.24.1/CMakeFiles/CMakeTmp

Run Build Command(s):/usr/bin/make -f Makefile cmTC_1d838/fast && make  -f CMakeFiles/cmTC_1d838.dir/build.make CMakeFiles/cmTC_1d838.dir/build
make[1]: Entering directory '/home/nineis/ws/gpt-frontend/tvm/temp/cmake-3.24.1/CMakeFiles/CMakeTmp'
Building C object CMakeFiles/cmTC_1d838.dir/CheckFunctionExists.c.o
/usr/bin/gcc   -w -DCHECK_FUNCTION_EXISTS=dlopen -o CMakeFiles/cmTC_1d838.dir/CheckFunctionExists.c.o -c /home/nineis/ws/gpt-frontend/tvm/temp/cmake-3.24.1/Modules/CheckFunctionExists.c
Linking C executable cmTC_1d838
/home/nineis/ws/gpt-frontend/tvm/temp/cmake-3.24.1/Bootstrap.cmk/cmake -E cmake_link_script CMakeFiles/cmTC_1d838.dir/link.txt --verbose=1
/usr/bin/gcc  -w -DCHECK_FUNCTION_EXISTS=dlopen CMakeFiles/cmTC_1d838.dir/CheckFunctionExists.c.o -o cmTC_1d838  -ldl /usr/lib/x86_64-linux-gnu/libssl.so /usr/lib/x86_64-linux-gnu/libcrypto.so -lcmnghttp2 
/usr/bin/ld: cannot find -lcmnghttp2
collect2: error: ld returned 1 exit status
CMakeFiles/cmTC_1d838.dir/build.make:100: recipe for target 'cmTC_1d838' failed
make[1]: *** [cmTC_1d838] Error 1
make[1]: Leaving directory '/home/nineis/ws/gpt-frontend/tvm/temp/cmake-3.24.1/CMakeFiles/CMakeTmp'
Makefile:127: recipe for target 'cmTC_1d838/fast' failed
make: *** [cmTC_1d838/fast] Error 2



Determining if files stdio.h;inttypes.h;sys/filio.h exist failed with the following output:
Change Dir: /home/nineis/ws/gpt-frontend/tvm/temp/cmake-3.24.1/CMakeFiles/CMakeTmp

Run Build Command(s):/usr/bin/make -f Makefile cmTC_6c1bb/fast && make  -f CMakeFiles/cmTC_6c1bb.dir/build.make CMakeFiles/cmTC_6c1bb.dir/build
make[1]: Entering directory '/home/nineis/ws/gpt-frontend/tvm/temp/cmake-3.24.1/CMakeFiles/CMakeTmp'
Building C object CMakeFiles/cmTC_6c1bb.dir/HAVE_SYS_FILIO_H.c.o
/usr/bin/gcc   -w  -o CMakeFiles/cmTC_6c1bb.dir/HAVE_SYS_FILIO_H.c.o -c /home/nineis/ws/gpt-frontend/tvm/temp/cmake-3.24.1/CMakeFiles/CheckIncludeFiles/HAVE_SYS_FILIO_H.c
/home/nineis/ws/gpt-frontend/tvm/temp/cmake-3.24.1/CMakeFiles/CheckIncludeFiles/HAVE_SYS_FILIO_H.c:4:10: fatal error: sys/filio.h: No such file or directory
 #include <sys/filio.h>
          ^~~~~~~~~~~~~
compilation terminated.
CMakeFiles/cmTC_6c1bb.dir/build.make:77: recipe for target 'CMakeFiles/cmTC_6c1bb.dir/HAVE_SYS_FILIO_H.c.o' failed
make[1]: *** [CMakeFiles/cmTC_6c1bb.dir/HAVE_SYS_FILIO_H.c.o] Error 1
make[1]: Leaving directory '/home/nineis/ws/gpt-frontend/tvm/temp/cmake-3.24.1/CMakeFiles/CMakeTmp'
Makefile:127: recipe for target 'cmTC_6c1bb/fast' failed
make: *** [cmTC_6c1bb/fast] Error 2


Source:
/* */
#include <stdio.h>
#include <inttypes.h>
#include <sys/filio.h>


int main(void){return 0;}

Determining if files stdio.h;inttypes.h;sys/ioctl.h;sys/param.h;sys/poll.h;sys/resource.h;sys/select.h;sys/socket.h;sys/sockio.h exist failed with the following output:
Change Dir: /home/nineis/ws/gpt-frontend/tvm/temp/cmake-3.24.1/CMakeFiles/CMakeTmp

Run Build Command(s):/usr/bin/make -f Makefile cmTC_2b5ff/fast && make  -f CMakeFiles/cmTC_2b5ff.dir/build.make CMakeFiles/cmTC_2b5ff.dir/build
make[1]: Entering directory '/home/nineis/ws/gpt-frontend/tvm/temp/cmake-3.24.1/CMakeFiles/CMakeTmp'
Building C object CMakeFiles/cmTC_2b5ff.dir/HAVE_SYS_SOCKIO_H.c.o
/usr/bin/gcc   -w  -o CMakeFiles/cmTC_2b5ff.dir/HAVE_SYS_SOCKIO_H.c.o -c /home/nineis/ws/gpt-frontend/tvm/temp/cmake-3.24.1/CMakeFiles/CheckIncludeFiles/HAVE_SYS_SOCKIO_H.c
/home/nineis/ws/gpt-frontend/tvm/temp/cmake-3.24.1/CMakeFiles/CheckIncludeFiles/HAVE_SYS_SOCKIO_H.c:10:10: fatal error: sys/sockio.h: No such file or directory
 #include <sys/sockio.h>
          ^~~~~~~~~~~~~~
compilation terminated.
CMakeFiles/cmTC_2b5ff.dir/build.make:77: recipe for target 'CMakeFiles/cmTC_2b5ff.dir/HAVE_SYS_SOCKIO_H.c.o' failed
make[1]: *** [CMakeFiles/cmTC_2b5ff.dir/HAVE_SYS_SOCKIO_H.c.o] Error 1
make[1]: Leaving directory '/home/nineis/ws/gpt-frontend/tvm/temp/cmake-3.24.1/CMakeFiles/CMakeTmp'
Makefile:127: recipe for target 'cmTC_2b5ff/fast' failed
make: *** [cmTC_2b5ff/fast] Error 2


Source:
/* */
#include <stdio.h>
#include <inttypes.h>
#include <sys/ioctl.h>
#include <sys/param.h>
#include <sys/poll.h>
#include <sys/resource.h>
#include <sys/select.h>
#include <sys/socket.h>
#include <sys/sockio.h>


int main(void){return 0;}

Determining if files stdio.h;inttypes.h;sys/ioctl.h;sys/param.h;sys/poll.h;sys/resource.h;sys/select.h;sys/socket.h;sys/stat.h;sys/time.h;sys/types.h;sys/uio.h;sys/un.h;sys/utime.h exist failed with the following output:
Change Dir: /home/nineis/ws/gpt-frontend/tvm/temp/cmake-3.24.1/CMakeFiles/CMakeTmp

Run Build Command(s):/usr/bin/make -f Makefile cmTC_1f293/fast && make  -f CMakeFiles/cmTC_1f293.dir/build.make CMakeFiles/cmTC_1f293.dir/build
make[1]: Entering directory '/home/nineis/ws/gpt-frontend/tvm/temp/cmake-3.24.1/CMakeFiles/CMakeTmp'
Building C object CMakeFiles/cmTC_1f293.dir/HAVE_SYS_UTIME_H.c.o
/usr/bin/gcc   -w  -o CMakeFiles/cmTC_1f293.dir/HAVE_SYS_UTIME_H.c.o -c /home/nineis/ws/gpt-frontend/tvm/temp/cmake-3.24.1/CMakeFiles/CheckIncludeFiles/HAVE_SYS_UTIME_H.c
/home/nineis/ws/gpt-frontend/tvm/temp/cmake-3.24.1/CMakeFiles/CheckIncludeFiles/HAVE_SYS_UTIME_H.c:15:10: fatal error: sys/utime.h: No such file or directory
 #include <sys/utime.h>
          ^~~~~~~~~~~~~
compilation terminated.
CMakeFiles/cmTC_1f293.dir/build.make:77: recipe for target 'CMakeFiles/cmTC_1f293.dir/HAVE_SYS_UTIME_H.c.o' failed
make[1]: *** [CMakeFiles/cmTC_1f293.dir/HAVE_SYS_UTIME_H.c.o] Error 1
make[1]: Leaving directory '/home/nineis/ws/gpt-frontend/tvm/temp/cmake-3.24.1/CMakeFiles/CMakeTmp'
Makefile:127: recipe for target 'cmTC_1f293/fast' failed
make: *** [cmTC_1f293/fast] Error 2


Source:
/* */
#include <stdio.h>
#include <inttypes.h>
#include <sys/ioctl.h>
#include <sys/param.h>
#include <sys/poll.h>
#include <sys/resource.h>
#include <sys/select.h>
#include <sys/socket.h>
#include <sys/stat.h>
#include <sys/time.h>
#include <sys/types.h>
#include <sys/uio.h>
#include <sys/un.h>
#include <sys/utime.h>


int main(void){return 0;}

Determining if files stdio.h;inttypes.h;sys/ioctl.h;sys/param.h;sys/poll.h;sys/resource.h;sys/select.h;sys/socket.h;sys/stat.h;sys/time.h;sys/types.h;sys/uio.h;sys/un.h;sys/xattr.h;alloca.h;arpa/inet.h;arpa/tftp.h;assert.h;errno.h;fcntl.h;idn2.h exist failed with the following output:
Change Dir: /home/nineis/ws/gpt-frontend/tvm/temp/cmake-3.24.1/CMakeFiles/CMakeTmp

Run Build Command(s):/usr/bin/make -f Makefile cmTC_f6af9/fast && make  -f CMakeFiles/cmTC_f6af9.dir/build.make CMakeFiles/cmTC_f6af9.dir/build
make[1]: Entering directory '/home/nineis/ws/gpt-frontend/tvm/temp/cmake-3.24.1/CMakeFiles/CMakeTmp'
Building C object CMakeFiles/cmTC_f6af9.dir/HAVE_IDN2_H.c.o
/usr/bin/gcc   -w  -o CMakeFiles/cmTC_f6af9.dir/HAVE_IDN2_H.c.o -c /home/nineis/ws/gpt-frontend/tvm/temp/cmake-3.24.1/CMakeFiles/CheckIncludeFiles/HAVE_IDN2_H.c
/home/nineis/ws/gpt-frontend/tvm/temp/cmake-3.24.1/CMakeFiles/CheckIncludeFiles/HAVE_IDN2_H.c:22:10: fatal error: idn2.h: No such file or directory
 #include <idn2.h>
          ^~~~~~~~
compilation terminated.
CMakeFiles/cmTC_f6af9.dir/build.make:77: recipe for target 'CMakeFiles/cmTC_f6af9.dir/HAVE_IDN2_H.c.o' failed
make[1]: *** [CMakeFiles/cmTC_f6af9.dir/HAVE_IDN2_H.c.o] Error 1
make[1]: Leaving directory '/home/nineis/ws/gpt-frontend/tvm/temp/cmake-3.24.1/CMakeFiles/CMakeTmp'
Makefile:127: recipe for target 'cmTC_f6af9/fast' failed
make: *** [cmTC_f6af9/fast] Error 2


Source:
/* */
#include <stdio.h>
#include <inttypes.h>
#include <sys/ioctl.h>
#include <sys/param.h>
#include <sys/poll.h>
#include <sys/resource.h>
#include <sys/select.h>
#include <sys/socket.h>
#include <sys/stat.h>
#include <sys/time.h>
#include <sys/types.h>
#include <sys/uio.h>
#include <sys/un.h>
#include <sys/xattr.h>
#include <alloca.h>
#include <arpa/inet.h>
#include <arpa/tftp.h>
#include <assert.h>
#include <errno.h>
#include <fcntl.h>
#include <idn2.h>


int main(void){return 0;}

Determining if files stdio.h;inttypes.h;sys/ioctl.h;sys/param.h;sys/poll.h;sys/resource.h;sys/select.h;sys/socket.h;sys/stat.h;sys/time.h;sys/types.h;sys/uio.h;sys/un.h;sys/xattr.h;alloca.h;arpa/inet.h;arpa/tftp.h;assert.h;errno.h;fcntl.h;ifaddrs.h;io.h exist failed with the following output:
Change Dir: /home/nineis/ws/gpt-frontend/tvm/temp/cmake-3.24.1/CMakeFiles/CMakeTmp

Run Build Command(s):/usr/bin/make -f Makefile cmTC_a56b5/fast && make  -f CMakeFiles/cmTC_a56b5.dir/build.make CMakeFiles/cmTC_a56b5.dir/build
make[1]: Entering directory '/home/nineis/ws/gpt-frontend/tvm/temp/cmake-3.24.1/CMakeFiles/CMakeTmp'
Building C object CMakeFiles/cmTC_a56b5.dir/HAVE_IO_H.c.o
/usr/bin/gcc   -w  -o CMakeFiles/cmTC_a56b5.dir/HAVE_IO_H.c.o -c /home/nineis/ws/gpt-frontend/tvm/temp/cmake-3.24.1/CMakeFiles/CheckIncludeFiles/HAVE_IO_H.c
/home/nineis/ws/gpt-frontend/tvm/temp/cmake-3.24.1/CMakeFiles/CheckIncludeFiles/HAVE_IO_H.c:23:10: fatal error: io.h: No such file or directory
 #include <io.h>
          ^~~~~~
compilation terminated.
CMakeFiles/cmTC_a56b5.dir/build.make:77: recipe for target 'CMakeFiles/cmTC_a56b5.dir/HAVE_IO_H.c.o' failed
make[1]: *** [CMakeFiles/cmTC_a56b5.dir/HAVE_IO_H.c.o] Error 1
make[1]: Leaving directory '/home/nineis/ws/gpt-frontend/tvm/temp/cmake-3.24.1/CMakeFiles/CMakeTmp'
Makefile:127: recipe for target 'cmTC_a56b5/fast' failed
make: *** [cmTC_a56b5/fast] Error 2


Source:
/* */
#include <stdio.h>
#include <inttypes.h>
#include <sys/ioctl.h>
#include <sys/param.h>
#include <sys/poll.h>
#include <sys/resource.h>
#include <sys/select.h>
#include <sys/socket.h>
#include <sys/stat.h>
#include <sys/time.h>
#include <sys/types.h>
#include <sys/uio.h>
#include <sys/un.h>
#include <sys/xattr.h>
#include <alloca.h>
#include <arpa/inet.h>
#include <arpa/tftp.h>
#include <assert.h>
#include <errno.h>
#include <fcntl.h>
#include <ifaddrs.h>
#include <io.h>


int main(void){return 0;}

Determining if files stdio.h;inttypes.h;sys/ioctl.h;sys/param.h;sys/poll.h;sys/resource.h;sys/select.h;sys/socket.h;sys/stat.h;sys/time.h;sys/types.h;sys/uio.h;sys/un.h;sys/xattr.h;alloca.h;arpa/inet.h;arpa/tftp.h;assert.h;errno.h;fcntl.h;ifaddrs.h;krb.h exist failed with the following output:
Change Dir: /home/nineis/ws/gpt-frontend/tvm/temp/cmake-3.24.1/CMakeFiles/CMakeTmp

Run Build Command(s):/usr/bin/make -f Makefile cmTC_f66ea/fast && make  -f CMakeFiles/cmTC_f66ea.dir/build.make CMakeFiles/cmTC_f66ea.dir/build
make[1]: Entering directory '/home/nineis/ws/gpt-frontend/tvm/temp/cmake-3.24.1/CMakeFiles/CMakeTmp'
Building C object CMakeFiles/cmTC_f66ea.dir/HAVE_KRB_H.c.o
/usr/bin/gcc   -w  -o CMakeFiles/cmTC_f66ea.dir/HAVE_KRB_H.c.o -c /home/nineis/ws/gpt-frontend/tvm/temp/cmake-3.24.1/CMakeFiles/CheckIncludeFiles/HAVE_KRB_H.c
/home/nineis/ws/gpt-frontend/tvm/temp/cmake-3.24.1/CMakeFiles/CheckIncludeFiles/HAVE_KRB_H.c:23:10: fatal error: krb.h: No such file or directory
 #include <krb.h>
          ^~~~~~~
compilation terminated.
CMakeFiles/cmTC_f66ea.dir/build.make:77: recipe for target 'CMakeFiles/cmTC_f66ea.dir/HAVE_KRB_H.c.o' failed
make[1]: *** [CMakeFiles/cmTC_f66ea.dir/HAVE_KRB_H.c.o] Error 1
make[1]: Leaving directory '/home/nineis/ws/gpt-frontend/tvm/temp/cmake-3.24.1/CMakeFiles/CMakeTmp'
Makefile:127: recipe for target 'cmTC_f66ea/fast' failed
make: *** [cmTC_f66ea/fast] Error 2


Source:
/* */
#include <stdio.h>
#include <inttypes.h>
#include <sys/ioctl.h>
#include <sys/param.h>
#include <sys/poll.h>
#include <sys/resource.h>
#include <sys/select.h>
#include <sys/socket.h>
#include <sys/stat.h>
#include <sys/time.h>
#include <sys/types.h>
#include <sys/uio.h>
#include <sys/un.h>
#include <sys/xattr.h>
#include <alloca.h>
#include <arpa/inet.h>
#include <arpa/tftp.h>
#include <assert.h>
#include <errno.h>
#include <fcntl.h>
#include <ifaddrs.h>
#include <krb.h>


int main(void){return 0;}

Determining if files stdio.h;inttypes.h;sys/ioctl.h;sys/param.h;sys/poll.h;sys/resource.h;sys/select.h;sys/socket.h;sys/stat.h;sys/time.h;sys/types.h;sys/uio.h;sys/un.h;sys/xattr.h;alloca.h;arpa/inet.h;arpa/tftp.h;assert.h;errno.h;fcntl.h;ifaddrs.h;libgen.h;locale.h;net/if.h;netdb.h;netinet/in.h;netinet/tcp.h;pem.h exist failed with the following output:
Change Dir: /home/nineis/ws/gpt-frontend/tvm/temp/cmake-3.24.1/CMakeFiles/CMakeTmp

Run Build Command(s):/usr/bin/make -f Makefile cmTC_a92f6/fast && make  -f CMakeFiles/cmTC_a92f6.dir/build.make CMakeFiles/cmTC_a92f6.dir/build
make[1]: Entering directory '/home/nineis/ws/gpt-frontend/tvm/temp/cmake-3.24.1/CMakeFiles/CMakeTmp'
Building C object CMakeFiles/cmTC_a92f6.dir/HAVE_PEM_H.c.o
/usr/bin/gcc   -w  -o CMakeFiles/cmTC_a92f6.dir/HAVE_PEM_H.c.o -c /home/nineis/ws/gpt-frontend/tvm/temp/cmake-3.24.1/CMakeFiles/CheckIncludeFiles/HAVE_PEM_H.c
/home/nineis/ws/gpt-frontend/tvm/temp/cmake-3.24.1/CMakeFiles/CheckIncludeFiles/HAVE_PEM_H.c:29:10: fatal error: pem.h: No such file or directory
 #include <pem.h>
          ^~~~~~~
compilation terminated.
CMakeFiles/cmTC_a92f6.dir/build.make:77: recipe for target 'CMakeFiles/cmTC_a92f6.dir/HAVE_PEM_H.c.o' failed
make[1]: *** [CMakeFiles/cmTC_a92f6.dir/HAVE_PEM_H.c.o] Error 1
make[1]: Leaving directory '/home/nineis/ws/gpt-frontend/tvm/temp/cmake-3.24.1/CMakeFiles/CMakeTmp'
Makefile:127: recipe for target 'cmTC_a92f6/fast' failed
make: *** [cmTC_a92f6/fast] Error 2


Source:
/* */
#include <stdio.h>
#include <inttypes.h>
#include <sys/ioctl.h>
#include <sys/param.h>
#include <sys/poll.h>
#include <sys/resource.h>
#include <sys/select.h>
#include <sys/socket.h>
#include <sys/stat.h>
#include <sys/time.h>
#include <sys/types.h>
#include <sys/uio.h>
#include <sys/un.h>
#include <sys/xattr.h>
#include <alloca.h>
#include <arpa/inet.h>
#include <arpa/tftp.h>
#include <assert.h>
#include <errno.h>
#include <fcntl.h>
#include <ifaddrs.h>
#include <libgen.h>
#include <locale.h>
#include <net/if.h>
#include <netdb.h>
#include <netinet/in.h>
#include <netinet/tcp.h>
#include <pem.h>


int main(void){return 0;}

Determining if files stdio.h;inttypes.h;sys/ioctl.h;sys/param.h;sys/poll.h;sys/resource.h;sys/select.h;sys/socket.h;sys/stat.h;sys/time.h;sys/types.h;sys/uio.h;sys/un.h;sys/xattr.h;alloca.h;arpa/inet.h;arpa/tftp.h;assert.h;errno.h;fcntl.h;ifaddrs.h;libgen.h;locale.h;net/if.h;netdb.h;netinet/in.h;netinet/tcp.h;poll.h;pwd.h;setjmp.h;signal.h;ssl.h exist failed with the following output:
Change Dir: /home/nineis/ws/gpt-frontend/tvm/temp/cmake-3.24.1/CMakeFiles/CMakeTmp

Run Build Command(s):/usr/bin/make -f Makefile cmTC_95831/fast && make  -f CMakeFiles/cmTC_95831.dir/build.make CMakeFiles/cmTC_95831.dir/build
make[1]: Entering directory '/home/nineis/ws/gpt-frontend/tvm/temp/cmake-3.24.1/CMakeFiles/CMakeTmp'
Building C object CMakeFiles/cmTC_95831.dir/HAVE_SSL_H.c.o
/usr/bin/gcc   -w  -o CMakeFiles/cmTC_95831.dir/HAVE_SSL_H.c.o -c /home/nineis/ws/gpt-frontend/tvm/temp/cmake-3.24.1/CMakeFiles/CheckIncludeFiles/HAVE_SSL_H.c
/home/nineis/ws/gpt-frontend/tvm/temp/cmake-3.24.1/CMakeFiles/CheckIncludeFiles/HAVE_SSL_H.c:33:10: fatal error: ssl.h: No such file or directory
 #include <ssl.h>
          ^~~~~~~
compilation terminated.
CMakeFiles/cmTC_95831.dir/build.make:77: recipe for target 'CMakeFiles/cmTC_95831.dir/HAVE_SSL_H.c.o' failed
make[1]: *** [CMakeFiles/cmTC_95831.dir/HAVE_SSL_H.c.o] Error 1
make[1]: Leaving directory '/home/nineis/ws/gpt-frontend/tvm/temp/cmake-3.24.1/CMakeFiles/CMakeTmp'
Makefile:127: recipe for target 'cmTC_95831/fast' failed
make: *** [cmTC_95831/fast] Error 2


Source:
/* */
#include <stdio.h>
#include <inttypes.h>
#include <sys/ioctl.h>
#include <sys/param.h>
#include <sys/poll.h>
#include <sys/resource.h>
#include <sys/select.h>
#include <sys/socket.h>
#include <sys/stat.h>
#include <sys/time.h>
#include <sys/types.h>
#include <sys/uio.h>
#include <sys/un.h>
#include <sys/xattr.h>
#include <alloca.h>
#include <arpa/inet.h>
#include <arpa/tftp.h>
#include <assert.h>
#include <errno.h>
#include <fcntl.h>
#include <ifaddrs.h>
#include <libgen.h>
#include <locale.h>
#include <net/if.h>
#include <netdb.h>
#include <netinet/in.h>
#include <netinet/tcp.h>
#include <poll.h>
#include <pwd.h>
#include <setjmp.h>
#include <signal.h>
#include <ssl.h>


int main(void){return 0;}

Determining if files stdio.h;inttypes.h;sys/ioctl.h;sys/param.h;sys/poll.h;sys/resource.h;sys/select.h;sys/socket.h;sys/stat.h;sys/time.h;sys/types.h;sys/uio.h;sys/un.h;sys/xattr.h;alloca.h;arpa/inet.h;arpa/tftp.h;assert.h;errno.h;fcntl.h;ifaddrs.h;libgen.h;locale.h;net/if.h;netdb.h;netinet/in.h;netinet/tcp.h;poll.h;pwd.h;setjmp.h;signal.h;stdbool.h;stdint.h;stdio.h;stdlib.h;string.h;strings.h;stropts.h;termio.h;termios.h;time.h;unistd.h;utime.h;x509.h exist failed with the following output:
Change Dir: /home/nineis/ws/gpt-frontend/tvm/temp/cmake-3.24.1/CMakeFiles/CMakeTmp

Run Build Command(s):/usr/bin/make -f Makefile cmTC_a0b12/fast && make  -f CMakeFiles/cmTC_a0b12.dir/build.make CMakeFiles/cmTC_a0b12.dir/build
make[1]: Entering directory '/home/nineis/ws/gpt-frontend/tvm/temp/cmake-3.24.1/CMakeFiles/CMakeTmp'
Building C object CMakeFiles/cmTC_a0b12.dir/HAVE_X509_H.c.o
/usr/bin/gcc   -w  -o CMakeFiles/cmTC_a0b12.dir/HAVE_X509_H.c.o -c /home/nineis/ws/gpt-frontend/tvm/temp/cmake-3.24.1/CMakeFiles/CheckIncludeFiles/HAVE_X509_H.c
/home/nineis/ws/gpt-frontend/tvm/temp/cmake-3.24.1/CMakeFiles/CheckIncludeFiles/HAVE_X509_H.c:45:10: fatal error: x509.h: No such file or directory
 #include <x509.h>
          ^~~~~~~~
compilation terminated.
CMakeFiles/cmTC_a0b12.dir/build.make:77: recipe for target 'CMakeFiles/cmTC_a0b12.dir/HAVE_X509_H.c.o' failed
make[1]: *** [CMakeFiles/cmTC_a0b12.dir/HAVE_X509_H.c.o] Error 1
make[1]: Leaving directory '/home/nineis/ws/gpt-frontend/tvm/temp/cmake-3.24.1/CMakeFiles/CMakeTmp'
Makefile:127: recipe for target 'cmTC_a0b12/fast' failed
make: *** [cmTC_a0b12/fast] Error 2


Source:
/* */
#include <stdio.h>
#include <inttypes.h>
#include <sys/ioctl.h>
#include <sys/param.h>
#include <sys/poll.h>
#include <sys/resource.h>
#include <sys/select.h>
#include <sys/socket.h>
#include <sys/stat.h>
#include <sys/time.h>
#include <sys/types.h>
#include <sys/uio.h>
#include <sys/un.h>
#include <sys/xattr.h>
#include <alloca.h>
#include <arpa/inet.h>
#include <arpa/tftp.h>
#include <assert.h>
#include <errno.h>
#include <fcntl.h>
#include <ifaddrs.h>
#include <libgen.h>
#include <locale.h>
#include <net/if.h>
#include <netdb.h>
#include <netinet/in.h>
#include <netinet/tcp.h>
#include <poll.h>
#include <pwd.h>
#include <setjmp.h>
#include <signal.h>
#include <stdbool.h>
#include <stdint.h>
#include <stdio.h>
#include <stdlib.h>
#include <string.h>
#include <strings.h>
#include <stropts.h>
#include <termio.h>
#include <termios.h>
#include <time.h>
#include <unistd.h>
#include <utime.h>
#include <x509.h>


int main(void){return 0;}

Determining if files stdio.h;inttypes.h;sys/ioctl.h;sys/param.h;sys/poll.h;sys/resource.h;sys/select.h;sys/socket.h;sys/stat.h;sys/time.h;sys/types.h;sys/uio.h;sys/un.h;sys/xattr.h;alloca.h;arpa/inet.h;arpa/tftp.h;assert.h;errno.h;fcntl.h;ifaddrs.h;libgen.h;locale.h;net/if.h;netdb.h;netinet/in.h;netinet/tcp.h;poll.h;pwd.h;setjmp.h;signal.h;stdbool.h;stdint.h;stdio.h;stdlib.h;string.h;strings.h;stropts.h;termio.h;termios.h;time.h;unistd.h;utime.h;process.h exist failed with the following output:
Change Dir: /home/nineis/ws/gpt-frontend/tvm/temp/cmake-3.24.1/CMakeFiles/CMakeTmp

Run Build Command(s):/usr/bin/make -f Makefile cmTC_f1a39/fast && make  -f CMakeFiles/cmTC_f1a39.dir/build.make CMakeFiles/cmTC_f1a39.dir/build
make[1]: Entering directory '/home/nineis/ws/gpt-frontend/tvm/temp/cmake-3.24.1/CMakeFiles/CMakeTmp'
Building C object CMakeFiles/cmTC_f1a39.dir/HAVE_PROCESS_H.c.o
/usr/bin/gcc   -w  -o CMakeFiles/cmTC_f1a39.dir/HAVE_PROCESS_H.c.o -c /home/nineis/ws/gpt-frontend/tvm/temp/cmake-3.24.1/CMakeFiles/CheckIncludeFiles/HAVE_PROCESS_H.c
/home/nineis/ws/gpt-frontend/tvm/temp/cmake-3.24.1/CMakeFiles/CheckIncludeFiles/HAVE_PROCESS_H.c:45:10: fatal error: process.h: No such file or directory
 #include <process.h>
          ^~~~~~~~~~~
compilation terminated.
CMakeFiles/cmTC_f1a39.dir/build.make:77: recipe for target 'CMakeFiles/cmTC_f1a39.dir/HAVE_PROCESS_H.c.o' failed
make[1]: *** [CMakeFiles/cmTC_f1a39.dir/HAVE_PROCESS_H.c.o] Error 1
make[1]: Leaving directory '/home/nineis/ws/gpt-frontend/tvm/temp/cmake-3.24.1/CMakeFiles/CMakeTmp'
Makefile:127: recipe for target 'cmTC_f1a39/fast' failed
make: *** [cmTC_f1a39/fast] Error 2


Source:
/* */
#include <stdio.h>
#include <inttypes.h>
#include <sys/ioctl.h>
#include <sys/param.h>
#include <sys/poll.h>
#include <sys/resource.h>
#include <sys/select.h>
#include <sys/socket.h>
#include <sys/stat.h>
#include <sys/time.h>
#include <sys/types.h>
#include <sys/uio.h>
#include <sys/un.h>
#include <sys/xattr.h>
#include <alloca.h>
#include <arpa/inet.h>
#include <arpa/tftp.h>
#include <assert.h>
#include <errno.h>
#include <fcntl.h>
#include <ifaddrs.h>
#include <libgen.h>
#include <locale.h>
#include <net/if.h>
#include <netdb.h>
#include <netinet/in.h>
#include <netinet/tcp.h>
#include <poll.h>
#include <pwd.h>
#include <setjmp.h>
#include <signal.h>
#include <stdbool.h>
#include <stdint.h>
#include <stdio.h>
#include <stdlib.h>
#include <string.h>
#include <strings.h>
#include <stropts.h>
#include <termio.h>
#include <termios.h>
#include <time.h>
#include <unistd.h>
#include <utime.h>
#include <process.h>


int main(void){return 0;}

Determining if files stdio.h;inttypes.h;sys/ioctl.h;sys/param.h;sys/poll.h;sys/resource.h;sys/select.h;sys/socket.h;sys/stat.h;sys/time.h;sys/types.h;sys/uio.h;sys/un.h;sys/xattr.h;alloca.h;arpa/inet.h;arpa/tftp.h;assert.h;errno.h;fcntl.h;ifaddrs.h;libgen.h;locale.h;net/if.h;netdb.h;netinet/in.h;netinet/tcp.h;poll.h;pwd.h;setjmp.h;signal.h;stdbool.h;stdint.h;stdio.h;stdlib.h;string.h;strings.h;stropts.h;termio.h;termios.h;time.h;unistd.h;utime.h;stddef.h;dlfcn.h;malloc.h;memory.h;netinet/if_ether.h;stdint.h;sockio.h exist failed with the following output:
Change Dir: /home/nineis/ws/gpt-frontend/tvm/temp/cmake-3.24.1/CMakeFiles/CMakeTmp

Run Build Command(s):/usr/bin/make -f Makefile cmTC_4882d/fast && make  -f CMakeFiles/cmTC_4882d.dir/build.make CMakeFiles/cmTC_4882d.dir/build
make[1]: Entering directory '/home/nineis/ws/gpt-frontend/tvm/temp/cmake-3.24.1/CMakeFiles/CMakeTmp'
Building C object CMakeFiles/cmTC_4882d.dir/HAVE_SOCKIO_H.c.o
/usr/bin/gcc   -w  -o CMakeFiles/cmTC_4882d.dir/HAVE_SOCKIO_H.c.o -c /home/nineis/ws/gpt-frontend/tvm/temp/cmake-3.24.1/CMakeFiles/CheckIncludeFiles/HAVE_SOCKIO_H.c
/home/nineis/ws/gpt-frontend/tvm/temp/cmake-3.24.1/CMakeFiles/CheckIncludeFiles/HAVE_SOCKIO_H.c:51:10: fatal error: sockio.h: No such file or directory
 #include <sockio.h>
          ^~~~~~~~~~
compilation terminated.
CMakeFiles/cmTC_4882d.dir/build.make:77: recipe for target 'CMakeFiles/cmTC_4882d.dir/HAVE_SOCKIO_H.c.o' failed
make[1]: *** [CMakeFiles/cmTC_4882d.dir/HAVE_SOCKIO_H.c.o] Error 1
make[1]: Leaving directory '/home/nineis/ws/gpt-frontend/tvm/temp/cmake-3.24.1/CMakeFiles/CMakeTmp'
Makefile:127: recipe for target 'cmTC_4882d/fast' failed
make: *** [cmTC_4882d/fast] Error 2


Source:
/* */
#include <stdio.h>
#include <inttypes.h>
#include <sys/ioctl.h>
#include <sys/param.h>
#include <sys/poll.h>
#include <sys/resource.h>
#include <sys/select.h>
#include <sys/socket.h>
#include <sys/stat.h>
#include <sys/time.h>
#include <sys/types.h>
#include <sys/uio.h>
#include <sys/un.h>
#include <sys/xattr.h>
#include <alloca.h>
#include <arpa/inet.h>
#include <arpa/tftp.h>
#include <assert.h>
#include <errno.h>
#include <fcntl.h>
#include <ifaddrs.h>
#include <libgen.h>
#include <locale.h>
#include <net/if.h>
#include <netdb.h>
#include <netinet/in.h>
#include <netinet/tcp.h>
#include <poll.h>
#include <pwd.h>
#include <setjmp.h>
#include <signal.h>
#include <stdbool.h>
#include <stdint.h>
#include <stdio.h>
#include <stdlib.h>
#include <string.h>
#include <strings.h>
#include <stropts.h>
#include <termio.h>
#include <termios.h>
#include <time.h>
#include <unistd.h>
#include <utime.h>
#include <stddef.h>
#include <dlfcn.h>
#include <malloc.h>
#include <memory.h>
#include <netinet/if_ether.h>
#include <stdint.h>
#include <sockio.h>


int main(void){return 0;}

Determining if the stricmp exist failed with the following output:
Change Dir: /home/nineis/ws/gpt-frontend/tvm/temp/cmake-3.24.1/CMakeFiles/CMakeTmp

Run Build Command(s):/usr/bin/make -f Makefile cmTC_22ac8/fast && make  -f CMakeFiles/cmTC_22ac8.dir/build.make CMakeFiles/cmTC_22ac8.dir/build
make[1]: Entering directory '/home/nineis/ws/gpt-frontend/tvm/temp/cmake-3.24.1/CMakeFiles/CMakeTmp'
Building C object CMakeFiles/cmTC_22ac8.dir/CheckSymbolExists.c.o
/usr/bin/gcc   -w  -o CMakeFiles/cmTC_22ac8.dir/CheckSymbolExists.c.o -c /home/nineis/ws/gpt-frontend/tvm/temp/cmake-3.24.1/CMakeFiles/CMakeTmp/CheckSymbolExists.c
/home/nineis/ws/gpt-frontend/tvm/temp/cmake-3.24.1/CMakeFiles/CMakeTmp/CheckSymbolExists.c: In function 'main':
/home/nineis/ws/gpt-frontend/tvm/temp/cmake-3.24.1/CMakeFiles/CMakeTmp/CheckSymbolExists.c:57:19: error: 'stricmp' undeclared (first use in this function); did you mean 'strncmp'?
   return ((int*)(&stricmp))[argc];
                   ^~~~~~~
                   strncmp
/home/nineis/ws/gpt-frontend/tvm/temp/cmake-3.24.1/CMakeFiles/CMakeTmp/CheckSymbolExists.c:57:19: note: each undeclared identifier is reported only once for each function it appears in
CMakeFiles/cmTC_22ac8.dir/build.make:77: recipe for target 'CMakeFiles/cmTC_22ac8.dir/CheckSymbolExists.c.o' failed
make[1]: *** [CMakeFiles/cmTC_22ac8.dir/CheckSymbolExists.c.o] Error 1
make[1]: Leaving directory '/home/nineis/ws/gpt-frontend/tvm/temp/cmake-3.24.1/CMakeFiles/CMakeTmp'
Makefile:127: recipe for target 'cmTC_22ac8/fast' failed
make: *** [cmTC_22ac8/fast] Error 2


File /home/nineis/ws/gpt-frontend/tvm/temp/cmake-3.24.1/CMakeFiles/CMakeTmp/CheckSymbolExists.c:
/* */
#include <stdio.h>
#include <inttypes.h>
#include <sys/ioctl.h>
#include <sys/param.h>
#include <sys/poll.h>
#include <sys/resource.h>
#include <sys/select.h>
#include <sys/socket.h>
#include <sys/stat.h>
#include <sys/time.h>
#include <sys/types.h>
#include <sys/uio.h>
#include <sys/un.h>
#include <sys/xattr.h>
#include <alloca.h>
#include <arpa/inet.h>
#include <arpa/tftp.h>
#include <assert.h>
#include <errno.h>
#include <fcntl.h>
#include <ifaddrs.h>
#include <libgen.h>
#include <locale.h>
#include <net/if.h>
#include <netdb.h>
#include <netinet/in.h>
#include <netinet/tcp.h>
#include <poll.h>
#include <pwd.h>
#include <setjmp.h>
#include <signal.h>
#include <stdbool.h>
#include <stdint.h>
#include <stdio.h>
#include <stdlib.h>
#include <string.h>
#include <strings.h>
#include <stropts.h>
#include <termio.h>
#include <termios.h>
#include <time.h>
#include <unistd.h>
#include <utime.h>
#include <stddef.h>
#include <dlfcn.h>
#include <malloc.h>
#include <memory.h>
#include <netinet/if_ether.h>
#include <stdint.h>
#include <sys/utsname.h>

int main(int argc, char** argv)
{
  (void)argv;
#ifndef stricmp
  return ((int*)(&stricmp))[argc];
#else
  (void)argc;
  return 0;
#endif
}
Determining if the strcmpi exist failed with the following output:
Change Dir: /home/nineis/ws/gpt-frontend/tvm/temp/cmake-3.24.1/CMakeFiles/CMakeTmp

Run Build Command(s):/usr/bin/make -f Makefile cmTC_4f239/fast && make  -f CMakeFiles/cmTC_4f239.dir/build.make CMakeFiles/cmTC_4f239.dir/build
make[1]: Entering directory '/home/nineis/ws/gpt-frontend/tvm/temp/cmake-3.24.1/CMakeFiles/CMakeTmp'
Building C object CMakeFiles/cmTC_4f239.dir/CheckSymbolExists.c.o
/usr/bin/gcc   -w  -o CMakeFiles/cmTC_4f239.dir/CheckSymbolExists.c.o -c /home/nineis/ws/gpt-frontend/tvm/temp/cmake-3.24.1/CMakeFiles/CMakeTmp/CheckSymbolExists.c
/home/nineis/ws/gpt-frontend/tvm/temp/cmake-3.24.1/CMakeFiles/CMakeTmp/CheckSymbolExists.c: In function 'main':
/home/nineis/ws/gpt-frontend/tvm/temp/cmake-3.24.1/CMakeFiles/CMakeTmp/CheckSymbolExists.c:57:19: error: 'strcmpi' undeclared (first use in this function); did you mean 'strcmp'?
   return ((int*)(&strcmpi))[argc];
                   ^~~~~~~
                   strcmp
/home/nineis/ws/gpt-frontend/tvm/temp/cmake-3.24.1/CMakeFiles/CMakeTmp/CheckSymbolExists.c:57:19: note: each undeclared identifier is reported only once for each function it appears in
CMakeFiles/cmTC_4f239.dir/build.make:77: recipe for target 'CMakeFiles/cmTC_4f239.dir/CheckSymbolExists.c.o' failed
make[1]: *** [CMakeFiles/cmTC_4f239.dir/CheckSymbolExists.c.o] Error 1
make[1]: Leaving directory '/home/nineis/ws/gpt-frontend/tvm/temp/cmake-3.24.1/CMakeFiles/CMakeTmp'
Makefile:127: recipe for target 'cmTC_4f239/fast' failed
make: *** [cmTC_4f239/fast] Error 2


File /home/nineis/ws/gpt-frontend/tvm/temp/cmake-3.24.1/CMakeFiles/CMakeTmp/CheckSymbolExists.c:
/* */
#include <stdio.h>
#include <inttypes.h>
#include <sys/ioctl.h>
#include <sys/param.h>
#include <sys/poll.h>
#include <sys/resource.h>
#include <sys/select.h>
#include <sys/socket.h>
#include <sys/stat.h>
#include <sys/time.h>
#include <sys/types.h>
#include <sys/uio.h>
#include <sys/un.h>
#include <sys/xattr.h>
#include <alloca.h>
#include <arpa/inet.h>
#include <arpa/tftp.h>
#include <assert.h>
#include <errno.h>
#include <fcntl.h>
#include <ifaddrs.h>
#include <libgen.h>
#include <locale.h>
#include <net/if.h>
#include <netdb.h>
#include <netinet/in.h>
#include <netinet/tcp.h>
#include <poll.h>
#include <pwd.h>
#include <setjmp.h>
#include <signal.h>
#include <stdbool.h>
#include <stdint.h>
#include <stdio.h>
#include <stdlib.h>
#include <string.h>
#include <strings.h>
#include <stropts.h>
#include <termio.h>
#include <termios.h>
#include <time.h>
#include <unistd.h>
#include <utime.h>
#include <stddef.h>
#include <dlfcn.h>
#include <malloc.h>
#include <memory.h>
#include <netinet/if_ether.h>
#include <stdint.h>
#include <sys/utsname.h>

int main(int argc, char** argv)
{
  (void)argv;
#ifndef strcmpi
  return ((int*)(&strcmpi))[argc];
#else
  (void)argc;
  return 0;
#endif
}
Determining if the strncmpi exist failed with the following output:
Change Dir: /home/nineis/ws/gpt-frontend/tvm/temp/cmake-3.24.1/CMakeFiles/CMakeTmp

Run Build Command(s):/usr/bin/make -f Makefile cmTC_3669d/fast && make  -f CMakeFiles/cmTC_3669d.dir/build.make CMakeFiles/cmTC_3669d.dir/build
make[1]: Entering directory '/home/nineis/ws/gpt-frontend/tvm/temp/cmake-3.24.1/CMakeFiles/CMakeTmp'
Building C object CMakeFiles/cmTC_3669d.dir/CheckSymbolExists.c.o
/usr/bin/gcc   -w  -o CMakeFiles/cmTC_3669d.dir/CheckSymbolExists.c.o -c /home/nineis/ws/gpt-frontend/tvm/temp/cmake-3.24.1/CMakeFiles/CMakeTmp/CheckSymbolExists.c
/home/nineis/ws/gpt-frontend/tvm/temp/cmake-3.24.1/CMakeFiles/CMakeTmp/CheckSymbolExists.c: In function 'main':
/home/nineis/ws/gpt-frontend/tvm/temp/cmake-3.24.1/CMakeFiles/CMakeTmp/CheckSymbolExists.c:57:19: error: 'strncmpi' undeclared (first use in this function); did you mean 'strncmp'?
   return ((int*)(&strncmpi))[argc];
                   ^~~~~~~~
                   strncmp
/home/nineis/ws/gpt-frontend/tvm/temp/cmake-3.24.1/CMakeFiles/CMakeTmp/CheckSymbolExists.c:57:19: note: each undeclared identifier is reported only once for each function it appears in
CMakeFiles/cmTC_3669d.dir/build.make:77: recipe for target 'CMakeFiles/cmTC_3669d.dir/CheckSymbolExists.c.o' failed
make[1]: *** [CMakeFiles/cmTC_3669d.dir/CheckSymbolExists.c.o] Error 1
make[1]: Leaving directory '/home/nineis/ws/gpt-frontend/tvm/temp/cmake-3.24.1/CMakeFiles/CMakeTmp'
Makefile:127: recipe for target 'cmTC_3669d/fast' failed
make: *** [cmTC_3669d/fast] Error 2


File /home/nineis/ws/gpt-frontend/tvm/temp/cmake-3.24.1/CMakeFiles/CMakeTmp/CheckSymbolExists.c:
/* */
#include <stdio.h>
#include <inttypes.h>
#include <sys/ioctl.h>
#include <sys/param.h>
#include <sys/poll.h>
#include <sys/resource.h>
#include <sys/select.h>
#include <sys/socket.h>
#include <sys/stat.h>
#include <sys/time.h>
#include <sys/types.h>
#include <sys/uio.h>
#include <sys/un.h>
#include <sys/xattr.h>
#include <alloca.h>
#include <arpa/inet.h>
#include <arpa/tftp.h>
#include <assert.h>
#include <errno.h>
#include <fcntl.h>
#include <ifaddrs.h>
#include <libgen.h>
#include <locale.h>
#include <net/if.h>
#include <netdb.h>
#include <netinet/in.h>
#include <netinet/tcp.h>
#include <poll.h>
#include <pwd.h>
#include <setjmp.h>
#include <signal.h>
#include <stdbool.h>
#include <stdint.h>
#include <stdio.h>
#include <stdlib.h>
#include <string.h>
#include <strings.h>
#include <stropts.h>
#include <termio.h>
#include <termios.h>
#include <time.h>
#include <unistd.h>
#include <utime.h>
#include <stddef.h>
#include <dlfcn.h>
#include <malloc.h>
#include <memory.h>
#include <netinet/if_ether.h>
#include <stdint.h>
#include <sys/utsname.h>

int main(int argc, char** argv)
{
  (void)argv;
#ifndef strncmpi
  return ((int*)(&strncmpi))[argc];
#else
  (void)argc;
  return 0;
#endif
}
Determining if the closesocket exist failed with the following output:
Change Dir: /home/nineis/ws/gpt-frontend/tvm/temp/cmake-3.24.1/CMakeFiles/CMakeTmp

Run Build Command(s):/usr/bin/make -f Makefile cmTC_b8a70/fast && make  -f CMakeFiles/cmTC_b8a70.dir/build.make CMakeFiles/cmTC_b8a70.dir/build
make[1]: Entering directory '/home/nineis/ws/gpt-frontend/tvm/temp/cmake-3.24.1/CMakeFiles/CMakeTmp'
Building C object CMakeFiles/cmTC_b8a70.dir/CheckSymbolExists.c.o
/usr/bin/gcc   -w  -o CMakeFiles/cmTC_b8a70.dir/CheckSymbolExists.c.o -c /home/nineis/ws/gpt-frontend/tvm/temp/cmake-3.24.1/CMakeFiles/CMakeTmp/CheckSymbolExists.c
/home/nineis/ws/gpt-frontend/tvm/temp/cmake-3.24.1/CMakeFiles/CMakeTmp/CheckSymbolExists.c: In function 'main':
/home/nineis/ws/gpt-frontend/tvm/temp/cmake-3.24.1/CMakeFiles/CMakeTmp/CheckSymbolExists.c:57:19: error: 'closesocket' undeclared (first use in this function); did you mean 'socket'?
   return ((int*)(&closesocket))[argc];
                   ^~~~~~~~~~~
                   socket
/home/nineis/ws/gpt-frontend/tvm/temp/cmake-3.24.1/CMakeFiles/CMakeTmp/CheckSymbolExists.c:57:19: note: each undeclared identifier is reported only once for each function it appears in
CMakeFiles/cmTC_b8a70.dir/build.make:77: recipe for target 'CMakeFiles/cmTC_b8a70.dir/CheckSymbolExists.c.o' failed
make[1]: *** [CMakeFiles/cmTC_b8a70.dir/CheckSymbolExists.c.o] Error 1
make[1]: Leaving directory '/home/nineis/ws/gpt-frontend/tvm/temp/cmake-3.24.1/CMakeFiles/CMakeTmp'
Makefile:127: recipe for target 'cmTC_b8a70/fast' failed
make: *** [cmTC_b8a70/fast] Error 2


File /home/nineis/ws/gpt-frontend/tvm/temp/cmake-3.24.1/CMakeFiles/CMakeTmp/CheckSymbolExists.c:
/* */
#include <stdio.h>
#include <inttypes.h>
#include <sys/ioctl.h>
#include <sys/param.h>
#include <sys/poll.h>
#include <sys/resource.h>
#include <sys/select.h>
#include <sys/socket.h>
#include <sys/stat.h>
#include <sys/time.h>
#include <sys/types.h>
#include <sys/uio.h>
#include <sys/un.h>
#include <sys/xattr.h>
#include <alloca.h>
#include <arpa/inet.h>
#include <arpa/tftp.h>
#include <assert.h>
#include <errno.h>
#include <fcntl.h>
#include <ifaddrs.h>
#include <libgen.h>
#include <locale.h>
#include <net/if.h>
#include <netdb.h>
#include <netinet/in.h>
#include <netinet/tcp.h>
#include <poll.h>
#include <pwd.h>
#include <setjmp.h>
#include <signal.h>
#include <stdbool.h>
#include <stdint.h>
#include <stdio.h>
#include <stdlib.h>
#include <string.h>
#include <strings.h>
#include <stropts.h>
#include <termio.h>
#include <termios.h>
#include <time.h>
#include <unistd.h>
#include <utime.h>
#include <stddef.h>
#include <dlfcn.h>
#include <malloc.h>
#include <memory.h>
#include <netinet/if_ether.h>
#include <stdint.h>
#include <sys/utsname.h>

int main(int argc, char** argv)
{
  (void)argv;
#ifndef closesocket
  return ((int*)(&closesocket))[argc];
#else
  (void)argc;
  return 0;
#endif
}
Determining if the getpass_r exist failed with the following output:
Change Dir: /home/nineis/ws/gpt-frontend/tvm/temp/cmake-3.24.1/CMakeFiles/CMakeTmp

Run Build Command(s):/usr/bin/make -f Makefile cmTC_aa5e7/fast && make  -f CMakeFiles/cmTC_aa5e7.dir/build.make CMakeFiles/cmTC_aa5e7.dir/build
make[1]: Entering directory '/home/nineis/ws/gpt-frontend/tvm/temp/cmake-3.24.1/CMakeFiles/CMakeTmp'
Building C object CMakeFiles/cmTC_aa5e7.dir/CheckSymbolExists.c.o
/usr/bin/gcc   -w  -o CMakeFiles/cmTC_aa5e7.dir/CheckSymbolExists.c.o -c /home/nineis/ws/gpt-frontend/tvm/temp/cmake-3.24.1/CMakeFiles/CMakeTmp/CheckSymbolExists.c
/home/nineis/ws/gpt-frontend/tvm/temp/cmake-3.24.1/CMakeFiles/CMakeTmp/CheckSymbolExists.c: In function 'main':
/home/nineis/ws/gpt-frontend/tvm/temp/cmake-3.24.1/CMakeFiles/CMakeTmp/CheckSymbolExists.c:57:19: error: 'getpass_r' undeclared (first use in this function); did you mean 'getpass'?
   return ((int*)(&getpass_r))[argc];
                   ^~~~~~~~~
                   getpass
/home/nineis/ws/gpt-frontend/tvm/temp/cmake-3.24.1/CMakeFiles/CMakeTmp/CheckSymbolExists.c:57:19: note: each undeclared identifier is reported only once for each function it appears in
CMakeFiles/cmTC_aa5e7.dir/build.make:77: recipe for target 'CMakeFiles/cmTC_aa5e7.dir/CheckSymbolExists.c.o' failed
make[1]: *** [CMakeFiles/cmTC_aa5e7.dir/CheckSymbolExists.c.o] Error 1
make[1]: Leaving directory '/home/nineis/ws/gpt-frontend/tvm/temp/cmake-3.24.1/CMakeFiles/CMakeTmp'
Makefile:127: recipe for target 'cmTC_aa5e7/fast' failed
make: *** [cmTC_aa5e7/fast] Error 2


File /home/nineis/ws/gpt-frontend/tvm/temp/cmake-3.24.1/CMakeFiles/CMakeTmp/CheckSymbolExists.c:
/* */
#include <stdio.h>
#include <inttypes.h>
#include <sys/ioctl.h>
#include <sys/param.h>
#include <sys/poll.h>
#include <sys/resource.h>
#include <sys/select.h>
#include <sys/socket.h>
#include <sys/stat.h>
#include <sys/time.h>
#include <sys/types.h>
#include <sys/uio.h>
#include <sys/un.h>
#include <sys/xattr.h>
#include <alloca.h>
#include <arpa/inet.h>
#include <arpa/tftp.h>
#include <assert.h>
#include <errno.h>
#include <fcntl.h>
#include <ifaddrs.h>
#include <libgen.h>
#include <locale.h>
#include <net/if.h>
#include <netdb.h>
#include <netinet/in.h>
#include <netinet/tcp.h>
#include <poll.h>
#include <pwd.h>
#include <setjmp.h>
#include <signal.h>
#include <stdbool.h>
#include <stdint.h>
#include <stdio.h>
#include <stdlib.h>
#include <string.h>
#include <strings.h>
#include <stropts.h>
#include <termio.h>
#include <termios.h>
#include <time.h>
#include <unistd.h>
#include <utime.h>
#include <stddef.h>
#include <dlfcn.h>
#include <malloc.h>
#include <memory.h>
#include <netinet/if_ether.h>
#include <stdint.h>
#include <sys/utsname.h>

int main(int argc, char** argv)
{
  (void)argv;
#ifndef getpass_r
  return ((int*)(&getpass_r))[argc];
#else
  (void)argc;
  return 0;
#endif
}
Determining if the _strtoi64 exist failed with the following output:
Change Dir: /home/nineis/ws/gpt-frontend/tvm/temp/cmake-3.24.1/CMakeFiles/CMakeTmp

Run Build Command(s):/usr/bin/make -f Makefile cmTC_69b06/fast && make  -f CMakeFiles/cmTC_69b06.dir/build.make CMakeFiles/cmTC_69b06.dir/build
make[1]: Entering directory '/home/nineis/ws/gpt-frontend/tvm/temp/cmake-3.24.1/CMakeFiles/CMakeTmp'
Building C object CMakeFiles/cmTC_69b06.dir/CheckSymbolExists.c.o
/usr/bin/gcc   -w  -o CMakeFiles/cmTC_69b06.dir/CheckSymbolExists.c.o -c /home/nineis/ws/gpt-frontend/tvm/temp/cmake-3.24.1/CMakeFiles/CMakeTmp/CheckSymbolExists.c
/home/nineis/ws/gpt-frontend/tvm/temp/cmake-3.24.1/CMakeFiles/CMakeTmp/CheckSymbolExists.c: In function 'main':
/home/nineis/ws/gpt-frontend/tvm/temp/cmake-3.24.1/CMakeFiles/CMakeTmp/CheckSymbolExists.c:57:19: error: '_strtoi64' undeclared (first use in this function); did you mean 'strtoull'?
   return ((int*)(&_strtoi64))[argc];
                   ^~~~~~~~~
                   strtoull
/home/nineis/ws/gpt-frontend/tvm/temp/cmake-3.24.1/CMakeFiles/CMakeTmp/CheckSymbolExists.c:57:19: note: each undeclared identifier is reported only once for each function it appears in
CMakeFiles/cmTC_69b06.dir/build.make:77: recipe for target 'CMakeFiles/cmTC_69b06.dir/CheckSymbolExists.c.o' failed
make[1]: *** [CMakeFiles/cmTC_69b06.dir/CheckSymbolExists.c.o] Error 1
make[1]: Leaving directory '/home/nineis/ws/gpt-frontend/tvm/temp/cmake-3.24.1/CMakeFiles/CMakeTmp'
Makefile:127: recipe for target 'cmTC_69b06/fast' failed
make: *** [cmTC_69b06/fast] Error 2


File /home/nineis/ws/gpt-frontend/tvm/temp/cmake-3.24.1/CMakeFiles/CMakeTmp/CheckSymbolExists.c:
/* */
#include <stdio.h>
#include <inttypes.h>
#include <sys/ioctl.h>
#include <sys/param.h>
#include <sys/poll.h>
#include <sys/resource.h>
#include <sys/select.h>
#include <sys/socket.h>
#include <sys/stat.h>
#include <sys/time.h>
#include <sys/types.h>
#include <sys/uio.h>
#include <sys/un.h>
#include <sys/xattr.h>
#include <alloca.h>
#include <arpa/inet.h>
#include <arpa/tftp.h>
#include <assert.h>
#include <errno.h>
#include <fcntl.h>
#include <ifaddrs.h>
#include <libgen.h>
#include <locale.h>
#include <net/if.h>
#include <netdb.h>
#include <netinet/in.h>
#include <netinet/tcp.h>
#include <poll.h>
#include <pwd.h>
#include <setjmp.h>
#include <signal.h>
#include <stdbool.h>
#include <stdint.h>
#include <stdio.h>
#include <stdlib.h>
#include <string.h>
#include <strings.h>
#include <stropts.h>
#include <termio.h>
#include <termios.h>
#include <time.h>
#include <unistd.h>
#include <utime.h>
#include <stddef.h>
#include <dlfcn.h>
#include <malloc.h>
#include <memory.h>
#include <netinet/if_ether.h>
#include <stdint.h>
#include <sys/utsname.h>

int main(int argc, char** argv)
{
  (void)argv;
#ifndef _strtoi64
  return ((int*)(&_strtoi64))[argc];
#else
  (void)argc;
  return 0;
#endif
}
Determining if the setmode exist failed with the following output:
Change Dir: /home/nineis/ws/gpt-frontend/tvm/temp/cmake-3.24.1/CMakeFiles/CMakeTmp

Run Build Command(s):/usr/bin/make -f Makefile cmTC_f91cf/fast && make  -f CMakeFiles/cmTC_f91cf.dir/build.make CMakeFiles/cmTC_f91cf.dir/build
make[1]: Entering directory '/home/nineis/ws/gpt-frontend/tvm/temp/cmake-3.24.1/CMakeFiles/CMakeTmp'
Building C object CMakeFiles/cmTC_f91cf.dir/CheckSymbolExists.c.o
/usr/bin/gcc   -w  -o CMakeFiles/cmTC_f91cf.dir/CheckSymbolExists.c.o -c /home/nineis/ws/gpt-frontend/tvm/temp/cmake-3.24.1/CMakeFiles/CMakeTmp/CheckSymbolExists.c
/home/nineis/ws/gpt-frontend/tvm/temp/cmake-3.24.1/CMakeFiles/CMakeTmp/CheckSymbolExists.c: In function 'main':
/home/nineis/ws/gpt-frontend/tvm/temp/cmake-3.24.1/CMakeFiles/CMakeTmp/CheckSymbolExists.c:57:19: error: 'setmode' undeclared (first use in this function); did you mean 'setgid'?
   return ((int*)(&setmode))[argc];
                   ^~~~~~~
                   setgid
/home/nineis/ws/gpt-frontend/tvm/temp/cmake-3.24.1/CMakeFiles/CMakeTmp/CheckSymbolExists.c:57:19: note: each undeclared identifier is reported only once for each function it appears in
CMakeFiles/cmTC_f91cf.dir/build.make:77: recipe for target 'CMakeFiles/cmTC_f91cf.dir/CheckSymbolExists.c.o' failed
make[1]: *** [CMakeFiles/cmTC_f91cf.dir/CheckSymbolExists.c.o] Error 1
make[1]: Leaving directory '/home/nineis/ws/gpt-frontend/tvm/temp/cmake-3.24.1/CMakeFiles/CMakeTmp'
Makefile:127: recipe for target 'cmTC_f91cf/fast' failed
make: *** [cmTC_f91cf/fast] Error 2


File /home/nineis/ws/gpt-frontend/tvm/temp/cmake-3.24.1/CMakeFiles/CMakeTmp/CheckSymbolExists.c:
/* */
#include <stdio.h>
#include <inttypes.h>
#include <sys/ioctl.h>
#include <sys/param.h>
#include <sys/poll.h>
#include <sys/resource.h>
#include <sys/select.h>
#include <sys/socket.h>
#include <sys/stat.h>
#include <sys/time.h>
#include <sys/types.h>
#include <sys/uio.h>
#include <sys/un.h>
#include <sys/xattr.h>
#include <alloca.h>
#include <arpa/inet.h>
#include <arpa/tftp.h>
#include <assert.h>
#include <errno.h>
#include <fcntl.h>
#include <ifaddrs.h>
#include <libgen.h>
#include <locale.h>
#include <net/if.h>
#include <netdb.h>
#include <netinet/in.h>
#include <netinet/tcp.h>
#include <poll.h>
#include <pwd.h>
#include <setjmp.h>
#include <signal.h>
#include <stdbool.h>
#include <stdint.h>
#include <stdio.h>
#include <stdlib.h>
#include <string.h>
#include <strings.h>
#include <stropts.h>
#include <termio.h>
#include <termios.h>
#include <time.h>
#include <unistd.h>
#include <utime.h>
#include <stddef.h>
#include <dlfcn.h>
#include <malloc.h>
#include <memory.h>
#include <netinet/if_ether.h>
#include <stdint.h>
#include <sys/utsname.h>

int main(int argc, char** argv)
{
  (void)argv;
#ifndef setmode
  return ((int*)(&setmode))[argc];
#else
  (void)argc;
  return 0;
#endif
}
Determining if the function mach_absolute_time exists failed with the following output:
Change Dir: /home/nineis/ws/gpt-frontend/tvm/temp/cmake-3.24.1/CMakeFiles/CMakeTmp

Run Build Command(s):/usr/bin/make -f Makefile cmTC_c9e89/fast && make  -f CMakeFiles/cmTC_c9e89.dir/build.make CMakeFiles/cmTC_c9e89.dir/build
make[1]: Entering directory '/home/nineis/ws/gpt-frontend/tvm/temp/cmake-3.24.1/CMakeFiles/CMakeTmp'
Building C object CMakeFiles/cmTC_c9e89.dir/CheckFunctionExists.c.o
/usr/bin/gcc   -w -DCHECK_FUNCTION_EXISTS=mach_absolute_time -o CMakeFiles/cmTC_c9e89.dir/CheckFunctionExists.c.o -c /home/nineis/ws/gpt-frontend/tvm/temp/cmake-3.24.1/Modules/CheckFunctionExists.c
Linking C executable cmTC_c9e89
/home/nineis/ws/gpt-frontend/tvm/temp/cmake-3.24.1/Bootstrap.cmk/cmake -E cmake_link_script CMakeFiles/cmTC_c9e89.dir/link.txt --verbose=1
/usr/bin/gcc  -w -DCHECK_FUNCTION_EXISTS=mach_absolute_time CMakeFiles/cmTC_c9e89.dir/CheckFunctionExists.c.o -o cmTC_c9e89 
CMakeFiles/cmTC_c9e89.dir/CheckFunctionExists.c.o: In function `main':
CheckFunctionExists.c:(.text+0x10): undefined reference to `mach_absolute_time'
collect2: error: ld returned 1 exit status
CMakeFiles/cmTC_c9e89.dir/build.make:98: recipe for target 'cmTC_c9e89' failed
make[1]: *** [cmTC_c9e89] Error 1
make[1]: Leaving directory '/home/nineis/ws/gpt-frontend/tvm/temp/cmake-3.24.1/CMakeFiles/CMakeTmp'
Makefile:127: recipe for target 'cmTC_c9e89/fast' failed
make: *** [cmTC_c9e89/fast] Error 2



Performing Curl Test HAVE_FSETXATTR_6 failed with the following output:
Change Dir: /home/nineis/ws/gpt-frontend/tvm/temp/cmake-3.24.1/CMakeFiles/CMakeTmp

Run Build Command(s):/usr/bin/make -f Makefile cmTC_c5acd/fast && make  -f CMakeFiles/cmTC_c5acd.dir/build.make CMakeFiles/cmTC_c5acd.dir/build
make[1]: Entering directory '/home/nineis/ws/gpt-frontend/tvm/temp/cmake-3.24.1/CMakeFiles/CMakeTmp'
Building C object CMakeFiles/cmTC_c5acd.dir/CurlTests.c.o
/usr/bin/gcc   -w -DHAVE_FSETXATTR_6  -DHAVE_STDIO_H -DHAVE_INTTYPES_H -DHAVE_SYS_IOCTL_H -DHAVE_SYS_PARAM_H -DHAVE_SYS_POLL_H -DHAVE_SYS_RESOURCE_H -DHAVE_SYS_SELECT_H -DHAVE_SYS_SOCKET_H -DHAVE_SYS_STAT_H -DHAVE_SYS_TIME_H -DHAVE_SYS_TYPES_H -DHAVE_SYS_UIO_H -DHAVE_SYS_UN_H -DHAVE_SYS_XATTR_H -DHAVE_ALLOCA_H -DHAVE_ARPA_INET_H -DHAVE_ARPA_TFTP_H -DHAVE_ASSERT_H -DHAVE_ERRNO_H -DHAVE_FCNTL_H -DHAVE_IFADDRS_H -DHAVE_LIBGEN_H -DHAVE_LOCALE_H -DHAVE_NET_IF_H -DHAVE_NETDB_H -DHAVE_NETINET_IN_H -DHAVE_NETINET_TCP_H -DHAVE_POLL_H -DHAVE_PWD_H -DHAVE_SETJMP_H -DHAVE_SIGNAL_H -DHAVE_STDBOOL_H -DHAVE_STDINT_H -DHAVE_STDIO_H -DHAVE_STDLIB_H -DHAVE_STRING_H -DHAVE_STRINGS_H -DHAVE_STROPTS_H -DHAVE_TERMIO_H -DHAVE_TERMIOS_H -DHAVE_TIME_H -DHAVE_UNISTD_H -DHAVE_UTIME_H -DHAVE_STDDEF_H -DHAVE_DLFCN_H -DHAVE_MALLOC_H -DHAVE_MEMORY_H -DHAVE_NETINET_IF_ETHER_H -DHAVE_STDINT_H -DHAVE_SYS_UTSNAME_H -o CMakeFiles/cmTC_c5acd.dir/CurlTests.c.o -c /home/nineis/ws/gpt-frontend/tvm/temp/cmake-3.24.1/Utilities/cmcurl/CMake/CurlTests.c
/home/nineis/ws/gpt-frontend/tvm/temp/cmake-3.24.1/Utilities/cmcurl/CMake/CurlTests.c: In function 'main':
/home/nineis/ws/gpt-frontend/tvm/temp/cmake-3.24.1/Utilities/cmcurl/CMake/CurlTests.c:443:3: error: too many arguments to function 'fsetxattr'
   fsetxattr(0, 0, 0, 0, 0, 0);
   ^~~~~~~~~
In file included from /home/nineis/ws/gpt-frontend/tvm/temp/cmake-3.24.1/Utilities/cmcurl/CMake/CurlTests.c:440:0:
/usr/include/x86_64-linux-gnu/sys/xattr.h:54:12: note: declared here
 extern int fsetxattr (int __fd, const char *__name, const void *__value,
            ^~~~~~~~~
CMakeFiles/cmTC_c5acd.dir/build.make:77: recipe for target 'CMakeFiles/cmTC_c5acd.dir/CurlTests.c.o' failed
make[1]: *** [CMakeFiles/cmTC_c5acd.dir/CurlTests.c.o] Error 1
make[1]: Leaving directory '/home/nineis/ws/gpt-frontend/tvm/temp/cmake-3.24.1/CMakeFiles/CMakeTmp'
Makefile:127: recipe for target 'cmTC_c5acd/fast' failed
make: *** [cmTC_c5acd/fast] Error 2


Determining size of ADDRESS_FAMILY failed with the following output:
Change Dir: /home/nineis/ws/gpt-frontend/tvm/temp/cmake-3.24.1/CMakeFiles/CMakeTmp

Run Build Command(s):/usr/bin/make -f Makefile cmTC_0b7cc/fast && make  -f CMakeFiles/cmTC_0b7cc.dir/build.make CMakeFiles/cmTC_0b7cc.dir/build
make[1]: Entering directory '/home/nineis/ws/gpt-frontend/tvm/temp/cmake-3.24.1/CMakeFiles/CMakeTmp'
Building C object CMakeFiles/cmTC_0b7cc.dir/SIZEOF_ADDRESS_FAMILY.c.o
/usr/bin/gcc   -w  -o CMakeFiles/cmTC_0b7cc.dir/SIZEOF_ADDRESS_FAMILY.c.o -c /home/nineis/ws/gpt-frontend/tvm/temp/cmake-3.24.1/CMakeFiles/CheckTypeSize/SIZEOF_ADDRESS_FAMILY.c
/home/nineis/ws/gpt-frontend/tvm/temp/cmake-3.24.1/CMakeFiles/CheckTypeSize/SIZEOF_ADDRESS_FAMILY.c:4:10: fatal error: ws2def.h: No such file or directory
 #include "ws2def.h"
          ^~~~~~~~~~
compilation terminated.
CMakeFiles/cmTC_0b7cc.dir/build.make:77: recipe for target 'CMakeFiles/cmTC_0b7cc.dir/SIZEOF_ADDRESS_FAMILY.c.o' failed
make[1]: *** [CMakeFiles/cmTC_0b7cc.dir/SIZEOF_ADDRESS_FAMILY.c.o] Error 1
make[1]: Leaving directory '/home/nineis/ws/gpt-frontend/tvm/temp/cmake-3.24.1/CMakeFiles/CMakeTmp'
Makefile:127: recipe for target 'cmTC_0b7cc/fast' failed
make: *** [cmTC_0b7cc/fast] Error 2


/home/nineis/ws/gpt-frontend/tvm/temp/cmake-3.24.1/CMakeFiles/CheckTypeSize/SIZEOF_ADDRESS_FAMILY.c:
#include <sys/types.h>
#include <stdint.h>
#include <stddef.h>
#include "ws2def.h"


#undef KEY
#if defined(__i386)
# define KEY '_','_','i','3','8','6'
#elif defined(__x86_64)
# define KEY '_','_','x','8','6','_','6','4'
#elif defined(__PPC64__)
# define KEY '_','_','P','P','C','6','4','_','_'
#elif defined(__ppc64__)
# define KEY '_','_','p','p','c','6','4','_','_'
#elif defined(__PPC__)
# define KEY '_','_','P','P','C','_','_'
#elif defined(__ppc__)
# define KEY '_','_','p','p','c','_','_'
#elif defined(__aarch64__)
# define KEY '_','_','a','a','r','c','h','6','4','_','_'
#elif defined(__ARM_ARCH_7A__)
# define KEY '_','_','A','R','M','_','A','R','C','H','_','7','A','_','_'
#elif defined(__ARM_ARCH_7S__)
# define KEY '_','_','A','R','M','_','A','R','C','H','_','7','S','_','_'
#endif

#define SIZE (sizeof(ADDRESS_FAMILY))
static char info_size[] =  {'I', 'N', 'F', 'O', ':', 's','i','z','e','[',
  ('0' + ((SIZE / 10000)%10)),
  ('0' + ((SIZE / 1000)%10)),
  ('0' + ((SIZE / 100)%10)),
  ('0' + ((SIZE / 10)%10)),
  ('0' +  (SIZE    % 10)),
  ']',
#ifdef KEY
  ' ','k','e','y','[', KEY, ']',
#endif
  '\0'};

#ifdef __CLASSIC_C__
int main(argc, argv) int argc; char *argv[];
#else
int main(int argc, char *argv[])
#endif
{
  int require = 0;
  require += info_size[argc];
  (void)argv;
  return require;
}


Performing Curl Test HAVE_IOCTLSOCKET failed with the following output:
Change Dir: /home/nineis/ws/gpt-frontend/tvm/temp/cmake-3.24.1/CMakeFiles/CMakeTmp

Run Build Command(s):/usr/bin/make -f Makefile cmTC_0ef82/fast && make  -f CMakeFiles/cmTC_0ef82.dir/build.make CMakeFiles/cmTC_0ef82.dir/build
make[1]: Entering directory '/home/nineis/ws/gpt-frontend/tvm/temp/cmake-3.24.1/CMakeFiles/CMakeTmp'
Building C object CMakeFiles/cmTC_0ef82.dir/CurlTests.c.o
/usr/bin/gcc   -w -DHAVE_IOCTLSOCKET  -DHAVE_STDIO_H -DHAVE_INTTYPES_H -DHAVE_SYS_IOCTL_H -DHAVE_SYS_PARAM_H -DHAVE_SYS_POLL_H -DHAVE_SYS_RESOURCE_H -DHAVE_SYS_SELECT_H -DHAVE_SYS_SOCKET_H -DHAVE_SYS_STAT_H -DHAVE_SYS_TIME_H -DHAVE_SYS_TYPES_H -DHAVE_SYS_UIO_H -DHAVE_SYS_UN_H -DHAVE_SYS_XATTR_H -DHAVE_ALLOCA_H -DHAVE_ARPA_INET_H -DHAVE_ARPA_TFTP_H -DHAVE_ASSERT_H -DHAVE_ERRNO_H -DHAVE_FCNTL_H -DHAVE_IFADDRS_H -DHAVE_LIBGEN_H -DHAVE_LOCALE_H -DHAVE_NET_IF_H -DHAVE_NETDB_H -DHAVE_NETINET_IN_H -DHAVE_NETINET_TCP_H -DHAVE_POLL_H -DHAVE_PWD_H -DHAVE_SETJMP_H -DHAVE_SIGNAL_H -DHAVE_STDBOOL_H -DHAVE_STDINT_H -DHAVE_STDIO_H -DHAVE_STDLIB_H -DHAVE_STRING_H -DHAVE_STRINGS_H -DHAVE_STROPTS_H -DHAVE_TERMIO_H -DHAVE_TERMIOS_H -DHAVE_TIME_H -DHAVE_UNISTD_H -DHAVE_UTIME_H -DHAVE_STDDEF_H -DHAVE_DLFCN_H -DHAVE_MALLOC_H -DHAVE_MEMORY_H -DHAVE_NETINET_IF_ETHER_H -DHAVE_STDINT_H -DHAVE_SYS_UTSNAME_H -o CMakeFiles/cmTC_0ef82.dir/CurlTests.c.o -c /home/nineis/ws/gpt-frontend/tvm/temp/cmake-3.24.1/Utilities/cmcurl/CMake/CurlTests.c
/home/nineis/ws/gpt-frontend/tvm/temp/cmake-3.24.1/Utilities/cmcurl/CMake/CurlTests.c: In function 'main':
/home/nineis/ws/gpt-frontend/tvm/temp/cmake-3.24.1/Utilities/cmcurl/CMake/CurlTests.c:241:44: error: 'FIONBIO' undeclared (first use in this function)
  unsigned long flags = ioctlsocket(socket, FIONBIO, &flags);
                                            ^~~~~~~
/home/nineis/ws/gpt-frontend/tvm/temp/cmake-3.24.1/Utilities/cmcurl/CMake/CurlTests.c:241:44: note: each undeclared identifier is reported only once for each function it appears in
CMakeFiles/cmTC_0ef82.dir/build.make:77: recipe for target 'CMakeFiles/cmTC_0ef82.dir/CurlTests.c.o' failed
make[1]: *** [CMakeFiles/cmTC_0ef82.dir/CurlTests.c.o] Error 1
make[1]: Leaving directory '/home/nineis/ws/gpt-frontend/tvm/temp/cmake-3.24.1/CMakeFiles/CMakeTmp'
Makefile:127: recipe for target 'cmTC_0ef82/fast' failed
make: *** [cmTC_0ef82/fast] Error 2


Performing Curl Test HAVE_IOCTLSOCKET_CAMEL failed with the following output:
Change Dir: /home/nineis/ws/gpt-frontend/tvm/temp/cmake-3.24.1/CMakeFiles/CMakeTmp

Run Build Command(s):/usr/bin/make -f Makefile cmTC_eb4b2/fast && make  -f CMakeFiles/cmTC_eb4b2.dir/build.make CMakeFiles/cmTC_eb4b2.dir/build
make[1]: Entering directory '/home/nineis/ws/gpt-frontend/tvm/temp/cmake-3.24.1/CMakeFiles/CMakeTmp'
Building C object CMakeFiles/cmTC_eb4b2.dir/CurlTests.c.o
/usr/bin/gcc   -w -DHAVE_IOCTLSOCKET_CAMEL  -DHAVE_STDIO_H -DHAVE_INTTYPES_H -DHAVE_SYS_IOCTL_H -DHAVE_SYS_PARAM_H -DHAVE_SYS_POLL_H -DHAVE_SYS_RESOURCE_H -DHAVE_SYS_SELECT_H -DHAVE_SYS_SOCKET_H -DHAVE_SYS_STAT_H -DHAVE_SYS_TIME_H -DHAVE_SYS_TYPES_H -DHAVE_SYS_UIO_H -DHAVE_SYS_UN_H -DHAVE_SYS_XATTR_H -DHAVE_ALLOCA_H -DHAVE_ARPA_INET_H -DHAVE_ARPA_TFTP_H -DHAVE_ASSERT_H -DHAVE_ERRNO_H -DHAVE_FCNTL_H -DHAVE_IFADDRS_H -DHAVE_LIBGEN_H -DHAVE_LOCALE_H -DHAVE_NET_IF_H -DHAVE_NETDB_H -DHAVE_NETINET_IN_H -DHAVE_NETINET_TCP_H -DHAVE_POLL_H -DHAVE_PWD_H -DHAVE_SETJMP_H -DHAVE_SIGNAL_H -DHAVE_STDBOOL_H -DHAVE_STDINT_H -DHAVE_STDIO_H -DHAVE_STDLIB_H -DHAVE_STRING_H -DHAVE_STRINGS_H -DHAVE_STROPTS_H -DHAVE_TERMIO_H -DHAVE_TERMIOS_H -DHAVE_TIME_H -DHAVE_UNISTD_H -DHAVE_UTIME_H -DHAVE_STDDEF_H -DHAVE_DLFCN_H -DHAVE_MALLOC_H -DHAVE_MEMORY_H -DHAVE_NETINET_IF_ETHER_H -DHAVE_STDINT_H -DHAVE_SYS_UTSNAME_H -o CMakeFiles/cmTC_eb4b2.dir/CurlTests.c.o -c /home/nineis/ws/gpt-frontend/tvm/temp/cmake-3.24.1/Utilities/cmcurl/CMake/CurlTests.c
Linking C executable cmTC_eb4b2
/home/nineis/ws/gpt-frontend/tvm/temp/cmake-3.24.1/Bootstrap.cmk/cmake -E cmake_link_script CMakeFiles/cmTC_eb4b2.dir/link.txt --verbose=1
/usr/bin/gcc  -w -DHAVE_IOCTLSOCKET_CAMEL  -DHAVE_STDIO_H -DHAVE_INTTYPES_H -DHAVE_SYS_IOCTL_H -DHAVE_SYS_PARAM_H -DHAVE_SYS_POLL_H -DHAVE_SYS_RESOURCE_H -DHAVE_SYS_SELECT_H -DHAVE_SYS_SOCKET_H -DHAVE_SYS_STAT_H -DHAVE_SYS_TIME_H -DHAVE_SYS_TYPES_H -DHAVE_SYS_UIO_H -DHAVE_SYS_UN_H -DHAVE_SYS_XATTR_H -DHAVE_ALLOCA_H -DHAVE_ARPA_INET_H -DHAVE_ARPA_TFTP_H -DHAVE_ASSERT_H -DHAVE_ERRNO_H -DHAVE_FCNTL_H -DHAVE_IFADDRS_H -DHAVE_LIBGEN_H -DHAVE_LOCALE_H -DHAVE_NET_IF_H -DHAVE_NETDB_H -DHAVE_NETINET_IN_H -DHAVE_NETINET_TCP_H -DHAVE_POLL_H -DHAVE_PWD_H -DHAVE_SETJMP_H -DHAVE_SIGNAL_H -DHAVE_STDBOOL_H -DHAVE_STDINT_H -DHAVE_STDIO_H -DHAVE_STDLIB_H -DHAVE_STRING_H -DHAVE_STRINGS_H -DHAVE_STROPTS_H -DHAVE_TERMIO_H -DHAVE_TERMIOS_H -DHAVE_TIME_H -DHAVE_UNISTD_H -DHAVE_UTIME_H -DHAVE_STDDEF_H -DHAVE_DLFCN_H -DHAVE_MALLOC_H -DHAVE_MEMORY_H -DHAVE_NETINET_IF_ETHER_H -DHAVE_STDINT_H -DHAVE_SYS_UTSNAME_H CMakeFiles/cmTC_eb4b2.dir/CurlTests.c.o -o cmTC_eb4b2 
CMakeFiles/cmTC_eb4b2.dir/CurlTests.c.o: In function `main':
CurlTests.c:(.text+0x19): undefined reference to `IoctlSocket'
collect2: error: ld returned 1 exit status
CMakeFiles/cmTC_eb4b2.dir/build.make:98: recipe for target 'cmTC_eb4b2' failed
make[1]: *** [cmTC_eb4b2] Error 1
make[1]: Leaving directory '/home/nineis/ws/gpt-frontend/tvm/temp/cmake-3.24.1/CMakeFiles/CMakeTmp'
Makefile:127: recipe for target 'cmTC_eb4b2/fast' failed
make: *** [cmTC_eb4b2/fast] Error 2


Performing Curl Test HAVE_IOCTLSOCKET_CAMEL_FIONBIO failed with the following output:
Change Dir: /home/nineis/ws/gpt-frontend/tvm/temp/cmake-3.24.1/CMakeFiles/CMakeTmp

Run Build Command(s):/usr/bin/make -f Makefile cmTC_66e75/fast && make  -f CMakeFiles/cmTC_66e75.dir/build.make CMakeFiles/cmTC_66e75.dir/build
make[1]: Entering directory '/home/nineis/ws/gpt-frontend/tvm/temp/cmake-3.24.1/CMakeFiles/CMakeTmp'
Building C object CMakeFiles/cmTC_66e75.dir/CurlTests.c.o
/usr/bin/gcc   -w -DHAVE_IOCTLSOCKET_CAMEL_FIONBIO  -DHAVE_STDIO_H -DHAVE_INTTYPES_H -DHAVE_SYS_IOCTL_H -DHAVE_SYS_PARAM_H -DHAVE_SYS_POLL_H -DHAVE_SYS_RESOURCE_H -DHAVE_SYS_SELECT_H -DHAVE_SYS_SOCKET_H -DHAVE_SYS_STAT_H -DHAVE_SYS_TIME_H -DHAVE_SYS_TYPES_H -DHAVE_SYS_UIO_H -DHAVE_SYS_UN_H -DHAVE_SYS_XATTR_H -DHAVE_ALLOCA_H -DHAVE_ARPA_INET_H -DHAVE_ARPA_TFTP_H -DHAVE_ASSERT_H -DHAVE_ERRNO_H -DHAVE_FCNTL_H -DHAVE_IFADDRS_H -DHAVE_LIBGEN_H -DHAVE_LOCALE_H -DHAVE_NET_IF_H -DHAVE_NETDB_H -DHAVE_NETINET_IN_H -DHAVE_NETINET_TCP_H -DHAVE_POLL_H -DHAVE_PWD_H -DHAVE_SETJMP_H -DHAVE_SIGNAL_H -DHAVE_STDBOOL_H -DHAVE_STDINT_H -DHAVE_STDIO_H -DHAVE_STDLIB_H -DHAVE_STRING_H -DHAVE_STRINGS_H -DHAVE_STROPTS_H -DHAVE_TERMIO_H -DHAVE_TERMIOS_H -DHAVE_TIME_H -DHAVE_UNISTD_H -DHAVE_UTIME_H -DHAVE_STDDEF_H -DHAVE_DLFCN_H -DHAVE_MALLOC_H -DHAVE_MEMORY_H -DHAVE_NETINET_IF_ETHER_H -DHAVE_STDINT_H -DHAVE_SYS_UTSNAME_H -o CMakeFiles/cmTC_66e75.dir/CurlTests.c.o -c /home/nineis/ws/gpt-frontend/tvm/temp/cmake-3.24.1/Utilities/cmcurl/CMake/CurlTests.c
/home/nineis/ws/gpt-frontend/tvm/temp/cmake-3.24.1/Utilities/cmcurl/CMake/CurlTests.c: In function 'main':
/home/nineis/ws/gpt-frontend/tvm/temp/cmake-3.24.1/Utilities/cmcurl/CMake/CurlTests.c:289:32: error: 'FIONBIO' undeclared (first use in this function)
         if(0 != IoctlSocket(0, FIONBIO, &flags))
                                ^~~~~~~
/home/nineis/ws/gpt-frontend/tvm/temp/cmake-3.24.1/Utilities/cmcurl/CMake/CurlTests.c:289:32: note: each undeclared identifier is reported only once for each function it appears in
CMakeFiles/cmTC_66e75.dir/build.make:77: recipe for target 'CMakeFiles/cmTC_66e75.dir/CurlTests.c.o' failed
make[1]: *** [CMakeFiles/cmTC_66e75.dir/CurlTests.c.o] Error 1
make[1]: Leaving directory '/home/nineis/ws/gpt-frontend/tvm/temp/cmake-3.24.1/CMakeFiles/CMakeTmp'
Makefile:127: recipe for target 'cmTC_66e75/fast' failed
make: *** [cmTC_66e75/fast] Error 2


Performing Curl Test HAVE_IOCTLSOCKET_FIONBIO failed with the following output:
Change Dir: /home/nineis/ws/gpt-frontend/tvm/temp/cmake-3.24.1/CMakeFiles/CMakeTmp

Run Build Command(s):/usr/bin/make -f Makefile cmTC_8bc4c/fast && make  -f CMakeFiles/cmTC_8bc4c.dir/build.make CMakeFiles/cmTC_8bc4c.dir/build
make[1]: Entering directory '/home/nineis/ws/gpt-frontend/tvm/temp/cmake-3.24.1/CMakeFiles/CMakeTmp'
Building C object CMakeFiles/cmTC_8bc4c.dir/CurlTests.c.o
/usr/bin/gcc   -w -DHAVE_IOCTLSOCKET_FIONBIO  -DHAVE_STDIO_H -DHAVE_INTTYPES_H -DHAVE_SYS_IOCTL_H -DHAVE_SYS_PARAM_H -DHAVE_SYS_POLL_H -DHAVE_SYS_RESOURCE_H -DHAVE_SYS_SELECT_H -DHAVE_SYS_SOCKET_H -DHAVE_SYS_STAT_H -DHAVE_SYS_TIME_H -DHAVE_SYS_TYPES_H -DHAVE_SYS_UIO_H -DHAVE_SYS_UN_H -DHAVE_SYS_XATTR_H -DHAVE_ALLOCA_H -DHAVE_ARPA_INET_H -DHAVE_ARPA_TFTP_H -DHAVE_ASSERT_H -DHAVE_ERRNO_H -DHAVE_FCNTL_H -DHAVE_IFADDRS_H -DHAVE_LIBGEN_H -DHAVE_LOCALE_H -DHAVE_NET_IF_H -DHAVE_NETDB_H -DHAVE_NETINET_IN_H -DHAVE_NETINET_TCP_H -DHAVE_POLL_H -DHAVE_PWD_H -DHAVE_SETJMP_H -DHAVE_SIGNAL_H -DHAVE_STDBOOL_H -DHAVE_STDINT_H -DHAVE_STDIO_H -DHAVE_STDLIB_H -DHAVE_STRING_H -DHAVE_STRINGS_H -DHAVE_STROPTS_H -DHAVE_TERMIO_H -DHAVE_TERMIOS_H -DHAVE_TIME_H -DHAVE_UNISTD_H -DHAVE_UTIME_H -DHAVE_STDDEF_H -DHAVE_DLFCN_H -DHAVE_MALLOC_H -DHAVE_MEMORY_H -DHAVE_NETINET_IF_ETHER_H -DHAVE_STDINT_H -DHAVE_SYS_UTSNAME_H -o CMakeFiles/cmTC_8bc4c.dir/CurlTests.c.o -c /home/nineis/ws/gpt-frontend/tvm/temp/cmake-3.24.1/Utilities/cmcurl/CMake/CurlTests.c
/home/nineis/ws/gpt-frontend/tvm/temp/cmake-3.24.1/Utilities/cmcurl/CMake/CurlTests.c: In function 'main':
/home/nineis/ws/gpt-frontend/tvm/temp/cmake-3.24.1/Utilities/cmcurl/CMake/CurlTests.c:312:32: error: 'FIONBIO' undeclared (first use in this function)
         if(0 != ioctlsocket(0, FIONBIO, &flags))
                                ^~~~~~~
/home/nineis/ws/gpt-frontend/tvm/temp/cmake-3.24.1/Utilities/cmcurl/CMake/CurlTests.c:312:32: note: each undeclared identifier is reported only once for each function it appears in
CMakeFiles/cmTC_8bc4c.dir/build.make:77: recipe for target 'CMakeFiles/cmTC_8bc4c.dir/CurlTests.c.o' failed
make[1]: *** [CMakeFiles/cmTC_8bc4c.dir/CurlTests.c.o] Error 1
make[1]: Leaving directory '/home/nineis/ws/gpt-frontend/tvm/temp/cmake-3.24.1/CMakeFiles/CMakeTmp'
Makefile:127: recipe for target 'cmTC_8bc4c/fast' failed
make: *** [cmTC_8bc4c/fast] Error 2


Performing Curl Test HAVE_SETSOCKOPT_SO_NONBLOCK failed with the following output:
Change Dir: /home/nineis/ws/gpt-frontend/tvm/temp/cmake-3.24.1/CMakeFiles/CMakeTmp

Run Build Command(s):/usr/bin/make -f Makefile cmTC_f7e02/fast && make  -f CMakeFiles/cmTC_f7e02.dir/build.make CMakeFiles/cmTC_f7e02.dir/build
make[1]: Entering directory '/home/nineis/ws/gpt-frontend/tvm/temp/cmake-3.24.1/CMakeFiles/CMakeTmp'
Building C object CMakeFiles/cmTC_f7e02.dir/CurlTests.c.o
/usr/bin/gcc   -w -DHAVE_SETSOCKOPT_SO_NONBLOCK  -DHAVE_STDIO_H -DHAVE_INTTYPES_H -DHAVE_SYS_IOCTL_H -DHAVE_SYS_PARAM_H -DHAVE_SYS_POLL_H -DHAVE_SYS_RESOURCE_H -DHAVE_SYS_SELECT_H -DHAVE_SYS_SOCKET_H -DHAVE_SYS_STAT_H -DHAVE_SYS_TIME_H -DHAVE_SYS_TYPES_H -DHAVE_SYS_UIO_H -DHAVE_SYS_UN_H -DHAVE_SYS_XATTR_H -DHAVE_ALLOCA_H -DHAVE_ARPA_INET_H -DHAVE_ARPA_TFTP_H -DHAVE_ASSERT_H -DHAVE_ERRNO_H -DHAVE_FCNTL_H -DHAVE_IFADDRS_H -DHAVE_LIBGEN_H -DHAVE_LOCALE_H -DHAVE_NET_IF_H -DHAVE_NETDB_H -DHAVE_NETINET_IN_H -DHAVE_NETINET_TCP_H -DHAVE_POLL_H -DHAVE_PWD_H -DHAVE_SETJMP_H -DHAVE_SIGNAL_H -DHAVE_STDBOOL_H -DHAVE_STDINT_H -DHAVE_STDIO_H -DHAVE_STDLIB_H -DHAVE_STRING_H -DHAVE_STRINGS_H -DHAVE_STROPTS_H -DHAVE_TERMIO_H -DHAVE_TERMIOS_H -DHAVE_TIME_H -DHAVE_UNISTD_H -DHAVE_UTIME_H -DHAVE_STDDEF_H -DHAVE_DLFCN_H -DHAVE_MALLOC_H -DHAVE_MEMORY_H -DHAVE_NETINET_IF_ETHER_H -DHAVE_STDINT_H -DHAVE_SYS_UTSNAME_H -o CMakeFiles/cmTC_f7e02.dir/CurlTests.c.o -c /home/nineis/ws/gpt-frontend/tvm/temp/cmake-3.24.1/Utilities/cmcurl/CMake/CurlTests.c
/home/nineis/ws/gpt-frontend/tvm/temp/cmake-3.24.1/Utilities/cmcurl/CMake/CurlTests.c: In function 'main':
/home/nineis/ws/gpt-frontend/tvm/temp/cmake-3.24.1/Utilities/cmcurl/CMake/CurlTests.c:404:43: error: 'SO_NONBLOCK' undeclared (first use in this function); did you mean 'SOCK_NONBLOCK'?
         if(0 != setsockopt(0, SOL_SOCKET, SO_NONBLOCK, 0, 0))
                                           ^~~~~~~~~~~
                                           SOCK_NONBLOCK
/home/nineis/ws/gpt-frontend/tvm/temp/cmake-3.24.1/Utilities/cmcurl/CMake/CurlTests.c:404:43: note: each undeclared identifier is reported only once for each function it appears in
CMakeFiles/cmTC_f7e02.dir/build.make:77: recipe for target 'CMakeFiles/cmTC_f7e02.dir/CurlTests.c.o' failed
make[1]: *** [CMakeFiles/cmTC_f7e02.dir/CurlTests.c.o] Error 1
make[1]: Leaving directory '/home/nineis/ws/gpt-frontend/tvm/temp/cmake-3.24.1/CMakeFiles/CMakeTmp'
Makefile:127: recipe for target 'cmTC_f7e02/fast' failed
make: *** [cmTC_f7e02/fast] Error 2


Performing Curl Test HAVE_O_NONBLOCK failed with the following output:
Change Dir: /home/nineis/ws/gpt-frontend/tvm/temp/cmake-3.24.1/CMakeFiles/CMakeTmp

Run Build Command(s):/usr/bin/make -f Makefile cmTC_2a8b2/fast && make  -f CMakeFiles/cmTC_2a8b2.dir/build.make CMakeFiles/cmTC_2a8b2.dir/build
make[1]: Entering directory '/home/nineis/ws/gpt-frontend/tvm/temp/cmake-3.24.1/CMakeFiles/CMakeTmp'
Building C object CMakeFiles/cmTC_2a8b2.dir/CurlTests.c.o
/usr/bin/gcc   -w -DHAVE_O_NONBLOCK  -DHAVE_STDIO_H -DHAVE_INTTYPES_H -DHAVE_SYS_IOCTL_H -DHAVE_SYS_PARAM_H -DHAVE_SYS_POLL_H -DHAVE_SYS_RESOURCE_H -DHAVE_SYS_SELECT_H -DHAVE_SYS_SOCKET_H -DHAVE_SYS_STAT_H -DHAVE_SYS_TIME_H -DHAVE_SYS_TYPES_H -DHAVE_SYS_UIO_H -DHAVE_SYS_UN_H -DHAVE_SYS_XATTR_H -DHAVE_ALLOCA_H -DHAVE_ARPA_INET_H -DHAVE_ARPA_TFTP_H -DHAVE_ASSERT_H -DHAVE_ERRNO_H -DHAVE_FCNTL_H -DHAVE_IFADDRS_H -DHAVE_LIBGEN_H -DHAVE_LOCALE_H -DHAVE_NET_IF_H -DHAVE_NETDB_H -DHAVE_NETINET_IN_H -DHAVE_NETINET_TCP_H -DHAVE_POLL_H -DHAVE_PWD_H -DHAVE_SETJMP_H -DHAVE_SIGNAL_H -DHAVE_STDBOOL_H -DHAVE_STDINT_H -DHAVE_STDIO_H -DHAVE_STDLIB_H -DHAVE_STRING_H -DHAVE_STRINGS_H -DHAVE_STROPTS_H -DHAVE_TERMIO_H -DHAVE_TERMIOS_H -DHAVE_TIME_H -DHAVE_UNISTD_H -DHAVE_UTIME_H -DHAVE_STDDEF_H -DHAVE_DLFCN_H -DHAVE_MALLOC_H -DHAVE_MEMORY_H -DHAVE_NETINET_IF_ETHER_H -DHAVE_STDINT_H -DHAVE_SYS_UTSNAME_H -o CMakeFiles/cmTC_2a8b2.dir/CurlTests.c.o -c /home/nineis/ws/gpt-frontend/tvm/temp/cmake-3.24.1/Utilities/cmcurl/CMake/CurlTests.c
Linking C executable cmTC_2a8b2
/home/nineis/ws/gpt-frontend/tvm/temp/cmake-3.24.1/Bootstrap.cmk/cmake -E cmake_link_script CMakeFiles/cmTC_2a8b2.dir/link.txt --verbose=1
/usr/bin/gcc  -w -DHAVE_O_NONBLOCK  -DHAVE_STDIO_H -DHAVE_INTTYPES_H -DHAVE_SYS_IOCTL_H -DHAVE_SYS_PARAM_H -DHAVE_SYS_POLL_H -DHAVE_SYS_RESOURCE_H -DHAVE_SYS_SELECT_H -DHAVE_SYS_SOCKET_H -DHAVE_SYS_STAT_H -DHAVE_SYS_TIME_H -DHAVE_SYS_TYPES_H -DHAVE_SYS_UIO_H -DHAVE_SYS_UN_H -DHAVE_SYS_XATTR_H -DHAVE_ALLOCA_H -DHAVE_ARPA_INET_H -DHAVE_ARPA_TFTP_H -DHAVE_ASSERT_H -DHAVE_ERRNO_H -DHAVE_FCNTL_H -DHAVE_IFADDRS_H -DHAVE_LIBGEN_H -DHAVE_LOCALE_H -DHAVE_NET_IF_H -DHAVE_NETDB_H -DHAVE_NETINET_IN_H -DHAVE_NETINET_TCP_H -DHAVE_POLL_H -DHAVE_PWD_H -DHAVE_SETJMP_H -DHAVE_SIGNAL_H -DHAVE_STDBOOL_H -DHAVE_STDINT_H -DHAVE_STDIO_H -DHAVE_STDLIB_H -DHAVE_STRING_H -DHAVE_STRINGS_H -DHAVE_STROPTS_H -DHAVE_TERMIO_H -DHAVE_TERMIOS_H -DHAVE_TIME_H -DHAVE_UNISTD_H -DHAVE_UTIME_H -DHAVE_STDDEF_H -DHAVE_DLFCN_H -DHAVE_MALLOC_H -DHAVE_MEMORY_H -DHAVE_NETINET_IF_ETHER_H -DHAVE_STDINT_H -DHAVE_SYS_UTSNAME_H CMakeFiles/cmTC_2a8b2.dir/CurlTests.c.o -o cmTC_2a8b2 
/usr/lib/gcc/x86_64-linux-gnu/7/../../../x86_64-linux-gnu/Scrt1.o: In function `_start':
(.text+0x20): undefined reference to `main'
collect2: error: ld returned 1 exit status
CMakeFiles/cmTC_2a8b2.dir/build.make:98: recipe for target 'cmTC_2a8b2' failed
make[1]: *** [cmTC_2a8b2] Error 1
make[1]: Leaving directory '/home/nineis/ws/gpt-frontend/tvm/temp/cmake-3.24.1/CMakeFiles/CMakeTmp'
Makefile:127: recipe for target 'cmTC_2a8b2/fast' failed
make: *** [cmTC_2a8b2/fast] Error 2


Performing Curl Test HAVE_GETHOSTBYNAME_R_3 failed with the following output:
Change Dir: /home/nineis/ws/gpt-frontend/tvm/temp/cmake-3.24.1/CMakeFiles/CMakeTmp

Run Build Command(s):/usr/bin/make -f Makefile cmTC_f13eb/fast && make  -f CMakeFiles/cmTC_f13eb.dir/build.make CMakeFiles/cmTC_f13eb.dir/build
make[1]: Entering directory '/home/nineis/ws/gpt-frontend/tvm/temp/cmake-3.24.1/CMakeFiles/CMakeTmp'
Building C object CMakeFiles/cmTC_f13eb.dir/CurlTests.c.o
/usr/bin/gcc   -w -DHAVE_GETHOSTBYNAME_R_3  -DHAVE_STDIO_H -DHAVE_INTTYPES_H -DHAVE_SYS_IOCTL_H -DHAVE_SYS_PARAM_H -DHAVE_SYS_POLL_H -DHAVE_SYS_RESOURCE_H -DHAVE_SYS_SELECT_H -DHAVE_SYS_SOCKET_H -DHAVE_SYS_STAT_H -DHAVE_SYS_TIME_H -DHAVE_SYS_TYPES_H -DHAVE_SYS_UIO_H -DHAVE_SYS_UN_H -DHAVE_SYS_XATTR_H -DHAVE_ALLOCA_H -DHAVE_ARPA_INET_H -DHAVE_ARPA_TFTP_H -DHAVE_ASSERT_H -DHAVE_ERRNO_H -DHAVE_FCNTL_H -DHAVE_IFADDRS_H -DHAVE_LIBGEN_H -DHAVE_LOCALE_H -DHAVE_NET_IF_H -DHAVE_NETDB_H -DHAVE_NETINET_IN_H -DHAVE_NETINET_TCP_H -DHAVE_POLL_H -DHAVE_PWD_H -DHAVE_SETJMP_H -DHAVE_SIGNAL_H -DHAVE_STDBOOL_H -DHAVE_STDINT_H -DHAVE_STDIO_H -DHAVE_STDLIB_H -DHAVE_STRING_H -DHAVE_STRINGS_H -DHAVE_STROPTS_H -DHAVE_TERMIO_H -DHAVE_TERMIOS_H -DHAVE_TIME_H -DHAVE_UNISTD_H -DHAVE_UTIME_H -DHAVE_STDDEF_H -DHAVE_DLFCN_H -DHAVE_MALLOC_H -DHAVE_MEMORY_H -DHAVE_NETINET_IF_ETHER_H -DHAVE_STDINT_H -DHAVE_SYS_UTSNAME_H -o CMakeFiles/cmTC_f13eb.dir/CurlTests.c.o -c /home/nineis/ws/gpt-frontend/tvm/temp/cmake-3.24.1/Utilities/cmcurl/CMake/CurlTests.c
/home/nineis/ws/gpt-frontend/tvm/temp/cmake-3.24.1/Utilities/cmcurl/CMake/CurlTests.c: In function 'main':
/home/nineis/ws/gpt-frontend/tvm/temp/cmake-3.24.1/Utilities/cmcurl/CMake/CurlTests.c:97:23: error: storage size of 'hdata' isn't known
   struct hostent_data hdata;
                       ^~~~~
/home/nineis/ws/gpt-frontend/tvm/temp/cmake-3.24.1/Utilities/cmcurl/CMake/CurlTests.c:109:8: error: too few arguments to function 'gethostbyname_r'
   rc = gethostbyname_r(address, &h, &hdata);
        ^~~~~~~~~~~~~~~
In file included from /home/nineis/ws/gpt-frontend/tvm/temp/cmake-3.24.1/Utilities/cmcurl/CMake/CurlTests.c:87:0:
/usr/include/netdb.h:177:12: note: declared here
 extern int gethostbyname_r (const char *__restrict __name,
            ^~~~~~~~~~~~~~~
CMakeFiles/cmTC_f13eb.dir/build.make:77: recipe for target 'CMakeFiles/cmTC_f13eb.dir/CurlTests.c.o' failed
make[1]: *** [CMakeFiles/cmTC_f13eb.dir/CurlTests.c.o] Error 1
make[1]: Leaving directory '/home/nineis/ws/gpt-frontend/tvm/temp/cmake-3.24.1/CMakeFiles/CMakeTmp'
Makefile:127: recipe for target 'cmTC_f13eb/fast' failed
make: *** [cmTC_f13eb/fast] Error 2


Performing Curl Test HAVE_GETHOSTBYNAME_R_5 failed with the following output:
Change Dir: /home/nineis/ws/gpt-frontend/tvm/temp/cmake-3.24.1/CMakeFiles/CMakeTmp

Run Build Command(s):/usr/bin/make -f Makefile cmTC_a617a/fast && make  -f CMakeFiles/cmTC_a617a.dir/build.make CMakeFiles/cmTC_a617a.dir/build
make[1]: Entering directory '/home/nineis/ws/gpt-frontend/tvm/temp/cmake-3.24.1/CMakeFiles/CMakeTmp'
Building C object CMakeFiles/cmTC_a617a.dir/CurlTests.c.o
/usr/bin/gcc   -w -DHAVE_GETHOSTBYNAME_R_5  -DHAVE_STDIO_H -DHAVE_INTTYPES_H -DHAVE_SYS_IOCTL_H -DHAVE_SYS_PARAM_H -DHAVE_SYS_POLL_H -DHAVE_SYS_RESOURCE_H -DHAVE_SYS_SELECT_H -DHAVE_SYS_SOCKET_H -DHAVE_SYS_STAT_H -DHAVE_SYS_TIME_H -DHAVE_SYS_TYPES_H -DHAVE_SYS_UIO_H -DHAVE_SYS_UN_H -DHAVE_SYS_XATTR_H -DHAVE_ALLOCA_H -DHAVE_ARPA_INET_H -DHAVE_ARPA_TFTP_H -DHAVE_ASSERT_H -DHAVE_ERRNO_H -DHAVE_FCNTL_H -DHAVE_IFADDRS_H -DHAVE_LIBGEN_H -DHAVE_LOCALE_H -DHAVE_NET_IF_H -DHAVE_NETDB_H -DHAVE_NETINET_IN_H -DHAVE_NETINET_TCP_H -DHAVE_POLL_H -DHAVE_PWD_H -DHAVE_SETJMP_H -DHAVE_SIGNAL_H -DHAVE_STDBOOL_H -DHAVE_STDINT_H -DHAVE_STDIO_H -DHAVE_STDLIB_H -DHAVE_STRING_H -DHAVE_STRINGS_H -DHAVE_STROPTS_H -DHAVE_TERMIO_H -DHAVE_TERMIOS_H -DHAVE_TIME_H -DHAVE_UNISTD_H -DHAVE_UTIME_H -DHAVE_STDDEF_H -DHAVE_DLFCN_H -DHAVE_MALLOC_H -DHAVE_MEMORY_H -DHAVE_NETINET_IF_ETHER_H -DHAVE_STDINT_H -DHAVE_SYS_UTSNAME_H -o CMakeFiles/cmTC_a617a.dir/CurlTests.c.o -c /home/nineis/ws/gpt-frontend/tvm/temp/cmake-3.24.1/Utilities/cmcurl/CMake/CurlTests.c
/home/nineis/ws/gpt-frontend/tvm/temp/cmake-3.24.1/Utilities/cmcurl/CMake/CurlTests.c: In function 'main':
/home/nineis/ws/gpt-frontend/tvm/temp/cmake-3.24.1/Utilities/cmcurl/CMake/CurlTests.c:112:8: error: too few arguments to function 'gethostbyname_r'
   rc = gethostbyname_r(address, &h, buffer, 8192, &h_errnop);
        ^~~~~~~~~~~~~~~
In file included from /home/nineis/ws/gpt-frontend/tvm/temp/cmake-3.24.1/Utilities/cmcurl/CMake/CurlTests.c:87:0:
/usr/include/netdb.h:177:12: note: declared here
 extern int gethostbyname_r (const char *__restrict __name,
            ^~~~~~~~~~~~~~~
CMakeFiles/cmTC_a617a.dir/build.make:77: recipe for target 'CMakeFiles/cmTC_a617a.dir/CurlTests.c.o' failed
make[1]: *** [CMakeFiles/cmTC_a617a.dir/CurlTests.c.o] Error 1
make[1]: Leaving directory '/home/nineis/ws/gpt-frontend/tvm/temp/cmake-3.24.1/CMakeFiles/CMakeTmp'
Makefile:127: recipe for target 'cmTC_a617a/fast' failed
make: *** [cmTC_a617a/fast] Error 2


Performing Curl Test HAVE_GETHOSTBYNAME_R_3_REENTRANT failed with the following output:
Change Dir: /home/nineis/ws/gpt-frontend/tvm/temp/cmake-3.24.1/CMakeFiles/CMakeTmp

Run Build Command(s):/usr/bin/make -f Makefile cmTC_be7f0/fast && make  -f CMakeFiles/cmTC_be7f0.dir/build.make CMakeFiles/cmTC_be7f0.dir/build
make[1]: Entering directory '/home/nineis/ws/gpt-frontend/tvm/temp/cmake-3.24.1/CMakeFiles/CMakeTmp'
Building C object CMakeFiles/cmTC_be7f0.dir/CurlTests.c.o
/usr/bin/gcc   -w -DHAVE_GETHOSTBYNAME_R_3_REENTRANT  -DHAVE_STDIO_H -DHAVE_INTTYPES_H -DHAVE_SYS_IOCTL_H -DHAVE_SYS_PARAM_H -DHAVE_SYS_POLL_H -DHAVE_SYS_RESOURCE_H -DHAVE_SYS_SELECT_H -DHAVE_SYS_SOCKET_H -DHAVE_SYS_STAT_H -DHAVE_SYS_TIME_H -DHAVE_SYS_TYPES_H -DHAVE_SYS_UIO_H -DHAVE_SYS_UN_H -DHAVE_SYS_XATTR_H -DHAVE_ALLOCA_H -DHAVE_ARPA_INET_H -DHAVE_ARPA_TFTP_H -DHAVE_ASSERT_H -DHAVE_ERRNO_H -DHAVE_FCNTL_H -DHAVE_IFADDRS_H -DHAVE_LIBGEN_H -DHAVE_LOCALE_H -DHAVE_NET_IF_H -DHAVE_NETDB_H -DHAVE_NETINET_IN_H -DHAVE_NETINET_TCP_H -DHAVE_POLL_H -DHAVE_PWD_H -DHAVE_SETJMP_H -DHAVE_SIGNAL_H -DHAVE_STDBOOL_H -DHAVE_STDINT_H -DHAVE_STDIO_H -DHAVE_STDLIB_H -DHAVE_STRING_H -DHAVE_STRINGS_H -DHAVE_STROPTS_H -DHAVE_TERMIO_H -DHAVE_TERMIOS_H -DHAVE_TIME_H -DHAVE_UNISTD_H -DHAVE_UTIME_H -DHAVE_STDDEF_H -DHAVE_DLFCN_H -DHAVE_MALLOC_H -DHAVE_MEMORY_H -DHAVE_NETINET_IF_ETHER_H -DHAVE_STDINT_H -DHAVE_SYS_UTSNAME_H -o CMakeFiles/cmTC_be7f0.dir/CurlTests.c.o -c /home/nineis/ws/gpt-frontend/tvm/temp/cmake-3.24.1/Utilities/cmcurl/CMake/CurlTests.c
/home/nineis/ws/gpt-frontend/tvm/temp/cmake-3.24.1/Utilities/cmcurl/CMake/CurlTests.c: In function 'main':
/home/nineis/ws/gpt-frontend/tvm/temp/cmake-3.24.1/Utilities/cmcurl/CMake/CurlTests.c:97:23: error: storage size of 'hdata' isn't known
   struct hostent_data hdata;
                       ^~~~~
/home/nineis/ws/gpt-frontend/tvm/temp/cmake-3.24.1/Utilities/cmcurl/CMake/CurlTests.c:109:8: error: too few arguments to function 'gethostbyname_r'
   rc = gethostbyname_r(address, &h, &hdata);
        ^~~~~~~~~~~~~~~
In file included from /home/nineis/ws/gpt-frontend/tvm/temp/cmake-3.24.1/Utilities/cmcurl/CMake/CurlTests.c:87:0:
/usr/include/netdb.h:177:12: note: declared here
 extern int gethostbyname_r (const char *__restrict __name,
            ^~~~~~~~~~~~~~~
CMakeFiles/cmTC_be7f0.dir/build.make:77: recipe for target 'CMakeFiles/cmTC_be7f0.dir/CurlTests.c.o' failed
make[1]: *** [CMakeFiles/cmTC_be7f0.dir/CurlTests.c.o] Error 1
make[1]: Leaving directory '/home/nineis/ws/gpt-frontend/tvm/temp/cmake-3.24.1/CMakeFiles/CMakeTmp'
Makefile:127: recipe for target 'cmTC_be7f0/fast' failed
make: *** [cmTC_be7f0/fast] Error 2


Performing Curl Test HAVE_GETHOSTBYNAME_R_5_REENTRANT failed with the following output:
Change Dir: /home/nineis/ws/gpt-frontend/tvm/temp/cmake-3.24.1/CMakeFiles/CMakeTmp

Run Build Command(s):/usr/bin/make -f Makefile cmTC_982c1/fast && make  -f CMakeFiles/cmTC_982c1.dir/build.make CMakeFiles/cmTC_982c1.dir/build
make[1]: Entering directory '/home/nineis/ws/gpt-frontend/tvm/temp/cmake-3.24.1/CMakeFiles/CMakeTmp'
Building C object CMakeFiles/cmTC_982c1.dir/CurlTests.c.o
/usr/bin/gcc   -w -DHAVE_GETHOSTBYNAME_R_5_REENTRANT  -DHAVE_STDIO_H -DHAVE_INTTYPES_H -DHAVE_SYS_IOCTL_H -DHAVE_SYS_PARAM_H -DHAVE_SYS_POLL_H -DHAVE_SYS_RESOURCE_H -DHAVE_SYS_SELECT_H -DHAVE_SYS_SOCKET_H -DHAVE_SYS_STAT_H -DHAVE_SYS_TIME_H -DHAVE_SYS_TYPES_H -DHAVE_SYS_UIO_H -DHAVE_SYS_UN_H -DHAVE_SYS_XATTR_H -DHAVE_ALLOCA_H -DHAVE_ARPA_INET_H -DHAVE_ARPA_TFTP_H -DHAVE_ASSERT_H -DHAVE_ERRNO_H -DHAVE_FCNTL_H -DHAVE_IFADDRS_H -DHAVE_LIBGEN_H -DHAVE_LOCALE_H -DHAVE_NET_IF_H -DHAVE_NETDB_H -DHAVE_NETINET_IN_H -DHAVE_NETINET_TCP_H -DHAVE_POLL_H -DHAVE_PWD_H -DHAVE_SETJMP_H -DHAVE_SIGNAL_H -DHAVE_STDBOOL_H -DHAVE_STDINT_H -DHAVE_STDIO_H -DHAVE_STDLIB_H -DHAVE_STRING_H -DHAVE_STRINGS_H -DHAVE_STROPTS_H -DHAVE_TERMIO_H -DHAVE_TERMIOS_H -DHAVE_TIME_H -DHAVE_UNISTD_H -DHAVE_UTIME_H -DHAVE_STDDEF_H -DHAVE_DLFCN_H -DHAVE_MALLOC_H -DHAVE_MEMORY_H -DHAVE_NETINET_IF_ETHER_H -DHAVE_STDINT_H -DHAVE_SYS_UTSNAME_H -o CMakeFiles/cmTC_982c1.dir/CurlTests.c.o -c /home/nineis/ws/gpt-frontend/tvm/temp/cmake-3.24.1/Utilities/cmcurl/CMake/CurlTests.c
/home/nineis/ws/gpt-frontend/tvm/temp/cmake-3.24.1/Utilities/cmcurl/CMake/CurlTests.c: In function 'main':
/home/nineis/ws/gpt-frontend/tvm/temp/cmake-3.24.1/Utilities/cmcurl/CMake/CurlTests.c:112:8: error: too few arguments to function 'gethostbyname_r'
   rc = gethostbyname_r(address, &h, buffer, 8192, &h_errnop);
        ^~~~~~~~~~~~~~~
In file included from /home/nineis/ws/gpt-frontend/tvm/temp/cmake-3.24.1/Utilities/cmcurl/CMake/CurlTests.c:87:0:
/usr/include/netdb.h:177:12: note: declared here
 extern int gethostbyname_r (const char *__restrict __name,
            ^~~~~~~~~~~~~~~
CMakeFiles/cmTC_982c1.dir/build.make:77: recipe for target 'CMakeFiles/cmTC_982c1.dir/CurlTests.c.o' failed
make[1]: *** [CMakeFiles/cmTC_982c1.dir/CurlTests.c.o] Error 1
make[1]: Leaving directory '/home/nineis/ws/gpt-frontend/tvm/temp/cmake-3.24.1/CMakeFiles/CMakeTmp'
Makefile:127: recipe for target 'cmTC_982c1/fast' failed
make: *** [cmTC_982c1/fast] Error 2


Performing Curl Test HAVE_GLIBC_STRERROR_R failed with the following output:
Change Dir: /home/nineis/ws/gpt-frontend/tvm/temp/cmake-3.24.1/CMakeFiles/CMakeTmp

Run Build Command(s):/usr/bin/make -f Makefile cmTC_dd0c3/fast && make  -f CMakeFiles/cmTC_dd0c3.dir/build.make CMakeFiles/cmTC_dd0c3.dir/build
make[1]: Entering directory '/home/nineis/ws/gpt-frontend/tvm/temp/cmake-3.24.1/CMakeFiles/CMakeTmp'
Building C object CMakeFiles/cmTC_dd0c3.dir/CurlTests.c.o
/usr/bin/gcc   -w -DHAVE_GLIBC_STRERROR_R  -DHAVE_STDIO_H -DHAVE_INTTYPES_H -DHAVE_SYS_IOCTL_H -DHAVE_SYS_PARAM_H -DHAVE_SYS_POLL_H -DHAVE_SYS_RESOURCE_H -DHAVE_SYS_SELECT_H -DHAVE_SYS_SOCKET_H -DHAVE_SYS_STAT_H -DHAVE_SYS_TIME_H -DHAVE_SYS_TYPES_H -DHAVE_SYS_UIO_H -DHAVE_SYS_UN_H -DHAVE_SYS_XATTR_H -DHAVE_ALLOCA_H -DHAVE_ARPA_INET_H -DHAVE_ARPA_TFTP_H -DHAVE_ASSERT_H -DHAVE_ERRNO_H -DHAVE_FCNTL_H -DHAVE_IFADDRS_H -DHAVE_LIBGEN_H -DHAVE_LOCALE_H -DHAVE_NET_IF_H -DHAVE_NETDB_H -DHAVE_NETINET_IN_H -DHAVE_NETINET_TCP_H -DHAVE_POLL_H -DHAVE_PWD_H -DHAVE_SETJMP_H -DHAVE_SIGNAL_H -DHAVE_STDBOOL_H -DHAVE_STDINT_H -DHAVE_STDIO_H -DHAVE_STDLIB_H -DHAVE_STRING_H -DHAVE_STRINGS_H -DHAVE_STROPTS_H -DHAVE_TERMIO_H -DHAVE_TERMIOS_H -DHAVE_TIME_H -DHAVE_UNISTD_H -DHAVE_UTIME_H -DHAVE_STDDEF_H -DHAVE_DLFCN_H -DHAVE_MALLOC_H -DHAVE_MEMORY_H -DHAVE_NETINET_IF_ETHER_H -DHAVE_STDINT_H -DHAVE_SYS_UTSNAME_H -o CMakeFiles/cmTC_dd0c3.dir/CurlTests.c.o -c /home/nineis/ws/gpt-frontend/tvm/temp/cmake-3.24.1/Utilities/cmcurl/CMake/CurlTests.c
/home/nineis/ws/gpt-frontend/tvm/temp/cmake-3.24.1/Utilities/cmcurl/CMake/CurlTests.c: In function 'main':
/home/nineis/ws/gpt-frontend/tvm/temp/cmake-3.24.1/Utilities/cmcurl/CMake/CurlTests.c:420:51: error: subscripted value is neither array nor pointer nor vector
   check(strerror_r(EACCES, buffer, sizeof(buffer))[0]);
                                                   ^
CMakeFiles/cmTC_dd0c3.dir/build.make:77: recipe for target 'CMakeFiles/cmTC_dd0c3.dir/CurlTests.c.o' failed
make[1]: *** [CMakeFiles/cmTC_dd0c3.dir/CurlTests.c.o] Error 1
make[1]: Leaving directory '/home/nineis/ws/gpt-frontend/tvm/temp/cmake-3.24.1/CMakeFiles/CMakeTmp'
Makefile:127: recipe for target 'cmTC_dd0c3/fast' failed
make: *** [cmTC_dd0c3/fast] Error 2


Performing Curl Test HAVE_BUILTIN_AVAILABLE failed with the following output:
Change Dir: /home/nineis/ws/gpt-frontend/tvm/temp/cmake-3.24.1/CMakeFiles/CMakeTmp

Run Build Command(s):/usr/bin/make -f Makefile cmTC_c07fc/fast && make  -f CMakeFiles/cmTC_c07fc.dir/build.make CMakeFiles/cmTC_c07fc.dir/build
make[1]: Entering directory '/home/nineis/ws/gpt-frontend/tvm/temp/cmake-3.24.1/CMakeFiles/CMakeTmp'
Building C object CMakeFiles/cmTC_c07fc.dir/CurlTests.c.o
/usr/bin/gcc   -w -DHAVE_BUILTIN_AVAILABLE  -DHAVE_STDIO_H -DHAVE_INTTYPES_H -DHAVE_SYS_IOCTL_H -DHAVE_SYS_PARAM_H -DHAVE_SYS_POLL_H -DHAVE_SYS_RESOURCE_H -DHAVE_SYS_SELECT_H -DHAVE_SYS_SOCKET_H -DHAVE_SYS_STAT_H -DHAVE_SYS_TIME_H -DHAVE_SYS_TYPES_H -DHAVE_SYS_UIO_H -DHAVE_SYS_UN_H -DHAVE_SYS_XATTR_H -DHAVE_ALLOCA_H -DHAVE_ARPA_INET_H -DHAVE_ARPA_TFTP_H -DHAVE_ASSERT_H -DHAVE_ERRNO_H -DHAVE_FCNTL_H -DHAVE_IFADDRS_H -DHAVE_LIBGEN_H -DHAVE_LOCALE_H -DHAVE_NET_IF_H -DHAVE_NETDB_H -DHAVE_NETINET_IN_H -DHAVE_NETINET_TCP_H -DHAVE_POLL_H -DHAVE_PWD_H -DHAVE_SETJMP_H -DHAVE_SIGNAL_H -DHAVE_STDBOOL_H -DHAVE_STDINT_H -DHAVE_STDIO_H -DHAVE_STDLIB_H -DHAVE_STRING_H -DHAVE_STRINGS_H -DHAVE_STROPTS_H -DHAVE_TERMIO_H -DHAVE_TERMIOS_H -DHAVE_TIME_H -DHAVE_UNISTD_H -DHAVE_UTIME_H -DHAVE_STDDEF_H -DHAVE_DLFCN_H -DHAVE_MALLOC_H -DHAVE_MEMORY_H -DHAVE_NETINET_IF_ETHER_H -DHAVE_STDINT_H -DHAVE_SYS_UTSNAME_H -o CMakeFiles/cmTC_c07fc.dir/CurlTests.c.o -c /home/nineis/ws/gpt-frontend/tvm/temp/cmake-3.24.1/Utilities/cmcurl/CMake/CurlTests.c
/home/nineis/ws/gpt-frontend/tvm/temp/cmake-3.24.1/Utilities/cmcurl/CMake/CurlTests.c: In function 'main':
/home/nineis/ws/gpt-frontend/tvm/temp/cmake-3.24.1/Utilities/cmcurl/CMake/CurlTests.c:467:26: error: 'macOS' undeclared (first use in this function)
   if(__builtin_available(macOS 10.12, *)) {}
                          ^~~~~
/home/nineis/ws/gpt-frontend/tvm/temp/cmake-3.24.1/Utilities/cmcurl/CMake/CurlTests.c:467:26: note: each undeclared identifier is reported only once for each function it appears in
/home/nineis/ws/gpt-frontend/tvm/temp/cmake-3.24.1/Utilities/cmcurl/CMake/CurlTests.c:467:32: error: expected ')' before numeric constant
   if(__builtin_available(macOS 10.12, *)) {}
                                ^~~~~
CMakeFiles/cmTC_c07fc.dir/build.make:77: recipe for target 'CMakeFiles/cmTC_c07fc.dir/CurlTests.c.o' failed
make[1]: *** [CMakeFiles/cmTC_c07fc.dir/CurlTests.c.o] Error 1
make[1]: Leaving directory '/home/nineis/ws/gpt-frontend/tvm/temp/cmake-3.24.1/CMakeFiles/CMakeTmp'
Makefile:127: recipe for target 'cmTC_c07fc/fast' failed
make: *** [cmTC_c07fc/fast] Error 2


Determining if the arc4random_buf exist failed with the following output:
Change Dir: /home/nineis/ws/gpt-frontend/tvm/temp/cmake-3.24.1/CMakeFiles/CMakeTmp

Run Build Command(s):/usr/bin/make -f Makefile cmTC_33ef7/fast && make  -f CMakeFiles/cmTC_33ef7.dir/build.make CMakeFiles/cmTC_33ef7.dir/build
make[1]: Entering directory '/home/nineis/ws/gpt-frontend/tvm/temp/cmake-3.24.1/CMakeFiles/CMakeTmp'
Building C object CMakeFiles/cmTC_33ef7.dir/CheckSymbolExists.c.o
/usr/bin/gcc   -w  -o CMakeFiles/cmTC_33ef7.dir/CheckSymbolExists.c.o -c /home/nineis/ws/gpt-frontend/tvm/temp/cmake-3.24.1/CMakeFiles/CMakeTmp/CheckSymbolExists.c
/home/nineis/ws/gpt-frontend/tvm/temp/cmake-3.24.1/CMakeFiles/CMakeTmp/CheckSymbolExists.c: In function 'main':
/home/nineis/ws/gpt-frontend/tvm/temp/cmake-3.24.1/CMakeFiles/CMakeTmp/CheckSymbolExists.c:8:19: error: 'arc4random_buf' undeclared (first use in this function); did you mean 'srandom_r'?
   return ((int*)(&arc4random_buf))[argc];
                   ^~~~~~~~~~~~~~
                   srandom_r
/home/nineis/ws/gpt-frontend/tvm/temp/cmake-3.24.1/CMakeFiles/CMakeTmp/CheckSymbolExists.c:8:19: note: each undeclared identifier is reported only once for each function it appears in
CMakeFiles/cmTC_33ef7.dir/build.make:77: recipe for target 'CMakeFiles/cmTC_33ef7.dir/CheckSymbolExists.c.o' failed
make[1]: *** [CMakeFiles/cmTC_33ef7.dir/CheckSymbolExists.c.o] Error 1
make[1]: Leaving directory '/home/nineis/ws/gpt-frontend/tvm/temp/cmake-3.24.1/CMakeFiles/CMakeTmp'
Makefile:127: recipe for target 'cmTC_33ef7/fast' failed
make: *** [cmTC_33ef7/fast] Error 2


File /home/nineis/ws/gpt-frontend/tvm/temp/cmake-3.24.1/CMakeFiles/CMakeTmp/CheckSymbolExists.c:
/* */
#include <stdlib.h>

int main(int argc, char** argv)
{
  (void)argv;
#ifndef arc4random_buf
  return ((int*)(&arc4random_buf))[argc];
#else
  (void)argc;
  return 0;
#endif
}
Determining if the arc4random exist failed with the following output:
Change Dir: /home/nineis/ws/gpt-frontend/tvm/temp/cmake-3.24.1/CMakeFiles/CMakeTmp

Run Build Command(s):/usr/bin/make -f Makefile cmTC_f93c1/fast && make  -f CMakeFiles/cmTC_f93c1.dir/build.make CMakeFiles/cmTC_f93c1.dir/build
make[1]: Entering directory '/home/nineis/ws/gpt-frontend/tvm/temp/cmake-3.24.1/CMakeFiles/CMakeTmp'
Building C object CMakeFiles/cmTC_f93c1.dir/CheckSymbolExists.c.o
/usr/bin/gcc   -w  -o CMakeFiles/cmTC_f93c1.dir/CheckSymbolExists.c.o -c /home/nineis/ws/gpt-frontend/tvm/temp/cmake-3.24.1/CMakeFiles/CMakeTmp/CheckSymbolExists.c
/home/nineis/ws/gpt-frontend/tvm/temp/cmake-3.24.1/CMakeFiles/CMakeTmp/CheckSymbolExists.c: In function 'main':
/home/nineis/ws/gpt-frontend/tvm/temp/cmake-3.24.1/CMakeFiles/CMakeTmp/CheckSymbolExists.c:8:19: error: 'arc4random' undeclared (first use in this function); did you mean 'srandom'?
   return ((int*)(&arc4random))[argc];
                   ^~~~~~~~~~
                   srandom
/home/nineis/ws/gpt-frontend/tvm/temp/cmake-3.24.1/CMakeFiles/CMakeTmp/CheckSymbolExists.c:8:19: note: each undeclared identifier is reported only once for each function it appears in
CMakeFiles/cmTC_f93c1.dir/build.make:77: recipe for target 'CMakeFiles/cmTC_f93c1.dir/CheckSymbolExists.c.o' failed
make[1]: *** [CMakeFiles/cmTC_f93c1.dir/CheckSymbolExists.c.o] Error 1
make[1]: Leaving directory '/home/nineis/ws/gpt-frontend/tvm/temp/cmake-3.24.1/CMakeFiles/CMakeTmp'
Makefile:127: recipe for target 'cmTC_f93c1/fast' failed
make: *** [cmTC_f93c1/fast] Error 2


File /home/nineis/ws/gpt-frontend/tvm/temp/cmake-3.24.1/CMakeFiles/CMakeTmp/CheckSymbolExists.c:
/* */
#include <stdlib.h>

int main(int argc, char** argv)
{
  (void)argv;
#ifndef arc4random
  return ((int*)(&arc4random))[argc];
#else
  (void)argc;
  return 0;
#endif
}
Determining if files sys/types.h;ctype.h;copyfile.h exist failed with the following output:
Change Dir: /home/nineis/ws/gpt-frontend/tvm/temp/cmake-3.24.1/CMakeFiles/CMakeTmp

Run Build Command(s):/usr/bin/make -f Makefile cmTC_890fb/fast && make  -f CMakeFiles/cmTC_890fb.dir/build.make CMakeFiles/cmTC_890fb.dir/build
make[1]: Entering directory '/home/nineis/ws/gpt-frontend/tvm/temp/cmake-3.24.1/CMakeFiles/CMakeTmp'
Building C object CMakeFiles/cmTC_890fb.dir/HAVE_COPYFILE_H.c.o
/usr/bin/gcc   -w     -D_DEFAULT_SOURCE -D_BSD_SOURCE -D_XOPEN_SOURCE=600 -o CMakeFiles/cmTC_890fb.dir/HAVE_COPYFILE_H.c.o -c /home/nineis/ws/gpt-frontend/tvm/temp/cmake-3.24.1/CMakeFiles/CheckIncludeFiles/HAVE_COPYFILE_H.c
/home/nineis/ws/gpt-frontend/tvm/temp/cmake-3.24.1/CMakeFiles/CheckIncludeFiles/HAVE_COPYFILE_H.c:4:10: fatal error: copyfile.h: No such file or directory
 #include <copyfile.h>
          ^~~~~~~~~~~~
compilation terminated.
CMakeFiles/cmTC_890fb.dir/build.make:77: recipe for target 'CMakeFiles/cmTC_890fb.dir/HAVE_COPYFILE_H.c.o' failed
make[1]: *** [CMakeFiles/cmTC_890fb.dir/HAVE_COPYFILE_H.c.o] Error 1
make[1]: Leaving directory '/home/nineis/ws/gpt-frontend/tvm/temp/cmake-3.24.1/CMakeFiles/CMakeTmp'
Makefile:127: recipe for target 'cmTC_890fb/fast' failed
make: *** [cmTC_890fb/fast] Error 2


Source:
/* */
#include <sys/types.h>
#include <ctype.h>
#include <copyfile.h>


int main(void){return 0;}

Determining if files sys/types.h;ctype.h;direct.h exist failed with the following output:
Change Dir: /home/nineis/ws/gpt-frontend/tvm/temp/cmake-3.24.1/CMakeFiles/CMakeTmp

Run Build Command(s):/usr/bin/make -f Makefile cmTC_4a18a/fast && make  -f CMakeFiles/cmTC_4a18a.dir/build.make CMakeFiles/cmTC_4a18a.dir/build
make[1]: Entering directory '/home/nineis/ws/gpt-frontend/tvm/temp/cmake-3.24.1/CMakeFiles/CMakeTmp'
Building C object CMakeFiles/cmTC_4a18a.dir/HAVE_DIRECT_H.c.o
/usr/bin/gcc   -w     -D_DEFAULT_SOURCE -D_BSD_SOURCE -D_XOPEN_SOURCE=600 -o CMakeFiles/cmTC_4a18a.dir/HAVE_DIRECT_H.c.o -c /home/nineis/ws/gpt-frontend/tvm/temp/cmake-3.24.1/CMakeFiles/CheckIncludeFiles/HAVE_DIRECT_H.c
/home/nineis/ws/gpt-frontend/tvm/temp/cmake-3.24.1/CMakeFiles/CheckIncludeFiles/HAVE_DIRECT_H.c:4:10: fatal error: direct.h: No such file or directory
 #include <direct.h>
          ^~~~~~~~~~
compilation terminated.
CMakeFiles/cmTC_4a18a.dir/build.make:77: recipe for target 'CMakeFiles/cmTC_4a18a.dir/HAVE_DIRECT_H.c.o' failed
make[1]: *** [CMakeFiles/cmTC_4a18a.dir/HAVE_DIRECT_H.c.o] Error 1
make[1]: Leaving directory '/home/nineis/ws/gpt-frontend/tvm/temp/cmake-3.24.1/CMakeFiles/CMakeTmp'
Makefile:127: recipe for target 'cmTC_4a18a/fast' failed
make: *** [cmTC_4a18a/fast] Error 2


Source:
/* */
#include <sys/types.h>
#include <ctype.h>
#include <direct.h>


int main(void){return 0;}

Determining if files sys/types.h;ctype.h;dlfcn.h;errno.h;ext2fs/ext2_fs.h exist failed with the following output:
Change Dir: /home/nineis/ws/gpt-frontend/tvm/temp/cmake-3.24.1/CMakeFiles/CMakeTmp

Run Build Command(s):/usr/bin/make -f Makefile cmTC_472aa/fast && make  -f CMakeFiles/cmTC_472aa.dir/build.make CMakeFiles/cmTC_472aa.dir/build
make[1]: Entering directory '/home/nineis/ws/gpt-frontend/tvm/temp/cmake-3.24.1/CMakeFiles/CMakeTmp'
Building C object CMakeFiles/cmTC_472aa.dir/HAVE_EXT2FS_EXT2_FS_H.c.o
/usr/bin/gcc   -w     -D_DEFAULT_SOURCE -D_BSD_SOURCE -D_XOPEN_SOURCE=600 -o CMakeFiles/cmTC_472aa.dir/HAVE_EXT2FS_EXT2_FS_H.c.o -c /home/nineis/ws/gpt-frontend/tvm/temp/cmake-3.24.1/CMakeFiles/CheckIncludeFiles/HAVE_EXT2FS_EXT2_FS_H.c
/home/nineis/ws/gpt-frontend/tvm/temp/cmake-3.24.1/CMakeFiles/CheckIncludeFiles/HAVE_EXT2FS_EXT2_FS_H.c:6:10: fatal error: ext2fs/ext2_fs.h: No such file or directory
 #include <ext2fs/ext2_fs.h>
          ^~~~~~~~~~~~~~~~~~
compilation terminated.
CMakeFiles/cmTC_472aa.dir/build.make:77: recipe for target 'CMakeFiles/cmTC_472aa.dir/HAVE_EXT2FS_EXT2_FS_H.c.o' failed
make[1]: *** [CMakeFiles/cmTC_472aa.dir/HAVE_EXT2FS_EXT2_FS_H.c.o] Error 1
make[1]: Leaving directory '/home/nineis/ws/gpt-frontend/tvm/temp/cmake-3.24.1/CMakeFiles/CMakeTmp'
Makefile:127: recipe for target 'cmTC_472aa/fast' failed
make: *** [cmTC_472aa/fast] Error 2


Source:
/* */
#include <sys/types.h>
#include <ctype.h>
#include <dlfcn.h>
#include <errno.h>
#include <ext2fs/ext2_fs.h>


int main(void){return 0;}

Performing C SOURCE FILE Test HAVE_WORKING_EXT2_IOC_GETFLAGS failed with the following output:
Change Dir: /home/nineis/ws/gpt-frontend/tvm/temp/cmake-3.24.1/CMakeFiles/CMakeTmp

Run Build Command(s):/usr/bin/make -f Makefile cmTC_77df2/fast && make  -f CMakeFiles/cmTC_77df2.dir/build.make CMakeFiles/cmTC_77df2.dir/build
make[1]: Entering directory '/home/nineis/ws/gpt-frontend/tvm/temp/cmake-3.24.1/CMakeFiles/CMakeTmp'
Building C object CMakeFiles/cmTC_77df2.dir/src.c.o
/usr/bin/gcc -DHAVE_WORKING_EXT2_IOC_GETFLAGS  -w     -D_DEFAULT_SOURCE -D_BSD_SOURCE -D_XOPEN_SOURCE=600 -o CMakeFiles/cmTC_77df2.dir/src.c.o -c /home/nineis/ws/gpt-frontend/tvm/temp/cmake-3.24.1/CMakeFiles/CMakeTmp/src.c
/home/nineis/ws/gpt-frontend/tvm/temp/cmake-3.24.1/CMakeFiles/CMakeTmp/src.c:2:10: fatal error: ext2fs/ext2_fs.h: No such file or directory
 #include <ext2fs/ext2_fs.h>
          ^~~~~~~~~~~~~~~~~~
compilation terminated.
CMakeFiles/cmTC_77df2.dir/build.make:77: recipe for target 'CMakeFiles/cmTC_77df2.dir/src.c.o' failed
make[1]: *** [CMakeFiles/cmTC_77df2.dir/src.c.o] Error 1
make[1]: Leaving directory '/home/nineis/ws/gpt-frontend/tvm/temp/cmake-3.24.1/CMakeFiles/CMakeTmp'
Makefile:127: recipe for target 'cmTC_77df2/fast' failed
make: *** [cmTC_77df2/fast] Error 2


Source file was:
#include <sys/ioctl.h>
#include <ext2fs/ext2_fs.h>
int main(void) { return EXT2_IOC_GETFLAGS; }
Determining if files sys/types.h;ctype.h;dlfcn.h;errno.h;fcntl.h;grp.h;langinfo.h;limits.h;linux/types.h;linux/fiemap.h;linux/fs.h;linux/magic.h;locale.h;membership.h exist failed with the following output:
Change Dir: /home/nineis/ws/gpt-frontend/tvm/temp/cmake-3.24.1/CMakeFiles/CMakeTmp

Run Build Command(s):/usr/bin/make -f Makefile cmTC_829a4/fast && make  -f CMakeFiles/cmTC_829a4.dir/build.make CMakeFiles/cmTC_829a4.dir/build
make[1]: Entering directory '/home/nineis/ws/gpt-frontend/tvm/temp/cmake-3.24.1/CMakeFiles/CMakeTmp'
Building C object CMakeFiles/cmTC_829a4.dir/HAVE_MEMBERSHIP_H.c.o
/usr/bin/gcc   -w     -D_DEFAULT_SOURCE -D_BSD_SOURCE -D_XOPEN_SOURCE=600 -o CMakeFiles/cmTC_829a4.dir/HAVE_MEMBERSHIP_H.c.o -c /home/nineis/ws/gpt-frontend/tvm/temp/cmake-3.24.1/CMakeFiles/CheckIncludeFiles/HAVE_MEMBERSHIP_H.c
/home/nineis/ws/gpt-frontend/tvm/temp/cmake-3.24.1/CMakeFiles/CheckIncludeFiles/HAVE_MEMBERSHIP_H.c:15:10: fatal error: membership.h: No such file or directory
 #include <membership.h>
          ^~~~~~~~~~~~~~
compilation terminated.
CMakeFiles/cmTC_829a4.dir/build.make:77: recipe for target 'CMakeFiles/cmTC_829a4.dir/HAVE_MEMBERSHIP_H.c.o' failed
make[1]: *** [CMakeFiles/cmTC_829a4.dir/HAVE_MEMBERSHIP_H.c.o] Error 1
make[1]: Leaving directory '/home/nineis/ws/gpt-frontend/tvm/temp/cmake-3.24.1/CMakeFiles/CMakeTmp'
Makefile:127: recipe for target 'cmTC_829a4/fast' failed
make: *** [cmTC_829a4/fast] Error 2


Source:
/* */
#include <sys/types.h>
#include <ctype.h>
#include <dlfcn.h>
#include <errno.h>
#include <fcntl.h>
#include <grp.h>
#include <langinfo.h>
#include <limits.h>
#include <linux/types.h>
#include <linux/fiemap.h>
#include <linux/fs.h>
#include <linux/magic.h>
#include <locale.h>
#include <membership.h>


int main(void){return 0;}

Determining if files sys/types.h;ctype.h;dlfcn.h;errno.h;fcntl.h;grp.h;langinfo.h;limits.h;linux/types.h;linux/fiemap.h;linux/fs.h;linux/magic.h;locale.h;memory.h;paths.h;poll.h;pthread.h;pwd.h;readpassphrase.h exist failed with the following output:
Change Dir: /home/nineis/ws/gpt-frontend/tvm/temp/cmake-3.24.1/CMakeFiles/CMakeTmp

Run Build Command(s):/usr/bin/make -f Makefile cmTC_6c332/fast && make  -f CMakeFiles/cmTC_6c332.dir/build.make CMakeFiles/cmTC_6c332.dir/build
make[1]: Entering directory '/home/nineis/ws/gpt-frontend/tvm/temp/cmake-3.24.1/CMakeFiles/CMakeTmp'
Building C object CMakeFiles/cmTC_6c332.dir/HAVE_READPASSPHRASE_H.c.o
/usr/bin/gcc   -w     -D_DEFAULT_SOURCE -D_BSD_SOURCE -D_XOPEN_SOURCE=600 -o CMakeFiles/cmTC_6c332.dir/HAVE_READPASSPHRASE_H.c.o -c /home/nineis/ws/gpt-frontend/tvm/temp/cmake-3.24.1/CMakeFiles/CheckIncludeFiles/HAVE_READPASSPHRASE_H.c
/home/nineis/ws/gpt-frontend/tvm/temp/cmake-3.24.1/CMakeFiles/CheckIncludeFiles/HAVE_READPASSPHRASE_H.c:20:10: fatal error: readpassphrase.h: No such file or directory
 #include <readpassphrase.h>
          ^~~~~~~~~~~~~~~~~~
compilation terminated.
CMakeFiles/cmTC_6c332.dir/build.make:77: recipe for target 'CMakeFiles/cmTC_6c332.dir/HAVE_READPASSPHRASE_H.c.o' failed
make[1]: *** [CMakeFiles/cmTC_6c332.dir/HAVE_READPASSPHRASE_H.c.o] Error 1
make[1]: Leaving directory '/home/nineis/ws/gpt-frontend/tvm/temp/cmake-3.24.1/CMakeFiles/CMakeTmp'
Makefile:127: recipe for target 'cmTC_6c332/fast' failed
make: *** [cmTC_6c332/fast] Error 2


Source:
/* */
#include <sys/types.h>
#include <ctype.h>
#include <dlfcn.h>
#include <errno.h>
#include <fcntl.h>
#include <grp.h>
#include <langinfo.h>
#include <limits.h>
#include <linux/types.h>
#include <linux/fiemap.h>
#include <linux/fs.h>
#include <linux/magic.h>
#include <locale.h>
#include <memory.h>
#include <paths.h>
#include <poll.h>
#include <pthread.h>
#include <pwd.h>
#include <readpassphrase.h>


int main(void){return 0;}

Determining if files sys/types.h;ctype.h;dlfcn.h;errno.h;fcntl.h;grp.h;langinfo.h;limits.h;linux/types.h;linux/fiemap.h;linux/fs.h;linux/magic.h;locale.h;memory.h;paths.h;poll.h;pthread.h;pwd.h;regex.h;signal.h;spawn.h;stdarg.h;stdlib.h;string.h;strings.h;sys/acl.h exist failed with the following output:
Change Dir: /home/nineis/ws/gpt-frontend/tvm/temp/cmake-3.24.1/CMakeFiles/CMakeTmp

Run Build Command(s):/usr/bin/make -f Makefile cmTC_5a6d7/fast && make  -f CMakeFiles/cmTC_5a6d7.dir/build.make CMakeFiles/cmTC_5a6d7.dir/build
make[1]: Entering directory '/home/nineis/ws/gpt-frontend/tvm/temp/cmake-3.24.1/CMakeFiles/CMakeTmp'
Building C object CMakeFiles/cmTC_5a6d7.dir/HAVE_SYS_ACL_H.c.o
/usr/bin/gcc   -w     -D_DEFAULT_SOURCE -D_BSD_SOURCE -D_XOPEN_SOURCE=600 -o CMakeFiles/cmTC_5a6d7.dir/HAVE_SYS_ACL_H.c.o -c /home/nineis/ws/gpt-frontend/tvm/temp/cmake-3.24.1/CMakeFiles/CheckIncludeFiles/HAVE_SYS_ACL_H.c
/home/nineis/ws/gpt-frontend/tvm/temp/cmake-3.24.1/CMakeFiles/CheckIncludeFiles/HAVE_SYS_ACL_H.c:27:10: fatal error: sys/acl.h: No such file or directory
 #include <sys/acl.h>
          ^~~~~~~~~~~
compilation terminated.
CMakeFiles/cmTC_5a6d7.dir/build.make:77: recipe for target 'CMakeFiles/cmTC_5a6d7.dir/HAVE_SYS_ACL_H.c.o' failed
make[1]: *** [CMakeFiles/cmTC_5a6d7.dir/HAVE_SYS_ACL_H.c.o] Error 1
make[1]: Leaving directory '/home/nineis/ws/gpt-frontend/tvm/temp/cmake-3.24.1/CMakeFiles/CMakeTmp'
Makefile:127: recipe for target 'cmTC_5a6d7/fast' failed
make: *** [cmTC_5a6d7/fast] Error 2


Source:
/* */
#include <sys/types.h>
#include <ctype.h>
#include <dlfcn.h>
#include <errno.h>
#include <fcntl.h>
#include <grp.h>
#include <langinfo.h>
#include <limits.h>
#include <linux/types.h>
#include <linux/fiemap.h>
#include <linux/fs.h>
#include <linux/magic.h>
#include <locale.h>
#include <memory.h>
#include <paths.h>
#include <poll.h>
#include <pthread.h>
#include <pwd.h>
#include <regex.h>
#include <signal.h>
#include <spawn.h>
#include <stdarg.h>
#include <stdlib.h>
#include <string.h>
#include <strings.h>
#include <sys/acl.h>


int main(void){return 0;}

Determining if files sys/types.h;ctype.h;dlfcn.h;errno.h;fcntl.h;grp.h;langinfo.h;limits.h;linux/types.h;linux/fiemap.h;linux/fs.h;linux/magic.h;locale.h;memory.h;paths.h;poll.h;pthread.h;pwd.h;regex.h;signal.h;spawn.h;stdarg.h;stdlib.h;string.h;strings.h;sys/cdefs.h;sys/extattr.h exist failed with the following output:
Change Dir: /home/nineis/ws/gpt-frontend/tvm/temp/cmake-3.24.1/CMakeFiles/CMakeTmp

Run Build Command(s):/usr/bin/make -f Makefile cmTC_f9bd3/fast && make  -f CMakeFiles/cmTC_f9bd3.dir/build.make CMakeFiles/cmTC_f9bd3.dir/build
make[1]: Entering directory '/home/nineis/ws/gpt-frontend/tvm/temp/cmake-3.24.1/CMakeFiles/CMakeTmp'
Building C object CMakeFiles/cmTC_f9bd3.dir/HAVE_SYS_EXTATTR_H.c.o
/usr/bin/gcc   -w     -D_DEFAULT_SOURCE -D_BSD_SOURCE -D_XOPEN_SOURCE=600 -o CMakeFiles/cmTC_f9bd3.dir/HAVE_SYS_EXTATTR_H.c.o -c /home/nineis/ws/gpt-frontend/tvm/temp/cmake-3.24.1/CMakeFiles/CheckIncludeFiles/HAVE_SYS_EXTATTR_H.c
/home/nineis/ws/gpt-frontend/tvm/temp/cmake-3.24.1/CMakeFiles/CheckIncludeFiles/HAVE_SYS_EXTATTR_H.c:28:10: fatal error: sys/extattr.h: No such file or directory
 #include <sys/extattr.h>
          ^~~~~~~~~~~~~~~
compilation terminated.
CMakeFiles/cmTC_f9bd3.dir/build.make:77: recipe for target 'CMakeFiles/cmTC_f9bd3.dir/HAVE_SYS_EXTATTR_H.c.o' failed
make[1]: *** [CMakeFiles/cmTC_f9bd3.dir/HAVE_SYS_EXTATTR_H.c.o] Error 1
make[1]: Leaving directory '/home/nineis/ws/gpt-frontend/tvm/temp/cmake-3.24.1/CMakeFiles/CMakeTmp'
Makefile:127: recipe for target 'cmTC_f9bd3/fast' failed
make: *** [cmTC_f9bd3/fast] Error 2


Source:
/* */
#include <sys/types.h>
#include <ctype.h>
#include <dlfcn.h>
#include <errno.h>
#include <fcntl.h>
#include <grp.h>
#include <langinfo.h>
#include <limits.h>
#include <linux/types.h>
#include <linux/fiemap.h>
#include <linux/fs.h>
#include <linux/magic.h>
#include <locale.h>
#include <memory.h>
#include <paths.h>
#include <poll.h>
#include <pthread.h>
#include <pwd.h>
#include <regex.h>
#include <signal.h>
#include <spawn.h>
#include <stdarg.h>
#include <stdlib.h>
#include <string.h>
#include <strings.h>
#include <sys/cdefs.h>
#include <sys/extattr.h>


int main(void){return 0;}

Determining if files sys/types.h;ctype.h;dlfcn.h;errno.h;fcntl.h;grp.h;langinfo.h;limits.h;linux/types.h;linux/fiemap.h;linux/fs.h;linux/magic.h;locale.h;memory.h;paths.h;poll.h;pthread.h;pwd.h;regex.h;signal.h;spawn.h;stdarg.h;stdlib.h;string.h;strings.h;sys/cdefs.h;sys/ioctl.h;sys/mkdev.h exist failed with the following output:
Change Dir: /home/nineis/ws/gpt-frontend/tvm/temp/cmake-3.24.1/CMakeFiles/CMakeTmp

Run Build Command(s):/usr/bin/make -f Makefile cmTC_31355/fast && make  -f CMakeFiles/cmTC_31355.dir/build.make CMakeFiles/cmTC_31355.dir/build
make[1]: Entering directory '/home/nineis/ws/gpt-frontend/tvm/temp/cmake-3.24.1/CMakeFiles/CMakeTmp'
Building C object CMakeFiles/cmTC_31355.dir/HAVE_SYS_MKDEV_H.c.o
/usr/bin/gcc   -w     -D_DEFAULT_SOURCE -D_BSD_SOURCE -D_XOPEN_SOURCE=600 -o CMakeFiles/cmTC_31355.dir/HAVE_SYS_MKDEV_H.c.o -c /home/nineis/ws/gpt-frontend/tvm/temp/cmake-3.24.1/CMakeFiles/CheckIncludeFiles/HAVE_SYS_MKDEV_H.c
/home/nineis/ws/gpt-frontend/tvm/temp/cmake-3.24.1/CMakeFiles/CheckIncludeFiles/HAVE_SYS_MKDEV_H.c:29:10: fatal error: sys/mkdev.h: No such file or directory
 #include <sys/mkdev.h>
          ^~~~~~~~~~~~~
compilation terminated.
CMakeFiles/cmTC_31355.dir/build.make:77: recipe for target 'CMakeFiles/cmTC_31355.dir/HAVE_SYS_MKDEV_H.c.o' failed
make[1]: *** [CMakeFiles/cmTC_31355.dir/HAVE_SYS_MKDEV_H.c.o] Error 1
make[1]: Leaving directory '/home/nineis/ws/gpt-frontend/tvm/temp/cmake-3.24.1/CMakeFiles/CMakeTmp'
Makefile:127: recipe for target 'cmTC_31355/fast' failed
make: *** [cmTC_31355/fast] Error 2


Source:
/* */
#include <sys/types.h>
#include <ctype.h>
#include <dlfcn.h>
#include <errno.h>
#include <fcntl.h>
#include <grp.h>
#include <langinfo.h>
#include <limits.h>
#include <linux/types.h>
#include <linux/fiemap.h>
#include <linux/fs.h>
#include <linux/magic.h>
#include <locale.h>
#include <memory.h>
#include <paths.h>
#include <poll.h>
#include <pthread.h>
#include <pwd.h>
#include <regex.h>
#include <signal.h>
#include <spawn.h>
#include <stdarg.h>
#include <stdlib.h>
#include <string.h>
#include <strings.h>
#include <sys/cdefs.h>
#include <sys/ioctl.h>
#include <sys/mkdev.h>


int main(void){return 0;}

Determining if files sys/types.h;ctype.h;dlfcn.h;errno.h;fcntl.h;grp.h;langinfo.h;limits.h;linux/types.h;linux/fiemap.h;linux/fs.h;linux/magic.h;locale.h;memory.h;paths.h;poll.h;pthread.h;pwd.h;regex.h;signal.h;spawn.h;stdarg.h;stdlib.h;string.h;strings.h;sys/cdefs.h;sys/ioctl.h;sys/mount.h exist failed with the following output:
Change Dir: /home/nineis/ws/gpt-frontend/tvm/temp/cmake-3.24.1/CMakeFiles/CMakeTmp

Run Build Command(s):/usr/bin/make -f Makefile cmTC_83822/fast && make  -f CMakeFiles/cmTC_83822.dir/build.make CMakeFiles/cmTC_83822.dir/build
make[1]: Entering directory '/home/nineis/ws/gpt-frontend/tvm/temp/cmake-3.24.1/CMakeFiles/CMakeTmp'
Building C object CMakeFiles/cmTC_83822.dir/HAVE_SYS_MOUNT_H.c.o
/usr/bin/gcc   -w     -D_DEFAULT_SOURCE -D_BSD_SOURCE -D_XOPEN_SOURCE=600 -o CMakeFiles/cmTC_83822.dir/HAVE_SYS_MOUNT_H.c.o -c /home/nineis/ws/gpt-frontend/tvm/temp/cmake-3.24.1/CMakeFiles/CheckIncludeFiles/HAVE_SYS_MOUNT_H.c
In file included from /home/nineis/ws/gpt-frontend/tvm/temp/cmake-3.24.1/CMakeFiles/CheckIncludeFiles/HAVE_SYS_MOUNT_H.c:12:0:
/usr/include/x86_64-linux-gnu/sys/mount.h:35:3: error: expected identifier before numeric constant
   MS_RDONLY = 1,  /* Mount read-only.  */
   ^
CMakeFiles/cmTC_83822.dir/build.make:77: recipe for target 'CMakeFiles/cmTC_83822.dir/HAVE_SYS_MOUNT_H.c.o' failed
make[1]: *** [CMakeFiles/cmTC_83822.dir/HAVE_SYS_MOUNT_H.c.o] Error 1
make[1]: Leaving directory '/home/nineis/ws/gpt-frontend/tvm/temp/cmake-3.24.1/CMakeFiles/CMakeTmp'
Makefile:127: recipe for target 'cmTC_83822/fast' failed
make: *** [cmTC_83822/fast] Error 2


Source:
/* */
#include <sys/types.h>
#include <ctype.h>
#include <dlfcn.h>
#include <errno.h>
#include <fcntl.h>
#include <grp.h>
#include <langinfo.h>
#include <limits.h>
#include <linux/types.h>
#include <linux/fiemap.h>
#include <linux/fs.h>
#include <linux/magic.h>
#include <locale.h>
#include <memory.h>
#include <paths.h>
#include <poll.h>
#include <pthread.h>
#include <pwd.h>
#include <regex.h>
#include <signal.h>
#include <spawn.h>
#include <stdarg.h>
#include <stdlib.h>
#include <string.h>
#include <strings.h>
#include <sys/cdefs.h>
#include <sys/ioctl.h>
#include <sys/mount.h>


int main(void){return 0;}

Determining if files sys/types.h;ctype.h;dlfcn.h;errno.h;fcntl.h;grp.h;langinfo.h;limits.h;linux/types.h;linux/fiemap.h;linux/fs.h;linux/magic.h;locale.h;memory.h;paths.h;poll.h;pthread.h;pwd.h;regex.h;signal.h;spawn.h;stdarg.h;stdlib.h;string.h;strings.h;sys/cdefs.h;sys/ioctl.h;sys/param.h;sys/poll.h;sys/richacl.h exist failed with the following output:
Change Dir: /home/nineis/ws/gpt-frontend/tvm/temp/cmake-3.24.1/CMakeFiles/CMakeTmp

Run Build Command(s):/usr/bin/make -f Makefile cmTC_c6199/fast && make  -f CMakeFiles/cmTC_c6199.dir/build.make CMakeFiles/cmTC_c6199.dir/build
make[1]: Entering directory '/home/nineis/ws/gpt-frontend/tvm/temp/cmake-3.24.1/CMakeFiles/CMakeTmp'
Building C object CMakeFiles/cmTC_c6199.dir/HAVE_SYS_RICHACL_H.c.o
/usr/bin/gcc   -w     -D_DEFAULT_SOURCE -D_BSD_SOURCE -D_XOPEN_SOURCE=600 -o CMakeFiles/cmTC_c6199.dir/HAVE_SYS_RICHACL_H.c.o -c /home/nineis/ws/gpt-frontend/tvm/temp/cmake-3.24.1/CMakeFiles/CheckIncludeFiles/HAVE_SYS_RICHACL_H.c
/home/nineis/ws/gpt-frontend/tvm/temp/cmake-3.24.1/CMakeFiles/CheckIncludeFiles/HAVE_SYS_RICHACL_H.c:31:10: fatal error: sys/richacl.h: No such file or directory
 #include <sys/richacl.h>
          ^~~~~~~~~~~~~~~
compilation terminated.
CMakeFiles/cmTC_c6199.dir/build.make:77: recipe for target 'CMakeFiles/cmTC_c6199.dir/HAVE_SYS_RICHACL_H.c.o' failed
make[1]: *** [CMakeFiles/cmTC_c6199.dir/HAVE_SYS_RICHACL_H.c.o] Error 1
make[1]: Leaving directory '/home/nineis/ws/gpt-frontend/tvm/temp/cmake-3.24.1/CMakeFiles/CMakeTmp'
Makefile:127: recipe for target 'cmTC_c6199/fast' failed
make: *** [cmTC_c6199/fast] Error 2


Source:
/* */
#include <sys/types.h>
#include <ctype.h>
#include <dlfcn.h>
#include <errno.h>
#include <fcntl.h>
#include <grp.h>
#include <langinfo.h>
#include <limits.h>
#include <linux/types.h>
#include <linux/fiemap.h>
#include <linux/fs.h>
#include <linux/magic.h>
#include <locale.h>
#include <memory.h>
#include <paths.h>
#include <poll.h>
#include <pthread.h>
#include <pwd.h>
#include <regex.h>
#include <signal.h>
#include <spawn.h>
#include <stdarg.h>
#include <stdlib.h>
#include <string.h>
#include <strings.h>
#include <sys/cdefs.h>
#include <sys/ioctl.h>
#include <sys/param.h>
#include <sys/poll.h>
#include <sys/richacl.h>


int main(void){return 0;}

Determining if files sys/types.h;ctype.h;dlfcn.h;errno.h;fcntl.h;grp.h;langinfo.h;limits.h;linux/types.h;linux/fiemap.h;linux/fs.h;linux/magic.h;locale.h;memory.h;paths.h;poll.h;pthread.h;pwd.h;regex.h;signal.h;spawn.h;stdarg.h;stdlib.h;string.h;strings.h;sys/cdefs.h;sys/ioctl.h;sys/param.h;sys/poll.h;sys/select.h;sys/stat.h;sys/statfs.h;sys/statvfs.h;sys/sysmacros.h;sys/time.h;sys/utsname.h;sys/vfs.h;sys/wait.h;sys/xattr.h;time.h;unistd.h;utime.h;wchar.h;wctype.h;windows.h exist failed with the following output:
Change Dir: /home/nineis/ws/gpt-frontend/tvm/temp/cmake-3.24.1/CMakeFiles/CMakeTmp

Run Build Command(s):/usr/bin/make -f Makefile cmTC_94d95/fast && make  -f CMakeFiles/cmTC_94d95.dir/build.make CMakeFiles/cmTC_94d95.dir/build
make[1]: Entering directory '/home/nineis/ws/gpt-frontend/tvm/temp/cmake-3.24.1/CMakeFiles/CMakeTmp'
Building C object CMakeFiles/cmTC_94d95.dir/HAVE_WINDOWS_H.c.o
/usr/bin/gcc   -w     -D_DEFAULT_SOURCE -D_BSD_SOURCE -D_XOPEN_SOURCE=600 -o CMakeFiles/cmTC_94d95.dir/HAVE_WINDOWS_H.c.o -c /home/nineis/ws/gpt-frontend/tvm/temp/cmake-3.24.1/CMakeFiles/CheckIncludeFiles/HAVE_WINDOWS_H.c
/home/nineis/ws/gpt-frontend/tvm/temp/cmake-3.24.1/CMakeFiles/CheckIncludeFiles/HAVE_WINDOWS_H.c:46:10: fatal error: windows.h: No such file or directory
 #include <windows.h>
          ^~~~~~~~~~~
compilation terminated.
CMakeFiles/cmTC_94d95.dir/build.make:77: recipe for target 'CMakeFiles/cmTC_94d95.dir/HAVE_WINDOWS_H.c.o' failed
make[1]: *** [CMakeFiles/cmTC_94d95.dir/HAVE_WINDOWS_H.c.o] Error 1
make[1]: Leaving directory '/home/nineis/ws/gpt-frontend/tvm/temp/cmake-3.24.1/CMakeFiles/CMakeTmp'
Makefile:127: recipe for target 'cmTC_94d95/fast' failed
make: *** [cmTC_94d95/fast] Error 2


Source:
/* */
#include <sys/types.h>
#include <ctype.h>
#include <dlfcn.h>
#include <errno.h>
#include <fcntl.h>
#include <grp.h>
#include <langinfo.h>
#include <limits.h>
#include <linux/types.h>
#include <linux/fiemap.h>
#include <linux/fs.h>
#include <linux/magic.h>
#include <locale.h>
#include <memory.h>
#include <paths.h>
#include <poll.h>
#include <pthread.h>
#include <pwd.h>
#include <regex.h>
#include <signal.h>
#include <spawn.h>
#include <stdarg.h>
#include <stdlib.h>
#include <string.h>
#include <strings.h>
#include <sys/cdefs.h>
#include <sys/ioctl.h>
#include <sys/param.h>
#include <sys/poll.h>
#include <sys/select.h>
#include <sys/stat.h>
#include <sys/statfs.h>
#include <sys/statvfs.h>
#include <sys/sysmacros.h>
#include <sys/time.h>
#include <sys/utsname.h>
#include <sys/vfs.h>
#include <sys/wait.h>
#include <sys/xattr.h>
#include <time.h>
#include <unistd.h>
#include <utime.h>
#include <wchar.h>
#include <wctype.h>
#include <windows.h>


int main(void){return 0;}

Determining if files sys/types.h;ctype.h;dlfcn.h;errno.h;fcntl.h;grp.h;langinfo.h;limits.h;linux/types.h;linux/fiemap.h;linux/fs.h;linux/magic.h;locale.h;memory.h;paths.h;poll.h;pthread.h;pwd.h;regex.h;signal.h;spawn.h;stdarg.h;stdlib.h;string.h;strings.h;sys/cdefs.h;sys/ioctl.h;sys/param.h;sys/poll.h;sys/select.h;sys/stat.h;sys/statfs.h;sys/statvfs.h;sys/sysmacros.h;sys/time.h;sys/utsname.h;sys/vfs.h;sys/wait.h;sys/xattr.h;time.h;unistd.h;utime.h;wchar.h;wctype.h;wincrypt.h exist failed with the following output:
Change Dir: /home/nineis/ws/gpt-frontend/tvm/temp/cmake-3.24.1/CMakeFiles/CMakeTmp

Run Build Command(s):/usr/bin/make -f Makefile cmTC_95989/fast && make  -f CMakeFiles/cmTC_95989.dir/build.make CMakeFiles/cmTC_95989.dir/build
make[1]: Entering directory '/home/nineis/ws/gpt-frontend/tvm/temp/cmake-3.24.1/CMakeFiles/CMakeTmp'
Building C object CMakeFiles/cmTC_95989.dir/HAVE_WINCRYPT_H.c.o
/usr/bin/gcc   -w     -D_DEFAULT_SOURCE -D_BSD_SOURCE -D_XOPEN_SOURCE=600 -o CMakeFiles/cmTC_95989.dir/HAVE_WINCRYPT_H.c.o -c /home/nineis/ws/gpt-frontend/tvm/temp/cmake-3.24.1/CMakeFiles/CheckIncludeFiles/HAVE_WINCRYPT_H.c
/home/nineis/ws/gpt-frontend/tvm/temp/cmake-3.24.1/CMakeFiles/CheckIncludeFiles/HAVE_WINCRYPT_H.c:46:10: fatal error: wincrypt.h: No such file or directory
 #include <wincrypt.h>
          ^~~~~~~~~~~~
compilation terminated.
CMakeFiles/cmTC_95989.dir/build.make:77: recipe for target 'CMakeFiles/cmTC_95989.dir/HAVE_WINCRYPT_H.c.o' failed
make[1]: *** [CMakeFiles/cmTC_95989.dir/HAVE_WINCRYPT_H.c.o] Error 1
make[1]: Leaving directory '/home/nineis/ws/gpt-frontend/tvm/temp/cmake-3.24.1/CMakeFiles/CMakeTmp'
Makefile:127: recipe for target 'cmTC_95989/fast' failed
make: *** [cmTC_95989/fast] Error 2


Source:
/* */
#include <sys/types.h>
#include <ctype.h>
#include <dlfcn.h>
#include <errno.h>
#include <fcntl.h>
#include <grp.h>
#include <langinfo.h>
#include <limits.h>
#include <linux/types.h>
#include <linux/fiemap.h>
#include <linux/fs.h>
#include <linux/magic.h>
#include <locale.h>
#include <memory.h>
#include <paths.h>
#include <poll.h>
#include <pthread.h>
#include <pwd.h>
#include <regex.h>
#include <signal.h>
#include <spawn.h>
#include <stdarg.h>
#include <stdlib.h>
#include <string.h>
#include <strings.h>
#include <sys/cdefs.h>
#include <sys/ioctl.h>
#include <sys/param.h>
#include <sys/poll.h>
#include <sys/select.h>
#include <sys/stat.h>
#include <sys/statfs.h>
#include <sys/statvfs.h>
#include <sys/sysmacros.h>
#include <sys/time.h>
#include <sys/utsname.h>
#include <sys/vfs.h>
#include <sys/wait.h>
#include <sys/xattr.h>
#include <time.h>
#include <unistd.h>
#include <utime.h>
#include <wchar.h>
#include <wctype.h>
#include <wincrypt.h>


int main(void){return 0;}

Determining if files sys/types.h;ctype.h;dlfcn.h;errno.h;fcntl.h;grp.h;langinfo.h;limits.h;linux/types.h;linux/fiemap.h;linux/fs.h;linux/magic.h;locale.h;memory.h;paths.h;poll.h;pthread.h;pwd.h;regex.h;signal.h;spawn.h;stdarg.h;stdlib.h;string.h;strings.h;sys/cdefs.h;sys/ioctl.h;sys/param.h;sys/poll.h;sys/select.h;sys/stat.h;sys/statfs.h;sys/statvfs.h;sys/sysmacros.h;sys/time.h;sys/utsname.h;sys/vfs.h;sys/wait.h;sys/xattr.h;time.h;unistd.h;utime.h;wchar.h;wctype.h;winioctl.h exist failed with the following output:
Change Dir: /home/nineis/ws/gpt-frontend/tvm/temp/cmake-3.24.1/CMakeFiles/CMakeTmp

Run Build Command(s):/usr/bin/make -f Makefile cmTC_73860/fast && make  -f CMakeFiles/cmTC_73860.dir/build.make CMakeFiles/cmTC_73860.dir/build
make[1]: Entering directory '/home/nineis/ws/gpt-frontend/tvm/temp/cmake-3.24.1/CMakeFiles/CMakeTmp'
Building C object CMakeFiles/cmTC_73860.dir/HAVE_WINIOCTL_H.c.o
/usr/bin/gcc   -w     -D_DEFAULT_SOURCE -D_BSD_SOURCE -D_XOPEN_SOURCE=600 -o CMakeFiles/cmTC_73860.dir/HAVE_WINIOCTL_H.c.o -c /home/nineis/ws/gpt-frontend/tvm/temp/cmake-3.24.1/CMakeFiles/CheckIncludeFiles/HAVE_WINIOCTL_H.c
/home/nineis/ws/gpt-frontend/tvm/temp/cmake-3.24.1/CMakeFiles/CheckIncludeFiles/HAVE_WINIOCTL_H.c:46:10: fatal error: winioctl.h: No such file or directory
 #include <winioctl.h>
          ^~~~~~~~~~~~
compilation terminated.
CMakeFiles/cmTC_73860.dir/build.make:77: recipe for target 'CMakeFiles/cmTC_73860.dir/HAVE_WINIOCTL_H.c.o' failed
make[1]: *** [CMakeFiles/cmTC_73860.dir/HAVE_WINIOCTL_H.c.o] Error 1
make[1]: Leaving directory '/home/nineis/ws/gpt-frontend/tvm/temp/cmake-3.24.1/CMakeFiles/CMakeTmp'
Makefile:127: recipe for target 'cmTC_73860/fast' failed
make: *** [cmTC_73860/fast] Error 2


Source:
/* */
#include <sys/types.h>
#include <ctype.h>
#include <dlfcn.h>
#include <errno.h>
#include <fcntl.h>
#include <grp.h>
#include <langinfo.h>
#include <limits.h>
#include <linux/types.h>
#include <linux/fiemap.h>
#include <linux/fs.h>
#include <linux/magic.h>
#include <locale.h>
#include <memory.h>
#include <paths.h>
#include <poll.h>
#include <pthread.h>
#include <pwd.h>
#include <regex.h>
#include <signal.h>
#include <spawn.h>
#include <stdarg.h>
#include <stdlib.h>
#include <string.h>
#include <strings.h>
#include <sys/cdefs.h>
#include <sys/ioctl.h>
#include <sys/param.h>
#include <sys/poll.h>
#include <sys/select.h>
#include <sys/stat.h>
#include <sys/statfs.h>
#include <sys/statvfs.h>
#include <sys/sysmacros.h>
#include <sys/time.h>
#include <sys/utsname.h>
#include <sys/vfs.h>
#include <sys/wait.h>
#include <sys/xattr.h>
#include <time.h>
#include <unistd.h>
#include <utime.h>
#include <wchar.h>
#include <wctype.h>
#include <winioctl.h>


int main(void){return 0;}

Determining if the function getvfsbyname exists failed with the following output:
Change Dir: /home/nineis/ws/gpt-frontend/tvm/temp/cmake-3.24.1/CMakeFiles/CMakeTmp

Run Build Command(s):/usr/bin/make -f Makefile cmTC_791f0/fast && make  -f CMakeFiles/cmTC_791f0.dir/build.make CMakeFiles/cmTC_791f0.dir/build
make[1]: Entering directory '/home/nineis/ws/gpt-frontend/tvm/temp/cmake-3.24.1/CMakeFiles/CMakeTmp'
Building C object CMakeFiles/cmTC_791f0.dir/CheckFunctionExists.c.o
/usr/bin/gcc   -w -DCHECK_FUNCTION_EXISTS=getvfsbyname  -fno-builtin    -D_DEFAULT_SOURCE -D_BSD_SOURCE -D_XOPEN_SOURCE=600 -o CMakeFiles/cmTC_791f0.dir/CheckFunctionExists.c.o -c /home/nineis/ws/gpt-frontend/tvm/temp/cmake-3.24.1/Modules/CheckFunctionExists.c
Linking C executable cmTC_791f0
/home/nineis/ws/gpt-frontend/tvm/temp/cmake-3.24.1/Bootstrap.cmk/cmake -E cmake_link_script CMakeFiles/cmTC_791f0.dir/link.txt --verbose=1
/usr/bin/gcc  -w -DCHECK_FUNCTION_EXISTS=getvfsbyname  -fno-builtin CMakeFiles/cmTC_791f0.dir/CheckFunctionExists.c.o -o cmTC_791f0 
CMakeFiles/cmTC_791f0.dir/CheckFunctionExists.c.o: In function `main':
CheckFunctionExists.c:(.text+0x10): undefined reference to `getvfsbyname'
collect2: error: ld returned 1 exit status
CMakeFiles/cmTC_791f0.dir/build.make:98: recipe for target 'cmTC_791f0' failed
make[1]: *** [cmTC_791f0] Error 1
make[1]: Leaving directory '/home/nineis/ws/gpt-frontend/tvm/temp/cmake-3.24.1/CMakeFiles/CMakeTmp'
Makefile:127: recipe for target 'cmTC_791f0/fast' failed
make: *** [cmTC_791f0/fast] Error 2



Determining if the function lchflags exists failed with the following output:
Change Dir: /home/nineis/ws/gpt-frontend/tvm/temp/cmake-3.24.1/CMakeFiles/CMakeTmp

Run Build Command(s):/usr/bin/make -f Makefile cmTC_d3dc4/fast && make  -f CMakeFiles/cmTC_d3dc4.dir/build.make CMakeFiles/cmTC_d3dc4.dir/build
make[1]: Entering directory '/home/nineis/ws/gpt-frontend/tvm/temp/cmake-3.24.1/CMakeFiles/CMakeTmp'
Building C object CMakeFiles/cmTC_d3dc4.dir/CheckFunctionExists.c.o
/usr/bin/gcc   -w -DCHECK_FUNCTION_EXISTS=lchflags  -fno-builtin    -D_DEFAULT_SOURCE -D_BSD_SOURCE -D_XOPEN_SOURCE=600 -o CMakeFiles/cmTC_d3dc4.dir/CheckFunctionExists.c.o -c /home/nineis/ws/gpt-frontend/tvm/temp/cmake-3.24.1/Modules/CheckFunctionExists.c
Linking C executable cmTC_d3dc4
/home/nineis/ws/gpt-frontend/tvm/temp/cmake-3.24.1/Bootstrap.cmk/cmake -E cmake_link_script CMakeFiles/cmTC_d3dc4.dir/link.txt --verbose=1
/usr/bin/gcc  -w -DCHECK_FUNCTION_EXISTS=lchflags  -fno-builtin CMakeFiles/cmTC_d3dc4.dir/CheckFunctionExists.c.o -o cmTC_d3dc4 
CMakeFiles/cmTC_d3dc4.dir/CheckFunctionExists.c.o: In function `main':
CheckFunctionExists.c:(.text+0x10): undefined reference to `lchflags'
collect2: error: ld returned 1 exit status
CMakeFiles/cmTC_d3dc4.dir/build.make:98: recipe for target 'cmTC_d3dc4' failed
make[1]: *** [cmTC_d3dc4] Error 1
make[1]: Leaving directory '/home/nineis/ws/gpt-frontend/tvm/temp/cmake-3.24.1/CMakeFiles/CMakeTmp'
Makefile:127: recipe for target 'cmTC_d3dc4/fast' failed
make: *** [cmTC_d3dc4/fast] Error 2



Determining if the function readpassphrase exists failed with the following output:
Change Dir: /home/nineis/ws/gpt-frontend/tvm/temp/cmake-3.24.1/CMakeFiles/CMakeTmp

Run Build Command(s):/usr/bin/make -f Makefile cmTC_3cda4/fast && make  -f CMakeFiles/cmTC_3cda4.dir/build.make CMakeFiles/cmTC_3cda4.dir/build
make[1]: Entering directory '/home/nineis/ws/gpt-frontend/tvm/temp/cmake-3.24.1/CMakeFiles/CMakeTmp'
Building C object CMakeFiles/cmTC_3cda4.dir/CheckFunctionExists.c.o
/usr/bin/gcc   -w -DCHECK_FUNCTION_EXISTS=readpassphrase  -fno-builtin    -D_DEFAULT_SOURCE -D_BSD_SOURCE -D_XOPEN_SOURCE=600 -o CMakeFiles/cmTC_3cda4.dir/CheckFunctionExists.c.o -c /home/nineis/ws/gpt-frontend/tvm/temp/cmake-3.24.1/Modules/CheckFunctionExists.c
Linking C executable cmTC_3cda4
/home/nineis/ws/gpt-frontend/tvm/temp/cmake-3.24.1/Bootstrap.cmk/cmake -E cmake_link_script CMakeFiles/cmTC_3cda4.dir/link.txt --verbose=1
/usr/bin/gcc  -w -DCHECK_FUNCTION_EXISTS=readpassphrase  -fno-builtin CMakeFiles/cmTC_3cda4.dir/CheckFunctionExists.c.o -o cmTC_3cda4 
CMakeFiles/cmTC_3cda4.dir/CheckFunctionExists.c.o: In function `main':
CheckFunctionExists.c:(.text+0x10): undefined reference to `readpassphrase'
collect2: error: ld returned 1 exit status
CMakeFiles/cmTC_3cda4.dir/build.make:98: recipe for target 'cmTC_3cda4' failed
make[1]: *** [cmTC_3cda4] Error 1
make[1]: Leaving directory '/home/nineis/ws/gpt-frontend/tvm/temp/cmake-3.24.1/CMakeFiles/CMakeTmp'
Makefile:127: recipe for target 'cmTC_3cda4/fast' failed
make: *** [cmTC_3cda4/fast] Error 2



Determining if the function strncpy_s exists failed with the following output:
Change Dir: /home/nineis/ws/gpt-frontend/tvm/temp/cmake-3.24.1/CMakeFiles/CMakeTmp

Run Build Command(s):/usr/bin/make -f Makefile cmTC_780b3/fast && make  -f CMakeFiles/cmTC_780b3.dir/build.make CMakeFiles/cmTC_780b3.dir/build
make[1]: Entering directory '/home/nineis/ws/gpt-frontend/tvm/temp/cmake-3.24.1/CMakeFiles/CMakeTmp'
Building C object CMakeFiles/cmTC_780b3.dir/CheckFunctionExists.c.o
/usr/bin/gcc   -w -DCHECK_FUNCTION_EXISTS=strncpy_s  -fno-builtin    -D_DEFAULT_SOURCE -D_BSD_SOURCE -D_XOPEN_SOURCE=600 -o CMakeFiles/cmTC_780b3.dir/CheckFunctionExists.c.o -c /home/nineis/ws/gpt-frontend/tvm/temp/cmake-3.24.1/Modules/CheckFunctionExists.c
Linking C executable cmTC_780b3
/home/nineis/ws/gpt-frontend/tvm/temp/cmake-3.24.1/Bootstrap.cmk/cmake -E cmake_link_script CMakeFiles/cmTC_780b3.dir/link.txt --verbose=1
/usr/bin/gcc  -w -DCHECK_FUNCTION_EXISTS=strncpy_s  -fno-builtin CMakeFiles/cmTC_780b3.dir/CheckFunctionExists.c.o -o cmTC_780b3 
CMakeFiles/cmTC_780b3.dir/CheckFunctionExists.c.o: In function `main':
CheckFunctionExists.c:(.text+0x10): undefined reference to `strncpy_s'
collect2: error: ld returned 1 exit status
CMakeFiles/cmTC_780b3.dir/build.make:98: recipe for target 'cmTC_780b3' failed
make[1]: *** [cmTC_780b3] Error 1
make[1]: Leaving directory '/home/nineis/ws/gpt-frontend/tvm/temp/cmake-3.24.1/CMakeFiles/CMakeTmp'
Makefile:127: recipe for target 'cmTC_780b3/fast' failed
make: *** [cmTC_780b3/fast] Error 2



Determining if the function _ctime64_s exists failed with the following output:
Change Dir: /home/nineis/ws/gpt-frontend/tvm/temp/cmake-3.24.1/CMakeFiles/CMakeTmp

Run Build Command(s):/usr/bin/make -f Makefile cmTC_f9c31/fast && make  -f CMakeFiles/cmTC_f9c31.dir/build.make CMakeFiles/cmTC_f9c31.dir/build
make[1]: Entering directory '/home/nineis/ws/gpt-frontend/tvm/temp/cmake-3.24.1/CMakeFiles/CMakeTmp'
Building C object CMakeFiles/cmTC_f9c31.dir/CheckFunctionExists.c.o
/usr/bin/gcc   -w -DCHECK_FUNCTION_EXISTS=_ctime64_s  -fno-builtin    -D_DEFAULT_SOURCE -D_BSD_SOURCE -D_XOPEN_SOURCE=600 -o CMakeFiles/cmTC_f9c31.dir/CheckFunctionExists.c.o -c /home/nineis/ws/gpt-frontend/tvm/temp/cmake-3.24.1/Modules/CheckFunctionExists.c
Linking C executable cmTC_f9c31
/home/nineis/ws/gpt-frontend/tvm/temp/cmake-3.24.1/Bootstrap.cmk/cmake -E cmake_link_script CMakeFiles/cmTC_f9c31.dir/link.txt --verbose=1
/usr/bin/gcc  -w -DCHECK_FUNCTION_EXISTS=_ctime64_s  -fno-builtin CMakeFiles/cmTC_f9c31.dir/CheckFunctionExists.c.o -o cmTC_f9c31 
CMakeFiles/cmTC_f9c31.dir/CheckFunctionExists.c.o: In function `main':
CheckFunctionExists.c:(.text+0x10): undefined reference to `_ctime64_s'
collect2: error: ld returned 1 exit status
CMakeFiles/cmTC_f9c31.dir/build.make:98: recipe for target 'cmTC_f9c31' failed
make[1]: *** [cmTC_f9c31] Error 1
make[1]: Leaving directory '/home/nineis/ws/gpt-frontend/tvm/temp/cmake-3.24.1/CMakeFiles/CMakeTmp'
Makefile:127: recipe for target 'cmTC_f9c31/fast' failed
make: *** [cmTC_f9c31/fast] Error 2



Determining if the function _fseeki64 exists failed with the following output:
Change Dir: /home/nineis/ws/gpt-frontend/tvm/temp/cmake-3.24.1/CMakeFiles/CMakeTmp

Run Build Command(s):/usr/bin/make -f Makefile cmTC_4a241/fast && make  -f CMakeFiles/cmTC_4a241.dir/build.make CMakeFiles/cmTC_4a241.dir/build
make[1]: Entering directory '/home/nineis/ws/gpt-frontend/tvm/temp/cmake-3.24.1/CMakeFiles/CMakeTmp'
Building C object CMakeFiles/cmTC_4a241.dir/CheckFunctionExists.c.o
/usr/bin/gcc   -w -DCHECK_FUNCTION_EXISTS=_fseeki64  -fno-builtin    -D_DEFAULT_SOURCE -D_BSD_SOURCE -D_XOPEN_SOURCE=600 -o CMakeFiles/cmTC_4a241.dir/CheckFunctionExists.c.o -c /home/nineis/ws/gpt-frontend/tvm/temp/cmake-3.24.1/Modules/CheckFunctionExists.c
Linking C executable cmTC_4a241
/home/nineis/ws/gpt-frontend/tvm/temp/cmake-3.24.1/Bootstrap.cmk/cmake -E cmake_link_script CMakeFiles/cmTC_4a241.dir/link.txt --verbose=1
/usr/bin/gcc  -w -DCHECK_FUNCTION_EXISTS=_fseeki64  -fno-builtin CMakeFiles/cmTC_4a241.dir/CheckFunctionExists.c.o -o cmTC_4a241 
CMakeFiles/cmTC_4a241.dir/CheckFunctionExists.c.o: In function `main':
CheckFunctionExists.c:(.text+0x10): undefined reference to `_fseeki64'
collect2: error: ld returned 1 exit status
CMakeFiles/cmTC_4a241.dir/build.make:98: recipe for target 'cmTC_4a241' failed
make[1]: *** [cmTC_4a241] Error 1
make[1]: Leaving directory '/home/nineis/ws/gpt-frontend/tvm/temp/cmake-3.24.1/CMakeFiles/CMakeTmp'
Makefile:127: recipe for target 'cmTC_4a241/fast' failed
make: *** [cmTC_4a241/fast] Error 2



Determining if the function _get_timezone exists failed with the following output:
Change Dir: /home/nineis/ws/gpt-frontend/tvm/temp/cmake-3.24.1/CMakeFiles/CMakeTmp

Run Build Command(s):/usr/bin/make -f Makefile cmTC_edbf5/fast && make  -f CMakeFiles/cmTC_edbf5.dir/build.make CMakeFiles/cmTC_edbf5.dir/build
make[1]: Entering directory '/home/nineis/ws/gpt-frontend/tvm/temp/cmake-3.24.1/CMakeFiles/CMakeTmp'
Building C object CMakeFiles/cmTC_edbf5.dir/CheckFunctionExists.c.o
/usr/bin/gcc   -w -DCHECK_FUNCTION_EXISTS=_get_timezone  -fno-builtin    -D_DEFAULT_SOURCE -D_BSD_SOURCE -D_XOPEN_SOURCE=600 -o CMakeFiles/cmTC_edbf5.dir/CheckFunctionExists.c.o -c /home/nineis/ws/gpt-frontend/tvm/temp/cmake-3.24.1/Modules/CheckFunctionExists.c
Linking C executable cmTC_edbf5
/home/nineis/ws/gpt-frontend/tvm/temp/cmake-3.24.1/Bootstrap.cmk/cmake -E cmake_link_script CMakeFiles/cmTC_edbf5.dir/link.txt --verbose=1
/usr/bin/gcc  -w -DCHECK_FUNCTION_EXISTS=_get_timezone  -fno-builtin CMakeFiles/cmTC_edbf5.dir/CheckFunctionExists.c.o -o cmTC_edbf5 
CMakeFiles/cmTC_edbf5.dir/CheckFunctionExists.c.o: In function `main':
CheckFunctionExists.c:(.text+0x10): undefined reference to `_get_timezone'
collect2: error: ld returned 1 exit status
CMakeFiles/cmTC_edbf5.dir/build.make:98: recipe for target 'cmTC_edbf5' failed
make[1]: *** [cmTC_edbf5] Error 1
make[1]: Leaving directory '/home/nineis/ws/gpt-frontend/tvm/temp/cmake-3.24.1/CMakeFiles/CMakeTmp'
Makefile:127: recipe for target 'cmTC_edbf5/fast' failed
make: *** [cmTC_edbf5/fast] Error 2



Determining if the function _gmtime64_s exists failed with the following output:
Change Dir: /home/nineis/ws/gpt-frontend/tvm/temp/cmake-3.24.1/CMakeFiles/CMakeTmp

Run Build Command(s):/usr/bin/make -f Makefile cmTC_7b6b6/fast && make  -f CMakeFiles/cmTC_7b6b6.dir/build.make CMakeFiles/cmTC_7b6b6.dir/build
make[1]: Entering directory '/home/nineis/ws/gpt-frontend/tvm/temp/cmake-3.24.1/CMakeFiles/CMakeTmp'
Building C object CMakeFiles/cmTC_7b6b6.dir/CheckFunctionExists.c.o
/usr/bin/gcc   -w -DCHECK_FUNCTION_EXISTS=_gmtime64_s  -fno-builtin    -D_DEFAULT_SOURCE -D_BSD_SOURCE -D_XOPEN_SOURCE=600 -o CMakeFiles/cmTC_7b6b6.dir/CheckFunctionExists.c.o -c /home/nineis/ws/gpt-frontend/tvm/temp/cmake-3.24.1/Modules/CheckFunctionExists.c
Linking C executable cmTC_7b6b6
/home/nineis/ws/gpt-frontend/tvm/temp/cmake-3.24.1/Bootstrap.cmk/cmake -E cmake_link_script CMakeFiles/cmTC_7b6b6.dir/link.txt --verbose=1
/usr/bin/gcc  -w -DCHECK_FUNCTION_EXISTS=_gmtime64_s  -fno-builtin CMakeFiles/cmTC_7b6b6.dir/CheckFunctionExists.c.o -o cmTC_7b6b6 
CMakeFiles/cmTC_7b6b6.dir/CheckFunctionExists.c.o: In function `main':
CheckFunctionExists.c:(.text+0x10): undefined reference to `_gmtime64_s'
collect2: error: ld returned 1 exit status
CMakeFiles/cmTC_7b6b6.dir/build.make:98: recipe for target 'cmTC_7b6b6' failed
make[1]: *** [cmTC_7b6b6] Error 1
make[1]: Leaving directory '/home/nineis/ws/gpt-frontend/tvm/temp/cmake-3.24.1/CMakeFiles/CMakeTmp'
Makefile:127: recipe for target 'cmTC_7b6b6/fast' failed
make: *** [cmTC_7b6b6/fast] Error 2



Determining if the function _localtime64_s exists failed with the following output:
Change Dir: /home/nineis/ws/gpt-frontend/tvm/temp/cmake-3.24.1/CMakeFiles/CMakeTmp

Run Build Command(s):/usr/bin/make -f Makefile cmTC_c1f18/fast && make  -f CMakeFiles/cmTC_c1f18.dir/build.make CMakeFiles/cmTC_c1f18.dir/build
make[1]: Entering directory '/home/nineis/ws/gpt-frontend/tvm/temp/cmake-3.24.1/CMakeFiles/CMakeTmp'
Building C object CMakeFiles/cmTC_c1f18.dir/CheckFunctionExists.c.o
/usr/bin/gcc   -w -DCHECK_FUNCTION_EXISTS=_localtime64_s  -fno-builtin    -D_DEFAULT_SOURCE -D_BSD_SOURCE -D_XOPEN_SOURCE=600 -o CMakeFiles/cmTC_c1f18.dir/CheckFunctionExists.c.o -c /home/nineis/ws/gpt-frontend/tvm/temp/cmake-3.24.1/Modules/CheckFunctionExists.c
Linking C executable cmTC_c1f18
/home/nineis/ws/gpt-frontend/tvm/temp/cmake-3.24.1/Bootstrap.cmk/cmake -E cmake_link_script CMakeFiles/cmTC_c1f18.dir/link.txt --verbose=1
/usr/bin/gcc  -w -DCHECK_FUNCTION_EXISTS=_localtime64_s  -fno-builtin CMakeFiles/cmTC_c1f18.dir/CheckFunctionExists.c.o -o cmTC_c1f18 
CMakeFiles/cmTC_c1f18.dir/CheckFunctionExists.c.o: In function `main':
CheckFunctionExists.c:(.text+0x10): undefined reference to `_localtime64_s'
collect2: error: ld returned 1 exit status
CMakeFiles/cmTC_c1f18.dir/build.make:98: recipe for target 'cmTC_c1f18' failed
make[1]: *** [cmTC_c1f18] Error 1
make[1]: Leaving directory '/home/nineis/ws/gpt-frontend/tvm/temp/cmake-3.24.1/CMakeFiles/CMakeTmp'
Makefile:127: recipe for target 'cmTC_c1f18/fast' failed
make: *** [cmTC_c1f18/fast] Error 2



Determining if the function _mkgmtime64 exists failed with the following output:
Change Dir: /home/nineis/ws/gpt-frontend/tvm/temp/cmake-3.24.1/CMakeFiles/CMakeTmp

Run Build Command(s):/usr/bin/make -f Makefile cmTC_cd0bf/fast && make  -f CMakeFiles/cmTC_cd0bf.dir/build.make CMakeFiles/cmTC_cd0bf.dir/build
make[1]: Entering directory '/home/nineis/ws/gpt-frontend/tvm/temp/cmake-3.24.1/CMakeFiles/CMakeTmp'
Building C object CMakeFiles/cmTC_cd0bf.dir/CheckFunctionExists.c.o
/usr/bin/gcc   -w -DCHECK_FUNCTION_EXISTS=_mkgmtime64  -fno-builtin    -D_DEFAULT_SOURCE -D_BSD_SOURCE -D_XOPEN_SOURCE=600 -o CMakeFiles/cmTC_cd0bf.dir/CheckFunctionExists.c.o -c /home/nineis/ws/gpt-frontend/tvm/temp/cmake-3.24.1/Modules/CheckFunctionExists.c
Linking C executable cmTC_cd0bf
/home/nineis/ws/gpt-frontend/tvm/temp/cmake-3.24.1/Bootstrap.cmk/cmake -E cmake_link_script CMakeFiles/cmTC_cd0bf.dir/link.txt --verbose=1
/usr/bin/gcc  -w -DCHECK_FUNCTION_EXISTS=_mkgmtime64  -fno-builtin CMakeFiles/cmTC_cd0bf.dir/CheckFunctionExists.c.o -o cmTC_cd0bf 
CMakeFiles/cmTC_cd0bf.dir/CheckFunctionExists.c.o: In function `main':
CheckFunctionExists.c:(.text+0x10): undefined reference to `_mkgmtime64'
collect2: error: ld returned 1 exit status
CMakeFiles/cmTC_cd0bf.dir/build.make:98: recipe for target 'cmTC_cd0bf' failed
make[1]: *** [cmTC_cd0bf] Error 1
make[1]: Leaving directory '/home/nineis/ws/gpt-frontend/tvm/temp/cmake-3.24.1/CMakeFiles/CMakeTmp'
Makefile:127: recipe for target 'cmTC_cd0bf/fast' failed
make: *** [cmTC_cd0bf/fast] Error 2



Determining if the function cygwin_conv_path exists failed with the following output:
Change Dir: /home/nineis/ws/gpt-frontend/tvm/temp/cmake-3.24.1/CMakeFiles/CMakeTmp

Run Build Command(s):/usr/bin/make -f Makefile cmTC_7c52f/fast && make  -f CMakeFiles/cmTC_7c52f.dir/build.make CMakeFiles/cmTC_7c52f.dir/build
make[1]: Entering directory '/home/nineis/ws/gpt-frontend/tvm/temp/cmake-3.24.1/CMakeFiles/CMakeTmp'
Building C object CMakeFiles/cmTC_7c52f.dir/CheckFunctionExists.c.o
/usr/bin/gcc   -w -DCHECK_FUNCTION_EXISTS=cygwin_conv_path  -fno-builtin    -D_DEFAULT_SOURCE -D_BSD_SOURCE -D_XOPEN_SOURCE=600 -o CMakeFiles/cmTC_7c52f.dir/CheckFunctionExists.c.o -c /home/nineis/ws/gpt-frontend/tvm/temp/cmake-3.24.1/Modules/CheckFunctionExists.c
Linking C executable cmTC_7c52f
/home/nineis/ws/gpt-frontend/tvm/temp/cmake-3.24.1/Bootstrap.cmk/cmake -E cmake_link_script CMakeFiles/cmTC_7c52f.dir/link.txt --verbose=1
/usr/bin/gcc  -w -DCHECK_FUNCTION_EXISTS=cygwin_conv_path  -fno-builtin CMakeFiles/cmTC_7c52f.dir/CheckFunctionExists.c.o -o cmTC_7c52f 
CMakeFiles/cmTC_7c52f.dir/CheckFunctionExists.c.o: In function `main':
CheckFunctionExists.c:(.text+0x10): undefined reference to `cygwin_conv_path'
collect2: error: ld returned 1 exit status
CMakeFiles/cmTC_7c52f.dir/build.make:98: recipe for target 'cmTC_7c52f' failed
make[1]: *** [cmTC_7c52f] Error 1
make[1]: Leaving directory '/home/nineis/ws/gpt-frontend/tvm/temp/cmake-3.24.1/CMakeFiles/CMakeTmp'
Makefile:127: recipe for target 'cmTC_7c52f/fast' failed
make: *** [cmTC_7c52f/fast] Error 2



Performing C SOURCE FILE Test HAVE_STRUCT_VFSCONF failed with the following output:
Change Dir: /home/nineis/ws/gpt-frontend/tvm/temp/cmake-3.24.1/CMakeFiles/CMakeTmp

Run Build Command(s):/usr/bin/make -f Makefile cmTC_e6764/fast && make  -f CMakeFiles/cmTC_e6764.dir/build.make CMakeFiles/cmTC_e6764.dir/build
make[1]: Entering directory '/home/nineis/ws/gpt-frontend/tvm/temp/cmake-3.24.1/CMakeFiles/CMakeTmp'
Building C object CMakeFiles/cmTC_e6764.dir/src.c.o
/usr/bin/gcc -DHAVE_STRUCT_VFSCONF  -w     -D_DEFAULT_SOURCE -D_BSD_SOURCE -D_XOPEN_SOURCE=600 -o CMakeFiles/cmTC_e6764.dir/src.c.o -c /home/nineis/ws/gpt-frontend/tvm/temp/cmake-3.24.1/CMakeFiles/CMakeTmp/src.c
/home/nineis/ws/gpt-frontend/tvm/temp/cmake-3.24.1/CMakeFiles/CMakeTmp/src.c: In function 'main':
/home/nineis/ws/gpt-frontend/tvm/temp/cmake-3.24.1/CMakeFiles/CMakeTmp/src.c:3:33: error: storage size of 'v' isn't known
 int main(void) { struct vfsconf v; return sizeof(v);}
                                 ^
CMakeFiles/cmTC_e6764.dir/build.make:77: recipe for target 'CMakeFiles/cmTC_e6764.dir/src.c.o' failed
make[1]: *** [CMakeFiles/cmTC_e6764.dir/src.c.o] Error 1
make[1]: Leaving directory '/home/nineis/ws/gpt-frontend/tvm/temp/cmake-3.24.1/CMakeFiles/CMakeTmp'
Makefile:127: recipe for target 'cmTC_e6764/fast' failed
make: *** [cmTC_e6764/fast] Error 2


Source file was:
#include <sys/types.h>
#include <sys/mount.h>
int main(void) { struct vfsconf v; return sizeof(v);}
Performing C SOURCE FILE Test HAVE_STRUCT_XVFSCONF failed with the following output:
Change Dir: /home/nineis/ws/gpt-frontend/tvm/temp/cmake-3.24.1/CMakeFiles/CMakeTmp

Run Build Command(s):/usr/bin/make -f Makefile cmTC_c2d2c/fast && make  -f CMakeFiles/cmTC_c2d2c.dir/build.make CMakeFiles/cmTC_c2d2c.dir/build
make[1]: Entering directory '/home/nineis/ws/gpt-frontend/tvm/temp/cmake-3.24.1/CMakeFiles/CMakeTmp'
Building C object CMakeFiles/cmTC_c2d2c.dir/src.c.o
/usr/bin/gcc -DHAVE_STRUCT_XVFSCONF  -w     -D_DEFAULT_SOURCE -D_BSD_SOURCE -D_XOPEN_SOURCE=600 -o CMakeFiles/cmTC_c2d2c.dir/src.c.o -c /home/nineis/ws/gpt-frontend/tvm/temp/cmake-3.24.1/CMakeFiles/CMakeTmp/src.c
/home/nineis/ws/gpt-frontend/tvm/temp/cmake-3.24.1/CMakeFiles/CMakeTmp/src.c: In function 'main':
/home/nineis/ws/gpt-frontend/tvm/temp/cmake-3.24.1/CMakeFiles/CMakeTmp/src.c:3:34: error: storage size of 'v' isn't known
 int main(void) { struct xvfsconf v; return sizeof(v);}
                                  ^
CMakeFiles/cmTC_c2d2c.dir/build.make:77: recipe for target 'CMakeFiles/cmTC_c2d2c.dir/src.c.o' failed
make[1]: *** [CMakeFiles/cmTC_c2d2c.dir/src.c.o] Error 1
make[1]: Leaving directory '/home/nineis/ws/gpt-frontend/tvm/temp/cmake-3.24.1/CMakeFiles/CMakeTmp'
Makefile:127: recipe for target 'cmTC_c2d2c/fast' failed
make: *** [cmTC_c2d2c/fast] Error 2


Source file was:
#include <sys/types.h>
#include <sys/mount.h>
int main(void) { struct xvfsconf v; return sizeof(v);}
Performing C SOURCE FILE Test HAVE_STRUCT_STATFS failed with the following output:
Change Dir: /home/nineis/ws/gpt-frontend/tvm/temp/cmake-3.24.1/CMakeFiles/CMakeTmp

Run Build Command(s):/usr/bin/make -f Makefile cmTC_e5d3b/fast && make  -f CMakeFiles/cmTC_e5d3b.dir/build.make CMakeFiles/cmTC_e5d3b.dir/build
make[1]: Entering directory '/home/nineis/ws/gpt-frontend/tvm/temp/cmake-3.24.1/CMakeFiles/CMakeTmp'
Building C object CMakeFiles/cmTC_e5d3b.dir/src.c.o
/usr/bin/gcc -DHAVE_STRUCT_STATFS  -w     -D_DEFAULT_SOURCE -D_BSD_SOURCE -D_XOPEN_SOURCE=600 -o CMakeFiles/cmTC_e5d3b.dir/src.c.o -c /home/nineis/ws/gpt-frontend/tvm/temp/cmake-3.24.1/CMakeFiles/CMakeTmp/src.c
/home/nineis/ws/gpt-frontend/tvm/temp/cmake-3.24.1/CMakeFiles/CMakeTmp/src.c: In function 'main':
/home/nineis/ws/gpt-frontend/tvm/temp/cmake-3.24.1/CMakeFiles/CMakeTmp/src.c:3:32: error: storage size of 's' isn't known
 int main(void) { struct statfs s; return sizeof(s);}
                                ^
CMakeFiles/cmTC_e5d3b.dir/build.make:77: recipe for target 'CMakeFiles/cmTC_e5d3b.dir/src.c.o' failed
make[1]: *** [CMakeFiles/cmTC_e5d3b.dir/src.c.o] Error 1
make[1]: Leaving directory '/home/nineis/ws/gpt-frontend/tvm/temp/cmake-3.24.1/CMakeFiles/CMakeTmp'
Makefile:127: recipe for target 'cmTC_e5d3b/fast' failed
make: *** [cmTC_e5d3b/fast] Error 2


Source file was:
#include <sys/types.h>
#include <sys/mount.h>
int main(void) { struct statfs s; return sizeof(s);}
Performing C SOURCE FILE Test MAJOR_IN_MKDEV failed with the following output:
Change Dir: /home/nineis/ws/gpt-frontend/tvm/temp/cmake-3.24.1/CMakeFiles/CMakeTmp

Run Build Command(s):/usr/bin/make -f Makefile cmTC_39928/fast && make  -f CMakeFiles/cmTC_39928.dir/build.make CMakeFiles/cmTC_39928.dir/build
make[1]: Entering directory '/home/nineis/ws/gpt-frontend/tvm/temp/cmake-3.24.1/CMakeFiles/CMakeTmp'
Building C object CMakeFiles/cmTC_39928.dir/src.c.o
/usr/bin/gcc -DMAJOR_IN_MKDEV  -w     -D_DEFAULT_SOURCE -D_BSD_SOURCE -D_XOPEN_SOURCE=600 -o CMakeFiles/cmTC_39928.dir/src.c.o -c /home/nineis/ws/gpt-frontend/tvm/temp/cmake-3.24.1/CMakeFiles/CMakeTmp/src.c
/home/nineis/ws/gpt-frontend/tvm/temp/cmake-3.24.1/CMakeFiles/CMakeTmp/src.c:1:10: fatal error: sys/mkdev.h: No such file or directory
 #include <sys/mkdev.h>
          ^~~~~~~~~~~~~
compilation terminated.
CMakeFiles/cmTC_39928.dir/build.make:77: recipe for target 'CMakeFiles/cmTC_39928.dir/src.c.o' failed
make[1]: *** [CMakeFiles/cmTC_39928.dir/src.c.o] Error 1
make[1]: Leaving directory '/home/nineis/ws/gpt-frontend/tvm/temp/cmake-3.24.1/CMakeFiles/CMakeTmp'
Makefile:127: recipe for target 'cmTC_39928/fast' failed
make: *** [cmTC_39928/fast] Error 2


Source file was:
#include <sys/mkdev.h>
int main() { return major(256); }
Determining if the EFTYPE exist failed with the following output:
Change Dir: /home/nineis/ws/gpt-frontend/tvm/temp/cmake-3.24.1/CMakeFiles/CMakeTmp

Run Build Command(s):/usr/bin/make -f Makefile cmTC_2ae9c/fast && make  -f CMakeFiles/cmTC_2ae9c.dir/build.make CMakeFiles/cmTC_2ae9c.dir/build
make[1]: Entering directory '/home/nineis/ws/gpt-frontend/tvm/temp/cmake-3.24.1/CMakeFiles/CMakeTmp'
Building C object CMakeFiles/cmTC_2ae9c.dir/CheckSymbolExists.c.o
/usr/bin/gcc   -w     -D_DEFAULT_SOURCE -D_BSD_SOURCE -D_XOPEN_SOURCE=600 -o CMakeFiles/cmTC_2ae9c.dir/CheckSymbolExists.c.o -c /home/nineis/ws/gpt-frontend/tvm/temp/cmake-3.24.1/CMakeFiles/CMakeTmp/CheckSymbolExists.c
/home/nineis/ws/gpt-frontend/tvm/temp/cmake-3.24.1/CMakeFiles/CMakeTmp/CheckSymbolExists.c: In function 'main':
/home/nineis/ws/gpt-frontend/tvm/temp/cmake-3.24.1/CMakeFiles/CMakeTmp/CheckSymbolExists.c:8:19: error: 'EFTYPE' undeclared (first use in this function); did you mean 'ESPIPE'?
   return ((int*)(&EFTYPE))[argc];
                   ^~~~~~
                   ESPIPE
/home/nineis/ws/gpt-frontend/tvm/temp/cmake-3.24.1/CMakeFiles/CMakeTmp/CheckSymbolExists.c:8:19: note: each undeclared identifier is reported only once for each function it appears in
CMakeFiles/cmTC_2ae9c.dir/build.make:77: recipe for target 'CMakeFiles/cmTC_2ae9c.dir/CheckSymbolExists.c.o' failed
make[1]: *** [CMakeFiles/cmTC_2ae9c.dir/CheckSymbolExists.c.o] Error 1
make[1]: Leaving directory '/home/nineis/ws/gpt-frontend/tvm/temp/cmake-3.24.1/CMakeFiles/CMakeTmp'
Makefile:127: recipe for target 'cmTC_2ae9c/fast' failed
make: *** [cmTC_2ae9c/fast] Error 2


File /home/nineis/ws/gpt-frontend/tvm/temp/cmake-3.24.1/CMakeFiles/CMakeTmp/CheckSymbolExists.c:
/* */
#include <errno.h>

int main(int argc, char** argv)
{
  (void)argv;
#ifndef EFTYPE
  return ((int*)(&EFTYPE))[argc];
#else
  (void)argc;
  return 0;
#endif
}
Determining if the D_MD_ORDER exist failed with the following output:
Change Dir: /home/nineis/ws/gpt-frontend/tvm/temp/cmake-3.24.1/CMakeFiles/CMakeTmp

Run Build Command(s):/usr/bin/make -f Makefile cmTC_ddd56/fast && make  -f CMakeFiles/cmTC_ddd56.dir/build.make CMakeFiles/cmTC_ddd56.dir/build
make[1]: Entering directory '/home/nineis/ws/gpt-frontend/tvm/temp/cmake-3.24.1/CMakeFiles/CMakeTmp'
Building C object CMakeFiles/cmTC_ddd56.dir/CheckSymbolExists.c.o
/usr/bin/gcc   -w     -D_DEFAULT_SOURCE -D_BSD_SOURCE -D_XOPEN_SOURCE=600 -o CMakeFiles/cmTC_ddd56.dir/CheckSymbolExists.c.o -c /home/nineis/ws/gpt-frontend/tvm/temp/cmake-3.24.1/CMakeFiles/CMakeTmp/CheckSymbolExists.c
/home/nineis/ws/gpt-frontend/tvm/temp/cmake-3.24.1/CMakeFiles/CMakeTmp/CheckSymbolExists.c: In function 'main':
/home/nineis/ws/gpt-frontend/tvm/temp/cmake-3.24.1/CMakeFiles/CMakeTmp/CheckSymbolExists.c:8:19: error: 'D_MD_ORDER' undeclared (first use in this function)
   return ((int*)(&D_MD_ORDER))[argc];
                   ^~~~~~~~~~
/home/nineis/ws/gpt-frontend/tvm/temp/cmake-3.24.1/CMakeFiles/CMakeTmp/CheckSymbolExists.c:8:19: note: each undeclared identifier is reported only once for each function it appears in
CMakeFiles/cmTC_ddd56.dir/build.make:77: recipe for target 'CMakeFiles/cmTC_ddd56.dir/CheckSymbolExists.c.o' failed
make[1]: *** [CMakeFiles/cmTC_ddd56.dir/CheckSymbolExists.c.o] Error 1
make[1]: Leaving directory '/home/nineis/ws/gpt-frontend/tvm/temp/cmake-3.24.1/CMakeFiles/CMakeTmp'
Makefile:127: recipe for target 'cmTC_ddd56/fast' failed
make: *** [cmTC_ddd56/fast] Error 2


File /home/nineis/ws/gpt-frontend/tvm/temp/cmake-3.24.1/CMakeFiles/CMakeTmp/CheckSymbolExists.c:
/* */
#include <langinfo.h>

int main(int argc, char** argv)
{
  (void)argv;
#ifndef D_MD_ORDER
  return ((int*)(&D_MD_ORDER))[argc];
#else
  (void)argc;
  return 0;
#endif
}
Performing C SOURCE FILE Test HAVE_STRUCT_TM___TM_GMTOFF failed with the following output:
Change Dir: /home/nineis/ws/gpt-frontend/tvm/temp/cmake-3.24.1/CMakeFiles/CMakeTmp

Run Build Command(s):/usr/bin/make -f Makefile cmTC_8fe11/fast && make  -f CMakeFiles/cmTC_8fe11.dir/build.make CMakeFiles/cmTC_8fe11.dir/build
make[1]: Entering directory '/home/nineis/ws/gpt-frontend/tvm/temp/cmake-3.24.1/CMakeFiles/CMakeTmp'
Building C object CMakeFiles/cmTC_8fe11.dir/src.c.o
/usr/bin/gcc -DHAVE_STRUCT_TM___TM_GMTOFF  -w     -D_DEFAULT_SOURCE -D_BSD_SOURCE -D_XOPEN_SOURCE=600 -o CMakeFiles/cmTC_8fe11.dir/src.c.o -c /home/nineis/ws/gpt-frontend/tvm/temp/cmake-3.24.1/CMakeFiles/CMakeTmp/src.c
/home/nineis/ws/gpt-frontend/tvm/temp/cmake-3.24.1/CMakeFiles/CMakeTmp/src.c: In function 'main':
/home/nineis/ws/gpt-frontend/tvm/temp/cmake-3.24.1/CMakeFiles/CMakeTmp/src.c:6:34: error: 'struct tm' has no member named '__tm_gmtoff'; did you mean 'tm_gmtoff'?
   (void)sizeof(((struct tm *)0)->__tm_gmtoff);
                                  ^~~~~~~~~~~
                                  tm_gmtoff
CMakeFiles/cmTC_8fe11.dir/build.make:77: recipe for target 'CMakeFiles/cmTC_8fe11.dir/src.c.o' failed
make[1]: *** [CMakeFiles/cmTC_8fe11.dir/src.c.o] Error 1
make[1]: Leaving directory '/home/nineis/ws/gpt-frontend/tvm/temp/cmake-3.24.1/CMakeFiles/CMakeTmp'
Makefile:127: recipe for target 'cmTC_8fe11/fast' failed
make: *** [cmTC_8fe11/fast] Error 2


Source file was:

#include <time.h>

int main()
{
  (void)sizeof(((struct tm *)0)->__tm_gmtoff);
  return 0;
}

Performing C SOURCE FILE Test HAVE_STRUCT_STAT_ST_BIRTHTIME failed with the following output:
Change Dir: /home/nineis/ws/gpt-frontend/tvm/temp/cmake-3.24.1/CMakeFiles/CMakeTmp

Run Build Command(s):/usr/bin/make -f Makefile cmTC_ea69b/fast && make  -f CMakeFiles/cmTC_ea69b.dir/build.make CMakeFiles/cmTC_ea69b.dir/build
make[1]: Entering directory '/home/nineis/ws/gpt-frontend/tvm/temp/cmake-3.24.1/CMakeFiles/CMakeTmp'
Building C object CMakeFiles/cmTC_ea69b.dir/src.c.o
/usr/bin/gcc -DHAVE_STRUCT_STAT_ST_BIRTHTIME  -w     -D_DEFAULT_SOURCE -D_BSD_SOURCE -D_XOPEN_SOURCE=600 -o CMakeFiles/cmTC_ea69b.dir/src.c.o -c /home/nineis/ws/gpt-frontend/tvm/temp/cmake-3.24.1/CMakeFiles/CMakeTmp/src.c
/home/nineis/ws/gpt-frontend/tvm/temp/cmake-3.24.1/CMakeFiles/CMakeTmp/src.c: In function 'main':
/home/nineis/ws/gpt-frontend/tvm/temp/cmake-3.24.1/CMakeFiles/CMakeTmp/src.c:7:36: error: 'struct stat' has no member named 'st_birthtime'; did you mean 'st_blksize'?
   (void)sizeof(((struct stat *)0)->st_birthtime);
                                    ^~~~~~~~~~~~
                                    st_blksize
CMakeFiles/cmTC_ea69b.dir/build.make:77: recipe for target 'CMakeFiles/cmTC_ea69b.dir/src.c.o' failed
make[1]: *** [CMakeFiles/cmTC_ea69b.dir/src.c.o] Error 1
make[1]: Leaving directory '/home/nineis/ws/gpt-frontend/tvm/temp/cmake-3.24.1/CMakeFiles/CMakeTmp'
Makefile:127: recipe for target 'cmTC_ea69b/fast' failed
make: *** [cmTC_ea69b/fast] Error 2


Source file was:

#include <sys/types.h>
#include <sys/stat.h>

int main()
{
  (void)sizeof(((struct stat *)0)->st_birthtime);
  return 0;
}

Performing C SOURCE FILE Test HAVE_STRUCT_STAT_ST_BIRTHTIMESPEC_TV_NSEC failed with the following output:
Change Dir: /home/nineis/ws/gpt-frontend/tvm/temp/cmake-3.24.1/CMakeFiles/CMakeTmp

Run Build Command(s):/usr/bin/make -f Makefile cmTC_321fd/fast && make  -f CMakeFiles/cmTC_321fd.dir/build.make CMakeFiles/cmTC_321fd.dir/build
make[1]: Entering directory '/home/nineis/ws/gpt-frontend/tvm/temp/cmake-3.24.1/CMakeFiles/CMakeTmp'
Building C object CMakeFiles/cmTC_321fd.dir/src.c.o
/usr/bin/gcc -DHAVE_STRUCT_STAT_ST_BIRTHTIMESPEC_TV_NSEC  -w     -D_DEFAULT_SOURCE -D_BSD_SOURCE -D_XOPEN_SOURCE=600 -o CMakeFiles/cmTC_321fd.dir/src.c.o -c /home/nineis/ws/gpt-frontend/tvm/temp/cmake-3.24.1/CMakeFiles/CMakeTmp/src.c
/home/nineis/ws/gpt-frontend/tvm/temp/cmake-3.24.1/CMakeFiles/CMakeTmp/src.c: In function 'main':
/home/nineis/ws/gpt-frontend/tvm/temp/cmake-3.24.1/CMakeFiles/CMakeTmp/src.c:7:34: error: 'struct stat' has no member named 'st_birthtimespec'
   (void)sizeof(((struct stat *)0)->st_birthtimespec.tv_nsec);
                                  ^~
CMakeFiles/cmTC_321fd.dir/build.make:77: recipe for target 'CMakeFiles/cmTC_321fd.dir/src.c.o' failed
make[1]: *** [CMakeFiles/cmTC_321fd.dir/src.c.o] Error 1
make[1]: Leaving directory '/home/nineis/ws/gpt-frontend/tvm/temp/cmake-3.24.1/CMakeFiles/CMakeTmp'
Makefile:127: recipe for target 'cmTC_321fd/fast' failed
make: *** [cmTC_321fd/fast] Error 2


Source file was:

#include <sys/types.h>
#include <sys/stat.h>

int main()
{
  (void)sizeof(((struct stat *)0)->st_birthtimespec.tv_nsec);
  return 0;
}

Performing C SOURCE FILE Test HAVE_STRUCT_STAT_ST_MTIMESPEC_TV_NSEC failed with the following output:
Change Dir: /home/nineis/ws/gpt-frontend/tvm/temp/cmake-3.24.1/CMakeFiles/CMakeTmp

Run Build Command(s):/usr/bin/make -f Makefile cmTC_94566/fast && make  -f CMakeFiles/cmTC_94566.dir/build.make CMakeFiles/cmTC_94566.dir/build
make[1]: Entering directory '/home/nineis/ws/gpt-frontend/tvm/temp/cmake-3.24.1/CMakeFiles/CMakeTmp'
Building C object CMakeFiles/cmTC_94566.dir/src.c.o
/usr/bin/gcc -DHAVE_STRUCT_STAT_ST_MTIMESPEC_TV_NSEC  -w     -D_DEFAULT_SOURCE -D_BSD_SOURCE -D_XOPEN_SOURCE=600 -o CMakeFiles/cmTC_94566.dir/src.c.o -c /home/nineis/ws/gpt-frontend/tvm/temp/cmake-3.24.1/CMakeFiles/CMakeTmp/src.c
/home/nineis/ws/gpt-frontend/tvm/temp/cmake-3.24.1/CMakeFiles/CMakeTmp/src.c: In function 'main':
/home/nineis/ws/gpt-frontend/tvm/temp/cmake-3.24.1/CMakeFiles/CMakeTmp/src.c:7:36: error: 'struct stat' has no member named 'st_mtimespec'; did you mean 'st_mtim'?
   (void)sizeof(((struct stat *)0)->st_mtimespec.tv_nsec);
                                    ^~~~~~~~~~~~
                                    st_mtim
CMakeFiles/cmTC_94566.dir/build.make:77: recipe for target 'CMakeFiles/cmTC_94566.dir/src.c.o' failed
make[1]: *** [CMakeFiles/cmTC_94566.dir/src.c.o] Error 1
make[1]: Leaving directory '/home/nineis/ws/gpt-frontend/tvm/temp/cmake-3.24.1/CMakeFiles/CMakeTmp'
Makefile:127: recipe for target 'cmTC_94566/fast' failed
make: *** [cmTC_94566/fast] Error 2


Source file was:

#include <sys/types.h>
#include <sys/stat.h>

int main()
{
  (void)sizeof(((struct stat *)0)->st_mtimespec.tv_nsec);
  return 0;
}

Performing C SOURCE FILE Test HAVE_STRUCT_STAT_ST_MTIME_N failed with the following output:
Change Dir: /home/nineis/ws/gpt-frontend/tvm/temp/cmake-3.24.1/CMakeFiles/CMakeTmp

Run Build Command(s):/usr/bin/make -f Makefile cmTC_cad64/fast && make  -f CMakeFiles/cmTC_cad64.dir/build.make CMakeFiles/cmTC_cad64.dir/build
make[1]: Entering directory '/home/nineis/ws/gpt-frontend/tvm/temp/cmake-3.24.1/CMakeFiles/CMakeTmp'
Building C object CMakeFiles/cmTC_cad64.dir/src.c.o
/usr/bin/gcc -DHAVE_STRUCT_STAT_ST_MTIME_N  -w     -D_DEFAULT_SOURCE -D_BSD_SOURCE -D_XOPEN_SOURCE=600 -o CMakeFiles/cmTC_cad64.dir/src.c.o -c /home/nineis/ws/gpt-frontend/tvm/temp/cmake-3.24.1/CMakeFiles/CMakeTmp/src.c
/home/nineis/ws/gpt-frontend/tvm/temp/cmake-3.24.1/CMakeFiles/CMakeTmp/src.c: In function 'main':
/home/nineis/ws/gpt-frontend/tvm/temp/cmake-3.24.1/CMakeFiles/CMakeTmp/src.c:7:36: error: 'struct stat' has no member named 'st_mtime_n'; did you mean 'st_mtim'?
   (void)sizeof(((struct stat *)0)->st_mtime_n);
                                    ^~~~~~~~~~
                                    st_mtim
CMakeFiles/cmTC_cad64.dir/build.make:77: recipe for target 'CMakeFiles/cmTC_cad64.dir/src.c.o' failed
make[1]: *** [CMakeFiles/cmTC_cad64.dir/src.c.o] Error 1
make[1]: Leaving directory '/home/nineis/ws/gpt-frontend/tvm/temp/cmake-3.24.1/CMakeFiles/CMakeTmp'
Makefile:127: recipe for target 'cmTC_cad64/fast' failed
make: *** [cmTC_cad64/fast] Error 2


Source file was:

#include <sys/types.h>
#include <sys/stat.h>

int main()
{
  (void)sizeof(((struct stat *)0)->st_mtime_n);
  return 0;
}

Performing C SOURCE FILE Test HAVE_STRUCT_STAT_ST_UMTIME failed with the following output:
Change Dir: /home/nineis/ws/gpt-frontend/tvm/temp/cmake-3.24.1/CMakeFiles/CMakeTmp

Run Build Command(s):/usr/bin/make -f Makefile cmTC_09f24/fast && make  -f CMakeFiles/cmTC_09f24.dir/build.make CMakeFiles/cmTC_09f24.dir/build
make[1]: Entering directory '/home/nineis/ws/gpt-frontend/tvm/temp/cmake-3.24.1/CMakeFiles/CMakeTmp'
Building C object CMakeFiles/cmTC_09f24.dir/src.c.o
/usr/bin/gcc -DHAVE_STRUCT_STAT_ST_UMTIME  -w     -D_DEFAULT_SOURCE -D_BSD_SOURCE -D_XOPEN_SOURCE=600 -o CMakeFiles/cmTC_09f24.dir/src.c.o -c /home/nineis/ws/gpt-frontend/tvm/temp/cmake-3.24.1/CMakeFiles/CMakeTmp/src.c
/home/nineis/ws/gpt-frontend/tvm/temp/cmake-3.24.1/CMakeFiles/CMakeTmp/src.c: In function 'main':
/home/nineis/ws/gpt-frontend/tvm/temp/cmake-3.24.1/CMakeFiles/CMakeTmp/src.c:7:36: error: 'struct stat' has no member named 'st_umtime'; did you mean 'st_mtim'?
   (void)sizeof(((struct stat *)0)->st_umtime);
                                    ^~~~~~~~~
                                    st_mtim
CMakeFiles/cmTC_09f24.dir/build.make:77: recipe for target 'CMakeFiles/cmTC_09f24.dir/src.c.o' failed
make[1]: *** [CMakeFiles/cmTC_09f24.dir/src.c.o] Error 1
make[1]: Leaving directory '/home/nineis/ws/gpt-frontend/tvm/temp/cmake-3.24.1/CMakeFiles/CMakeTmp'
Makefile:127: recipe for target 'cmTC_09f24/fast' failed
make: *** [cmTC_09f24/fast] Error 2


Source file was:

#include <sys/types.h>
#include <sys/stat.h>

int main()
{
  (void)sizeof(((struct stat *)0)->st_umtime);
  return 0;
}

Performing C SOURCE FILE Test HAVE_STRUCT_STAT_ST_MTIME_USEC failed with the following output:
Change Dir: /home/nineis/ws/gpt-frontend/tvm/temp/cmake-3.24.1/CMakeFiles/CMakeTmp

Run Build Command(s):/usr/bin/make -f Makefile cmTC_a7c33/fast && make  -f CMakeFiles/cmTC_a7c33.dir/build.make CMakeFiles/cmTC_a7c33.dir/build
make[1]: Entering directory '/home/nineis/ws/gpt-frontend/tvm/temp/cmake-3.24.1/CMakeFiles/CMakeTmp'
Building C object CMakeFiles/cmTC_a7c33.dir/src.c.o
/usr/bin/gcc -DHAVE_STRUCT_STAT_ST_MTIME_USEC  -w     -D_DEFAULT_SOURCE -D_BSD_SOURCE -D_XOPEN_SOURCE=600 -o CMakeFiles/cmTC_a7c33.dir/src.c.o -c /home/nineis/ws/gpt-frontend/tvm/temp/cmake-3.24.1/CMakeFiles/CMakeTmp/src.c
/home/nineis/ws/gpt-frontend/tvm/temp/cmake-3.24.1/CMakeFiles/CMakeTmp/src.c: In function 'main':
/home/nineis/ws/gpt-frontend/tvm/temp/cmake-3.24.1/CMakeFiles/CMakeTmp/src.c:7:36: error: 'struct stat' has no member named 'st_mtime_usec'; did you mean 'st_mtim'?
   (void)sizeof(((struct stat *)0)->st_mtime_usec);
                                    ^~~~~~~~~~~~~
                                    st_mtim
CMakeFiles/cmTC_a7c33.dir/build.make:77: recipe for target 'CMakeFiles/cmTC_a7c33.dir/src.c.o' failed
make[1]: *** [CMakeFiles/cmTC_a7c33.dir/src.c.o] Error 1
make[1]: Leaving directory '/home/nineis/ws/gpt-frontend/tvm/temp/cmake-3.24.1/CMakeFiles/CMakeTmp'
Makefile:127: recipe for target 'cmTC_a7c33/fast' failed
make: *** [cmTC_a7c33/fast] Error 2


Source file was:

#include <sys/types.h>
#include <sys/stat.h>

int main()
{
  (void)sizeof(((struct stat *)0)->st_mtime_usec);
  return 0;
}

Performing C SOURCE FILE Test HAVE_STRUCT_STAT_ST_FLAGS failed with the following output:
Change Dir: /home/nineis/ws/gpt-frontend/tvm/temp/cmake-3.24.1/CMakeFiles/CMakeTmp

Run Build Command(s):/usr/bin/make -f Makefile cmTC_dd5c5/fast && make  -f CMakeFiles/cmTC_dd5c5.dir/build.make CMakeFiles/cmTC_dd5c5.dir/build
make[1]: Entering directory '/home/nineis/ws/gpt-frontend/tvm/temp/cmake-3.24.1/CMakeFiles/CMakeTmp'
Building C object CMakeFiles/cmTC_dd5c5.dir/src.c.o
/usr/bin/gcc -DHAVE_STRUCT_STAT_ST_FLAGS  -w     -D_DEFAULT_SOURCE -D_BSD_SOURCE -D_XOPEN_SOURCE=600 -o CMakeFiles/cmTC_dd5c5.dir/src.c.o -c /home/nineis/ws/gpt-frontend/tvm/temp/cmake-3.24.1/CMakeFiles/CMakeTmp/src.c
/home/nineis/ws/gpt-frontend/tvm/temp/cmake-3.24.1/CMakeFiles/CMakeTmp/src.c: In function 'main':
/home/nineis/ws/gpt-frontend/tvm/temp/cmake-3.24.1/CMakeFiles/CMakeTmp/src.c:7:36: error: 'struct stat' has no member named 'st_flags'; did you mean 'st_nlink'?
   (void)sizeof(((struct stat *)0)->st_flags);
                                    ^~~~~~~~
                                    st_nlink
CMakeFiles/cmTC_dd5c5.dir/build.make:77: recipe for target 'CMakeFiles/cmTC_dd5c5.dir/src.c.o' failed
make[1]: *** [CMakeFiles/cmTC_dd5c5.dir/src.c.o] Error 1
make[1]: Leaving directory '/home/nineis/ws/gpt-frontend/tvm/temp/cmake-3.24.1/CMakeFiles/CMakeTmp'
Makefile:127: recipe for target 'cmTC_dd5c5/fast' failed
make: *** [cmTC_dd5c5/fast] Error 2


Source file was:

#include <sys/types.h>
#include <sys/stat.h>

int main()
{
  (void)sizeof(((struct stat *)0)->st_flags);
  return 0;
}

Performing C SOURCE FILE Test HAVE_STRUCT_STATVFS_F_IOSIZE failed with the following output:
Change Dir: /home/nineis/ws/gpt-frontend/tvm/temp/cmake-3.24.1/CMakeFiles/CMakeTmp

Run Build Command(s):/usr/bin/make -f Makefile cmTC_b27c2/fast && make  -f CMakeFiles/cmTC_b27c2.dir/build.make CMakeFiles/cmTC_b27c2.dir/build
make[1]: Entering directory '/home/nineis/ws/gpt-frontend/tvm/temp/cmake-3.24.1/CMakeFiles/CMakeTmp'
Building C object CMakeFiles/cmTC_b27c2.dir/src.c.o
/usr/bin/gcc -DHAVE_STRUCT_STATVFS_F_IOSIZE  -w     -D_DEFAULT_SOURCE -D_BSD_SOURCE -D_XOPEN_SOURCE=600 -o CMakeFiles/cmTC_b27c2.dir/src.c.o -c /home/nineis/ws/gpt-frontend/tvm/temp/cmake-3.24.1/CMakeFiles/CMakeTmp/src.c
/home/nineis/ws/gpt-frontend/tvm/temp/cmake-3.24.1/CMakeFiles/CMakeTmp/src.c: In function 'main':
/home/nineis/ws/gpt-frontend/tvm/temp/cmake-3.24.1/CMakeFiles/CMakeTmp/src.c:7:39: error: 'struct statvfs' has no member named 'f_iosize'; did you mean 'f_bsize'?
   (void)sizeof(((struct statvfs *)0)->f_iosize);
                                       ^~~~~~~~
                                       f_bsize
CMakeFiles/cmTC_b27c2.dir/build.make:77: recipe for target 'CMakeFiles/cmTC_b27c2.dir/src.c.o' failed
make[1]: *** [CMakeFiles/cmTC_b27c2.dir/src.c.o] Error 1
make[1]: Leaving directory '/home/nineis/ws/gpt-frontend/tvm/temp/cmake-3.24.1/CMakeFiles/CMakeTmp'
Makefile:127: recipe for target 'cmTC_b27c2/fast' failed
make: *** [cmTC_b27c2/fast] Error 2


Source file was:

#include <sys/types.h>
#include <sys/statvfs.h>

int main()
{
  (void)sizeof(((struct statvfs *)0)->f_iosize);
  return 0;
}

Checking for curses support failed with the following output:
Change Dir: /home/nineis/ws/gpt-frontend/tvm/temp/cmake-3.24.1/Source/Checks/Curses-build

Run Build Command(s):/usr/bin/make -f Makefile CheckCurses && make: *** No rule to make target 'CheckCurses'.  Stop.



Looking for a Fortran compiler failed with the following output:
-- The Fortran compiler identification is unknown
CMake Error at CMakeLists.txt:2 (project):
  No CMAKE_Fortran_COMPILER could be found.

  Tell CMake where to find the compiler by setting either the environment
  variable "FC" or the CMake cache entry CMAKE_Fortran_COMPILER to the full
  path to the compiler, or to the compiler name if it is in the PATH.


-- Configuring incomplete, errors occurred!
See also "/home/nineis/ws/gpt-frontend/tvm/temp/cmake-3.24.1/Tests/CMakeFiles/CheckFortran/CMakeFiles/CMakeOutput.log".
See also "/home/nineis/ws/gpt-frontend/tvm/temp/cmake-3.24.1/Tests/CMakeFiles/CheckFortran/CMakeFiles/CMakeError.log".

